[ 2014-05-08T11:36:02+08:00 ] 127.0.0.1 /GoGoJP/index.php?url=Home/Index/getCurrentUser
INFO: [ app_init ] --START--
INFO: Run Behavior\BuildLiteBehavior [ RunTime:0.000000s ]
INFO: [ app_init ] --END-- [ RunTime:0.000000s ]
INFO: [ app_begin ] --START--
INFO: Run Behavior\ReadHtmlCacheBehavior [ RunTime:0.001000s ]
INFO: [ app_begin ] --END-- [ RunTime:0.001000s ]
NOTIC: [8192] mysql_connect(): The mysql extension is deprecated and will be removed in the future: use mysqli or PDO instead D:\Apache24\htdocs\GoGoJP\ThinkPHP\Library\Think\Db\Driver\Mysql.class.php 第 52 行.
SQL: SHOW COLUMNS FROM `gogojp_user` [ RunTime:0.023001s ]

[ 2014-05-08T11:38:34+08:00 ] 127.0.0.1 /GoGoJP/index.php?url=Home/Index/login
INFO: [ app_init ] --START--
INFO: Run Behavior\BuildLiteBehavior [ RunTime:0.000000s ]
INFO: [ app_init ] --END-- [ RunTime:0.001000s ]
INFO: [ app_begin ] --START--
INFO: Run Behavior\ReadHtmlCacheBehavior [ RunTime:0.001000s ]
INFO: [ app_begin ] --END-- [ RunTime:0.001000s ]
NOTIC: [8192] mysql_connect(): The mysql extension is deprecated and will be removed in the future: use mysqli or PDO instead D:\Apache24\htdocs\GoGoJP\ThinkPHP\Library\Think\Db\Driver\Mysql.class.php 第 52 行.
SQL: SHOW COLUMNS FROM `gogojp_user` [ RunTime:0.004001s ]
SQL: SELECT * FROM `gogojp_user` WHERE ( `user_name` = 'test' ) AND ( `password` = '96e79218965eb72c92a549dd5a330112' ) LIMIT 1   [ RunTime:0.000000s ]
NOTIC: [8] Trying to get property of non-object D:\Apache24\htdocs\GoGoJP\Application\Home\Model\UserModel.class.php 第 111 行.

[ 2014-05-08T11:38:34+08:00 ] 127.0.0.1 /GoGoJP/index.php?url=Home/Index/getCurrentUser
INFO: [ app_init ] --START--
INFO: Run Behavior\BuildLiteBehavior [ RunTime:0.000000s ]
INFO: [ app_init ] --END-- [ RunTime:0.000000s ]
INFO: [ app_begin ] --START--
INFO: Run Behavior\ReadHtmlCacheBehavior [ RunTime:0.001000s ]
INFO: [ app_begin ] --END-- [ RunTime:0.001000s ]
NOTIC: [8192] mysql_connect(): The mysql extension is deprecated and will be removed in the future: use mysqli or PDO instead D:\Apache24\htdocs\GoGoJP\ThinkPHP\Library\Think\Db\Driver\Mysql.class.php 第 52 行.
SQL: SHOW COLUMNS FROM `gogojp_user` [ RunTime:0.006000s ]
NOTIC: [8] Undefined offset: 1 D:\Apache24\htdocs\GoGoJP\ThinkPHP\Library\Think\Db\Driver\Pdo.class.php 第 63 行.
NOTIC: [8] Undefined index: DB_DSN D:\Apache24\htdocs\GoGoJP\ThinkPHP\Library\Think\Db\Driver\Pdo.class.php 第 68 行.
SQL: select *  from gogojp_user where user_id=:user_id[ Array
(
    [:user_id] => 1
)
 ] [ RunTime:0.000000s ]

[ 2014-05-08T11:40:33+08:00 ] 127.0.0.1 /GoGoJP/index.php?url=Home/Index/getCurrentUser
INFO: [ app_init ] --START--
INFO: Run Behavior\BuildLiteBehavior [ RunTime:0.000000s ]
INFO: [ app_init ] --END-- [ RunTime:0.000000s ]
INFO: [ app_begin ] --START--
INFO: Run Behavior\ReadHtmlCacheBehavior [ RunTime:0.001000s ]
INFO: [ app_begin ] --END-- [ RunTime:0.001000s ]
NOTIC: [8192] mysql_connect(): The mysql extension is deprecated and will be removed in the future: use mysqli or PDO instead D:\Apache24\htdocs\GoGoJP\ThinkPHP\Library\Think\Db\Driver\Mysql.class.php 第 52 行.
SQL: SHOW COLUMNS FROM `gogojp_user` [ RunTime:0.005001s ]
NOTIC: [8] Undefined offset: 1 D:\Apache24\htdocs\GoGoJP\ThinkPHP\Library\Think\Db\Driver\Pdo.class.php 第 63 行.
NOTIC: [8] Undefined index: DB_DSN D:\Apache24\htdocs\GoGoJP\ThinkPHP\Library\Think\Db\Driver\Pdo.class.php 第 68 行.
SQL: select *  from gogojp_user where user_id=:user_id[ Array
(
    [:user_id] => 1
)
 ] [ RunTime:0.001000s ]

[ 2014-05-08T11:40:47+08:00 ] 127.0.0.1 /GoGoJP/index.php?url=Home/Index/getCurrentUser
INFO: [ app_init ] --START--
INFO: Run Behavior\BuildLiteBehavior [ RunTime:0.000000s ]
INFO: [ app_init ] --END-- [ RunTime:0.000000s ]
INFO: [ app_begin ] --START--
INFO: Run Behavior\ReadHtmlCacheBehavior [ RunTime:0.000000s ]
INFO: [ app_begin ] --END-- [ RunTime:0.001000s ]
NOTIC: [8192] mysql_connect(): The mysql extension is deprecated and will be removed in the future: use mysqli or PDO instead D:\Apache24\htdocs\GoGoJP\ThinkPHP\Library\Think\Db\Driver\Mysql.class.php 第 52 行.
SQL: SHOW COLUMNS FROM `gogojp_user` [ RunTime:0.004000s ]
NOTIC: [8] Undefined offset: 1 D:\Apache24\htdocs\GoGoJP\ThinkPHP\Library\Think\Db\Driver\Pdo.class.php 第 63 行.
NOTIC: [8] Undefined index: DB_DSN D:\Apache24\htdocs\GoGoJP\ThinkPHP\Library\Think\Db\Driver\Pdo.class.php 第 68 行.
SQL: select *  from gogojp_user where user_id=:user_id[ Array
(
    [:user_id] => 1
)
 ] [ RunTime:0.001000s ]

[ 2014-05-08T11:41:33+08:00 ] 127.0.0.1 /GoGoJP/index.php?url=Home/Index/getCurrentUser
INFO: [ app_init ] --START--
INFO: Run Behavior\BuildLiteBehavior [ RunTime:0.000000s ]
INFO: [ app_init ] --END-- [ RunTime:0.000000s ]
INFO: [ app_begin ] --START--
INFO: Run Behavior\ReadHtmlCacheBehavior [ RunTime:0.001000s ]
INFO: [ app_begin ] --END-- [ RunTime:0.001000s ]
NOTIC: [8192] mysql_connect(): The mysql extension is deprecated and will be removed in the future: use mysqli or PDO instead D:\Apache24\htdocs\GoGoJP\ThinkPHP\Library\Think\Db\Driver\Mysql.class.php 第 52 行.
SQL: SHOW COLUMNS FROM `gogojp_user` [ RunTime:0.005001s ]
NOTIC: [8] Undefined offset: 1 D:\Apache24\htdocs\GoGoJP\ThinkPHP\Library\Think\Db\Driver\Pdo.class.php 第 63 行.
NOTIC: [8] Undefined index: DB_DSN D:\Apache24\htdocs\GoGoJP\ThinkPHP\Library\Think\Db\Driver\Pdo.class.php 第 68 行.
SQL: select *  from gogojp_user where user_id=:user_id[ Array
(
    [:user_id] => 1
)
 ] [ RunTime:0.000000s ]

[ 2014-05-08T11:42:08+08:00 ] 127.0.0.1 /GoGoJP/index.php?url=Home/Index/getCurrentUser
INFO: [ app_init ] --START--
INFO: Run Behavior\BuildLiteBehavior [ RunTime:0.000000s ]
INFO: [ app_init ] --END-- [ RunTime:0.000000s ]
INFO: [ app_begin ] --START--
INFO: Run Behavior\ReadHtmlCacheBehavior [ RunTime:0.001000s ]
INFO: [ app_begin ] --END-- [ RunTime:0.001000s ]
NOTIC: [8192] mysql_connect(): The mysql extension is deprecated and will be removed in the future: use mysqli or PDO instead D:\Apache24\htdocs\GoGoJP\ThinkPHP\Library\Think\Db\Driver\Mysql.class.php 第 52 行.
SQL: SHOW COLUMNS FROM `gogojp_user` [ RunTime:0.005001s ]
NOTIC: [8] Undefined offset: 1 D:\Apache24\htdocs\GoGoJP\ThinkPHP\Library\Think\Db\Driver\Pdo.class.php 第 63 行.
NOTIC: [8] Undefined index: DB_DSN D:\Apache24\htdocs\GoGoJP\ThinkPHP\Library\Think\Db\Driver\Pdo.class.php 第 68 行.
SQL: select *  from gogojp_user where user_id=:user_id[ Array
(
    [:user_id] => 1
)
 ] [ RunTime:0.000000s ]

[ 2014-05-08T11:42:56+08:00 ] 127.0.0.1 /GoGoJP/index.php?url=Home/Index/getCurrentUser
INFO: [ app_init ] --START--
INFO: Run Behavior\BuildLiteBehavior [ RunTime:0.000000s ]
INFO: [ app_init ] --END-- [ RunTime:0.000000s ]
INFO: [ app_begin ] --START--
INFO: Run Behavior\ReadHtmlCacheBehavior [ RunTime:0.001000s ]
INFO: [ app_begin ] --END-- [ RunTime:0.001000s ]
NOTIC: [8192] mysql_connect(): The mysql extension is deprecated and will be removed in the future: use mysqli or PDO instead D:\Apache24\htdocs\GoGoJP\ThinkPHP\Library\Think\Db\Driver\Mysql.class.php 第 52 行.
SQL: SHOW COLUMNS FROM `gogojp_user` [ RunTime:0.004001s ]
NOTIC: [8] Undefined offset: 1 D:\Apache24\htdocs\GoGoJP\ThinkPHP\Library\Think\Db\Driver\Pdo.class.php 第 63 行.
NOTIC: [8] Undefined index: DB_DSN D:\Apache24\htdocs\GoGoJP\ThinkPHP\Library\Think\Db\Driver\Pdo.class.php 第 68 行.
SQL: select *  from gogojp_user where user_id=:user_id[ Array
(
    [:user_id] => 1
)
 ] [ RunTime:0.000000s ]

[ 2014-05-08T11:43:54+08:00 ] 127.0.0.1 /GoGoJP/index.php?url=Home/Index/getCurrentUser
INFO: [ app_init ] --START--
INFO: Run Behavior\BuildLiteBehavior [ RunTime:0.000000s ]
INFO: [ app_init ] --END-- [ RunTime:0.000000s ]
INFO: [ app_begin ] --START--
INFO: Run Behavior\ReadHtmlCacheBehavior [ RunTime:0.001001s ]
INFO: [ app_begin ] --END-- [ RunTime:0.001001s ]
NOTIC: [8192] mysql_connect(): The mysql extension is deprecated and will be removed in the future: use mysqli or PDO instead D:\Apache24\htdocs\GoGoJP\ThinkPHP\Library\Think\Db\Driver\Mysql.class.php 第 52 行.
SQL: SHOW COLUMNS FROM `gogojp_user` [ RunTime:0.005000s ]
NOTIC: [8] Undefined offset: 1 D:\Apache24\htdocs\GoGoJP\ThinkPHP\Library\Think\Db\Driver\Pdo.class.php 第 63 行.
NOTIC: [8] Undefined index: DB_DSN D:\Apache24\htdocs\GoGoJP\ThinkPHP\Library\Think\Db\Driver\Pdo.class.php 第 68 行.
SQL: select *  from gogojp_user where user_id=:user_id[ Array
(
    [:user_id] => 1
)
 ] [ RunTime:0.000000s ]

[ 2014-05-08T11:44:46+08:00 ] 127.0.0.1 /GoGoJP/index.php?url=Home/Index/getCurrentUser
INFO: [ app_init ] --START--
INFO: Run Behavior\BuildLiteBehavior [ RunTime:0.000000s ]
INFO: [ app_init ] --END-- [ RunTime:0.001000s ]
INFO: [ app_begin ] --START--
INFO: Run Behavior\ReadHtmlCacheBehavior [ RunTime:0.000000s ]
INFO: [ app_begin ] --END-- [ RunTime:0.000000s ]
NOTIC: [8192] mysql_connect(): The mysql extension is deprecated and will be removed in the future: use mysqli or PDO instead D:\Apache24\htdocs\GoGoJP\ThinkPHP\Library\Think\Db\Driver\Mysql.class.php 第 52 行.
SQL: SHOW COLUMNS FROM `gogojp_user` [ RunTime:0.006000s ]
NOTIC: [8] Undefined offset: 1 D:\Apache24\htdocs\GoGoJP\ThinkPHP\Library\Think\Db\Driver\Pdo.class.php 第 63 行.
NOTIC: [8] Undefined index: DB_DSN D:\Apache24\htdocs\GoGoJP\ThinkPHP\Library\Think\Db\Driver\Pdo.class.php 第 68 行.
SQL: select *  from gogojp_user where user_id=:user_id[ Array
(
    [:user_id] => 1
)
 ] [ RunTime:0.001000s ]

[ 2014-05-08T11:45:28+08:00 ] 127.0.0.1 /GoGoJP/index.php?url=Home/Index/getCurrentUser
INFO: [ app_init ] --START--
INFO: Run Behavior\BuildLiteBehavior [ RunTime:0.000000s ]
INFO: [ app_init ] --END-- [ RunTime:0.000000s ]
INFO: [ app_begin ] --START--
INFO: Run Behavior\ReadHtmlCacheBehavior [ RunTime:0.001000s ]
INFO: [ app_begin ] --END-- [ RunTime:0.001000s ]
NOTIC: [8192] mysql_connect(): The mysql extension is deprecated and will be removed in the future: use mysqli or PDO instead D:\Apache24\htdocs\GoGoJP\ThinkPHP\Library\Think\Db\Driver\Mysql.class.php 第 52 行.
SQL: SHOW COLUMNS FROM `gogojp_user` [ RunTime:0.006001s ]
NOTIC: [8] Undefined offset: 1 D:\Apache24\htdocs\GoGoJP\ThinkPHP\Library\Think\Db\Driver\Pdo.class.php 第 63 行.
NOTIC: [8] Undefined index: DB_DSN D:\Apache24\htdocs\GoGoJP\ThinkPHP\Library\Think\Db\Driver\Pdo.class.php 第 68 行.
SQL: select *  from gogojp_user where user_id=:user_id[ Array
(
    [:user_id] => 1
)
 ] [ RunTime:0.001000s ]

[ 2014-05-08T11:45:34+08:00 ] 127.0.0.1 /GoGoJP/index.php?url=Home/Index/getCurrentUser
INFO: [ app_init ] --START--
INFO: Run Behavior\BuildLiteBehavior [ RunTime:0.000000s ]
INFO: [ app_init ] --END-- [ RunTime:0.001001s ]
INFO: [ app_begin ] --START--
INFO: Run Behavior\ReadHtmlCacheBehavior [ RunTime:0.001000s ]
INFO: [ app_begin ] --END-- [ RunTime:0.001000s ]
NOTIC: [8192] mysql_connect(): The mysql extension is deprecated and will be removed in the future: use mysqli or PDO instead D:\Apache24\htdocs\GoGoJP\ThinkPHP\Library\Think\Db\Driver\Mysql.class.php 第 52 行.
SQL: SHOW COLUMNS FROM `gogojp_user` [ RunTime:0.006001s ]
NOTIC: [8] Undefined offset: 1 D:\Apache24\htdocs\GoGoJP\ThinkPHP\Library\Think\Db\Driver\Pdo.class.php 第 63 行.
NOTIC: [8] Undefined index: DB_DSN D:\Apache24\htdocs\GoGoJP\ThinkPHP\Library\Think\Db\Driver\Pdo.class.php 第 68 行.
SQL: select *  from gogojp_user where user_id=:user_id[ Array
(
    [:user_id] => 1
)
 ] [ RunTime:0.001000s ]

[ 2014-05-08T11:45:47+08:00 ] 127.0.0.1 /GoGoJP/index.php?url=Home/Index/getCurrentUser
INFO: [ app_init ] --START--
INFO: Run Behavior\BuildLiteBehavior [ RunTime:0.000000s ]
INFO: [ app_init ] --END-- [ RunTime:0.001000s ]
INFO: [ app_begin ] --START--
INFO: Run Behavior\ReadHtmlCacheBehavior [ RunTime:0.000000s ]
INFO: [ app_begin ] --END-- [ RunTime:0.001000s ]
NOTIC: [8192] mysql_connect(): The mysql extension is deprecated and will be removed in the future: use mysqli or PDO instead D:\Apache24\htdocs\GoGoJP\ThinkPHP\Library\Think\Db\Driver\Mysql.class.php 第 52 行.
SQL: SHOW COLUMNS FROM `gogojp_user` [ RunTime:0.007000s ]
NOTIC: [8] Undefined offset: 1 D:\Apache24\htdocs\GoGoJP\ThinkPHP\Library\Think\Db\Driver\Pdo.class.php 第 63 行.
NOTIC: [8] Undefined index: DB_DSN D:\Apache24\htdocs\GoGoJP\ThinkPHP\Library\Think\Db\Driver\Pdo.class.php 第 68 行.
SQL: select *  from gogojp_user where user_id=:user_id[ Array
(
    [:user_id] => 1
)
 ] [ RunTime:0.001000s ]

[ 2014-05-08T11:47:43+08:00 ] 127.0.0.1 /GoGoJP/index.php?url=Home/Index/getCurrentUser
INFO: [ app_init ] --START--
INFO: Run Behavior\BuildLiteBehavior [ RunTime:0.000000s ]
INFO: [ app_init ] --END-- [ RunTime:0.000000s ]
INFO: [ app_begin ] --START--
INFO: Run Behavior\ReadHtmlCacheBehavior [ RunTime:0.001000s ]
INFO: [ app_begin ] --END-- [ RunTime:0.001000s ]
NOTIC: [8192] mysql_connect(): The mysql extension is deprecated and will be removed in the future: use mysqli or PDO instead D:\Apache24\htdocs\GoGoJP\ThinkPHP\Library\Think\Db\Driver\Mysql.class.php 第 52 行.
SQL: SHOW COLUMNS FROM `gogojp_user` [ RunTime:0.005000s ]
NOTIC: [8] Undefined offset: 1 D:\Apache24\htdocs\GoGoJP\ThinkPHP\Library\Think\Db\Driver\Pdo.class.php 第 63 行.
NOTIC: [8] Undefined index: DB_DSN D:\Apache24\htdocs\GoGoJP\ThinkPHP\Library\Think\Db\Driver\Pdo.class.php 第 68 行.
SQL: select *  from gogojp_user where user_id=:user_id[ Array
(
    [:user_id] => 1
)
 ] [ RunTime:0.001000s ]

[ 2014-05-08T11:48:04+08:00 ] 127.0.0.1 /GoGoJP/index.php?url=Home/Index/getCurrentUser
INFO: [ app_init ] --START--
INFO: Run Behavior\BuildLiteBehavior [ RunTime:0.001000s ]
INFO: [ app_init ] --END-- [ RunTime:0.001000s ]
INFO: [ app_begin ] --START--
INFO: Run Behavior\ReadHtmlCacheBehavior [ RunTime:0.001000s ]
INFO: [ app_begin ] --END-- [ RunTime:0.001000s ]
NOTIC: [8192] mysql_connect(): The mysql extension is deprecated and will be removed in the future: use mysqli or PDO instead D:\Apache24\htdocs\GoGoJP\ThinkPHP\Library\Think\Db\Driver\Mysql.class.php 第 52 行.
SQL: SHOW COLUMNS FROM `gogojp_user` [ RunTime:0.006000s ]
NOTIC: [8] Undefined offset: 1 D:\Apache24\htdocs\GoGoJP\ThinkPHP\Library\Think\Db\Driver\Pdo.class.php 第 63 行.
NOTIC: [8] Undefined index: DB_DSN D:\Apache24\htdocs\GoGoJP\ThinkPHP\Library\Think\Db\Driver\Pdo.class.php 第 68 行.
SQL: select *  from gogojp_user where user_id=:user_id[ Array
(
    [:user_id] => 1
)
 ] [ RunTime:0.000000s ]

[ 2014-05-08T11:48:21+08:00 ] 127.0.0.1 /GoGoJP/index.php?url=Home/Index/getCurrentUser
INFO: [ app_init ] --START--
INFO: Run Behavior\BuildLiteBehavior [ RunTime:0.000000s ]
INFO: [ app_init ] --END-- [ RunTime:0.001000s ]
INFO: [ app_begin ] --START--
INFO: Run Behavior\ReadHtmlCacheBehavior [ RunTime:0.001000s ]
INFO: [ app_begin ] --END-- [ RunTime:0.001000s ]
NOTIC: [8192] mysql_connect(): The mysql extension is deprecated and will be removed in the future: use mysqli or PDO instead D:\Apache24\htdocs\GoGoJP\ThinkPHP\Library\Think\Db\Driver\Mysql.class.php 第 52 行.
SQL: SHOW COLUMNS FROM `gogojp_user` [ RunTime:0.005001s ]
NOTIC: [8] Undefined offset: 1 D:\Apache24\htdocs\GoGoJP\ThinkPHP\Library\Think\Db\Driver\Pdo.class.php 第 63 行.
NOTIC: [8] Undefined index: DB_DSN D:\Apache24\htdocs\GoGoJP\ThinkPHP\Library\Think\Db\Driver\Pdo.class.php 第 68 行.
SQL: select *  from gogojp_user where user_id=:user_id[ Array
(
    [:user_id] => 1
)
 ] [ RunTime:0.001000s ]

[ 2014-05-08T11:49:11+08:00 ] 127.0.0.1 /GoGoJP/index.php?url=Home/Index/getCurrentUser
INFO: [ app_init ] --START--
INFO: Run Behavior\BuildLiteBehavior [ RunTime:0.000000s ]
INFO: [ app_init ] --END-- [ RunTime:0.001000s ]
INFO: [ app_begin ] --START--
INFO: Run Behavior\ReadHtmlCacheBehavior [ RunTime:0.001000s ]
INFO: [ app_begin ] --END-- [ RunTime:0.001000s ]
NOTIC: [8192] mysql_connect(): The mysql extension is deprecated and will be removed in the future: use mysqli or PDO instead D:\Apache24\htdocs\GoGoJP\ThinkPHP\Library\Think\Db\Driver\Mysql.class.php 第 52 行.
SQL: SHOW COLUMNS FROM `gogojp_user` [ RunTime:0.005000s ]
NOTIC: [8] Undefined offset: 1 D:\Apache24\htdocs\GoGoJP\ThinkPHP\Library\Think\Db\Driver\Pdo.class.php 第 63 行.
NOTIC: [8] Undefined index: DB_DSN D:\Apache24\htdocs\GoGoJP\ThinkPHP\Library\Think\Db\Driver\Pdo.class.php 第 68 行.
SQL: select *  from gogojp_user where user_id=:user_id[ Array
(
    [:user_id] => 1
)
 ] [ RunTime:0.000000s ]

[ 2014-05-08T11:49:19+08:00 ] 127.0.0.1 /GoGoJP/index.php?url=Home/Index/getCurrentUser
INFO: [ app_init ] --START--
INFO: Run Behavior\BuildLiteBehavior [ RunTime:0.000000s ]
INFO: [ app_init ] --END-- [ RunTime:0.000000s ]
INFO: [ app_begin ] --START--
INFO: Run Behavior\ReadHtmlCacheBehavior [ RunTime:0.001000s ]
INFO: [ app_begin ] --END-- [ RunTime:0.001000s ]
NOTIC: [8192] mysql_connect(): The mysql extension is deprecated and will be removed in the future: use mysqli or PDO instead D:\Apache24\htdocs\GoGoJP\ThinkPHP\Library\Think\Db\Driver\Mysql.class.php 第 52 行.
SQL: SHOW COLUMNS FROM `gogojp_user` [ RunTime:0.005000s ]
NOTIC: [8] Undefined offset: 1 D:\Apache24\htdocs\GoGoJP\ThinkPHP\Library\Think\Db\Driver\Pdo.class.php 第 63 行.
NOTIC: [8] Undefined index: DB_DSN D:\Apache24\htdocs\GoGoJP\ThinkPHP\Library\Think\Db\Driver\Pdo.class.php 第 68 行.
SQL: select *  from gogojp_user where user_id=:user_id[ Array
(
    [:user_id] => 1
)
 ] [ RunTime:0.001000s ]

[ 2014-05-08T11:49:21+08:00 ] 127.0.0.1 /GoGoJP/index.php?url=Home/Index/getCurrentUser
INFO: [ app_init ] --START--
INFO: Run Behavior\BuildLiteBehavior [ RunTime:0.000000s ]
INFO: [ app_init ] --END-- [ RunTime:0.000000s ]
INFO: [ app_begin ] --START--
INFO: Run Behavior\ReadHtmlCacheBehavior [ RunTime:0.001000s ]
INFO: [ app_begin ] --END-- [ RunTime:0.001000s ]
NOTIC: [8192] mysql_connect(): The mysql extension is deprecated and will be removed in the future: use mysqli or PDO instead D:\Apache24\htdocs\GoGoJP\ThinkPHP\Library\Think\Db\Driver\Mysql.class.php 第 52 行.
SQL: SHOW COLUMNS FROM `gogojp_user` [ RunTime:0.005000s ]
NOTIC: [8] Undefined offset: 1 D:\Apache24\htdocs\GoGoJP\ThinkPHP\Library\Think\Db\Driver\Pdo.class.php 第 63 行.
NOTIC: [8] Undefined index: DB_DSN D:\Apache24\htdocs\GoGoJP\ThinkPHP\Library\Think\Db\Driver\Pdo.class.php 第 68 行.
SQL: select *  from gogojp_user where user_id=:user_id[ Array
(
    [:user_id] => 1
)
 ] [ RunTime:0.001000s ]

[ 2014-05-08T11:49:27+08:00 ] 127.0.0.1 /GoGoJP/index.php?url=Home/Index/getCurrentUser
INFO: [ app_init ] --START--
INFO: Run Behavior\BuildLiteBehavior [ RunTime:0.000000s ]
INFO: [ app_init ] --END-- [ RunTime:0.000000s ]
INFO: [ app_begin ] --START--
INFO: Run Behavior\ReadHtmlCacheBehavior [ RunTime:0.001001s ]
INFO: [ app_begin ] --END-- [ RunTime:0.001001s ]
NOTIC: [8192] mysql_connect(): The mysql extension is deprecated and will be removed in the future: use mysqli or PDO instead D:\Apache24\htdocs\GoGoJP\ThinkPHP\Library\Think\Db\Driver\Mysql.class.php 第 52 行.
SQL: SHOW COLUMNS FROM `gogojp_user` [ RunTime:0.005000s ]
NOTIC: [8] Undefined offset: 1 D:\Apache24\htdocs\GoGoJP\ThinkPHP\Library\Think\Db\Driver\Pdo.class.php 第 63 行.
NOTIC: [8] Undefined index: DB_DSN D:\Apache24\htdocs\GoGoJP\ThinkPHP\Library\Think\Db\Driver\Pdo.class.php 第 68 行.
SQL: select *  from gogojp_user where user_id=:user_id[ Array
(
    [:user_id] => 1
)
 ] [ RunTime:0.001001s ]

[ 2014-05-08T11:49:45+08:00 ] 127.0.0.1 /GoGoJP/index.php?url=Home/Index/getCurrentUser
INFO: [ app_init ] --START--
INFO: Run Behavior\BuildLiteBehavior [ RunTime:0.000000s ]
INFO: [ app_init ] --END-- [ RunTime:0.000000s ]
INFO: [ app_begin ] --START--
INFO: Run Behavior\ReadHtmlCacheBehavior [ RunTime:0.001000s ]
INFO: [ app_begin ] --END-- [ RunTime:0.001000s ]
NOTIC: [8192] mysql_connect(): The mysql extension is deprecated and will be removed in the future: use mysqli or PDO instead D:\Apache24\htdocs\GoGoJP\ThinkPHP\Library\Think\Db\Driver\Mysql.class.php 第 52 行.
SQL: SHOW COLUMNS FROM `gogojp_user` [ RunTime:0.006000s ]
NOTIC: [8] Undefined offset: 1 D:\Apache24\htdocs\GoGoJP\ThinkPHP\Library\Think\Db\Driver\Pdo.class.php 第 63 行.
NOTIC: [8] Undefined index: DB_DSN D:\Apache24\htdocs\GoGoJP\ThinkPHP\Library\Think\Db\Driver\Pdo.class.php 第 68 行.
SQL: select *  from gogojp_user where user_id=:user_id[ Array
(
    [:user_id] => 1
)
 ] [ RunTime:0.000000s ]

[ 2014-05-08T11:50:25+08:00 ] 127.0.0.1 /GoGoJP/index.php?url=Home/Index/getCurrentUser
INFO: [ app_init ] --START--
INFO: Run Behavior\BuildLiteBehavior [ RunTime:0.000000s ]
INFO: [ app_init ] --END-- [ RunTime:0.001000s ]
INFO: [ app_begin ] --START--
INFO: Run Behavior\ReadHtmlCacheBehavior [ RunTime:0.000000s ]
INFO: [ app_begin ] --END-- [ RunTime:0.000000s ]
NOTIC: [8192] mysql_connect(): The mysql extension is deprecated and will be removed in the future: use mysqli or PDO instead D:\Apache24\htdocs\GoGoJP\ThinkPHP\Library\Think\Db\Driver\Mysql.class.php 第 52 行.
SQL: SHOW COLUMNS FROM `gogojp_user` [ RunTime:0.005001s ]
NOTIC: [8] Undefined offset: 1 D:\Apache24\htdocs\GoGoJP\ThinkPHP\Library\Think\Db\Driver\Pdo.class.php 第 63 行.
NOTIC: [8] Undefined index: DB_DSN D:\Apache24\htdocs\GoGoJP\ThinkPHP\Library\Think\Db\Driver\Pdo.class.php 第 68 行.
SQL: select *  from gogojp_user where user_id=:user_id[ Array
(
    [:user_id] => 1
)
 ] [ RunTime:0.000000s ]

[ 2014-05-08T11:51:25+08:00 ] 127.0.0.1 /GoGoJP/index.php?url=Home/Index/getCurrentUser
INFO: [ app_init ] --START--
INFO: Run Behavior\BuildLiteBehavior [ RunTime:0.000000s ]
INFO: [ app_init ] --END-- [ RunTime:0.001000s ]
INFO: [ app_begin ] --START--
INFO: Run Behavior\ReadHtmlCacheBehavior [ RunTime:0.001000s ]
INFO: [ app_begin ] --END-- [ RunTime:0.001000s ]
NOTIC: [8192] mysql_connect(): The mysql extension is deprecated and will be removed in the future: use mysqli or PDO instead D:\Apache24\htdocs\GoGoJP\ThinkPHP\Library\Think\Db\Driver\Mysql.class.php 第 52 行.
SQL: SHOW COLUMNS FROM `gogojp_user` [ RunTime:0.006000s ]
NOTIC: [8] Undefined offset: 1 D:\Apache24\htdocs\GoGoJP\ThinkPHP\Library\Think\Db\Driver\Pdo.class.php 第 63 行.
NOTIC: [8] Undefined index: DB_DSN D:\Apache24\htdocs\GoGoJP\ThinkPHP\Library\Think\Db\Driver\Pdo.class.php 第 68 行.
SQL: select *  from gogojp_user where user_id=:user_id[ Array
(
    [:user_id] => 1
)
 ] [ RunTime:0.001000s ]

[ 2014-05-08T11:52:21+08:00 ] 127.0.0.1 /GoGoJP/index.php?url=Home/Index/getCurrentUser
INFO: [ app_init ] --START--
INFO: Run Behavior\BuildLiteBehavior [ RunTime:0.000000s ]
INFO: [ app_init ] --END-- [ RunTime:0.001000s ]
INFO: [ app_begin ] --START--
INFO: Run Behavior\ReadHtmlCacheBehavior [ RunTime:0.001000s ]
INFO: [ app_begin ] --END-- [ RunTime:0.001000s ]
NOTIC: [8192] mysql_connect(): The mysql extension is deprecated and will be removed in the future: use mysqli or PDO instead D:\Apache24\htdocs\GoGoJP\ThinkPHP\Library\Think\Db\Driver\Mysql.class.php 第 52 行.
SQL: SHOW COLUMNS FROM `gogojp_user` [ RunTime:0.006000s ]
NOTIC: [8] Undefined offset: 1 D:\Apache24\htdocs\GoGoJP\ThinkPHP\Library\Think\Db\Driver\Pdo.class.php 第 63 行.
NOTIC: [8] Undefined index: DB_DSN D:\Apache24\htdocs\GoGoJP\ThinkPHP\Library\Think\Db\Driver\Pdo.class.php 第 68 行.
SQL: select *  from gogojp_user where user_id=:user_id[ Array
(
    [:user_id] => 1
)
 ] [ RunTime:0.000000s ]

[ 2014-05-08T11:52:43+08:00 ] 127.0.0.1 /GoGoJP/index.php?url=Home/Index/getCurrentUser
INFO: [ app_init ] --START--
INFO: Run Behavior\BuildLiteBehavior [ RunTime:0.000000s ]
INFO: [ app_init ] --END-- [ RunTime:0.000000s ]
INFO: [ app_begin ] --START--
INFO: Run Behavior\ReadHtmlCacheBehavior [ RunTime:0.000000s ]
INFO: [ app_begin ] --END-- [ RunTime:0.001001s ]
NOTIC: [8192] mysql_connect(): The mysql extension is deprecated and will be removed in the future: use mysqli or PDO instead D:\Apache24\htdocs\GoGoJP\ThinkPHP\Library\Think\Db\Driver\Mysql.class.php 第 52 行.
SQL: SHOW COLUMNS FROM `gogojp_user` [ RunTime:0.006000s ]
NOTIC: [8] Undefined offset: 1 D:\Apache24\htdocs\GoGoJP\ThinkPHP\Library\Think\Db\Driver\Pdo.class.php 第 63 行.
NOTIC: [8] Undefined index: DB_DSN D:\Apache24\htdocs\GoGoJP\ThinkPHP\Library\Think\Db\Driver\Pdo.class.php 第 68 行.
SQL: select *  from gogojp_user where user_id=:user_id[ Array
(
    [:user_id] => 1
)
 ] [ RunTime:0.000000s ]

[ 2014-05-08T11:52:57+08:00 ] 127.0.0.1 /GoGoJP/index.php?url=Home/Index/getCurrentUser
INFO: [ app_init ] --START--
INFO: Run Behavior\BuildLiteBehavior [ RunTime:0.000000s ]
INFO: [ app_init ] --END-- [ RunTime:0.001000s ]
INFO: [ app_begin ] --START--
INFO: Run Behavior\ReadHtmlCacheBehavior [ RunTime:0.001000s ]
INFO: [ app_begin ] --END-- [ RunTime:0.001000s ]
NOTIC: [8192] mysql_connect(): The mysql extension is deprecated and will be removed in the future: use mysqli or PDO instead D:\Apache24\htdocs\GoGoJP\ThinkPHP\Library\Think\Db\Driver\Mysql.class.php 第 52 行.
SQL: SHOW COLUMNS FROM `gogojp_user` [ RunTime:0.005001s ]
NOTIC: [8] Undefined offset: 1 D:\Apache24\htdocs\GoGoJP\ThinkPHP\Library\Think\Db\Driver\Pdo.class.php 第 63 行.
NOTIC: [8] Undefined index: DB_DSN D:\Apache24\htdocs\GoGoJP\ThinkPHP\Library\Think\Db\Driver\Pdo.class.php 第 68 行.
SQL: select *  from gogojp_user where user_id=:user_id[ Array
(
    [:user_id] => 1
)
 ] [ RunTime:0.001000s ]

[ 2014-05-08T11:53:57+08:00 ] 127.0.0.1 /GoGoJP/index.php?url=Home/Index/getCurrentUser
INFO: [ app_init ] --START--
INFO: Run Behavior\BuildLiteBehavior [ RunTime:0.000000s ]
INFO: [ app_init ] --END-- [ RunTime:0.001000s ]
INFO: [ app_begin ] --START--
INFO: Run Behavior\ReadHtmlCacheBehavior [ RunTime:0.001000s ]
INFO: [ app_begin ] --END-- [ RunTime:0.001000s ]
NOTIC: [8192] mysql_connect(): The mysql extension is deprecated and will be removed in the future: use mysqli or PDO instead D:\Apache24\htdocs\GoGoJP\ThinkPHP\Library\Think\Db\Driver\Mysql.class.php 第 52 行.
SQL: SHOW COLUMNS FROM `gogojp_user` [ RunTime:0.007000s ]
NOTIC: [8] Undefined offset: 1 D:\Apache24\htdocs\GoGoJP\ThinkPHP\Library\Think\Db\Driver\Pdo.class.php 第 63 行.
NOTIC: [8] Undefined index: DB_DSN D:\Apache24\htdocs\GoGoJP\ThinkPHP\Library\Think\Db\Driver\Pdo.class.php 第 68 行.
SQL: select *  from gogojp_user where user_id=:user_id[ Array
(
    [:user_id] => 1
)
 ] [ RunTime:0.001000s ]

[ 2014-05-08T11:58:00+08:00 ] 127.0.0.1 /GoGoJP/index.php?url=Home/Index/getCurrentUser
INFO: [ app_init ] --START--
INFO: Run Behavior\BuildLiteBehavior [ RunTime:0.000000s ]
INFO: [ app_init ] --END-- [ RunTime:0.001000s ]
INFO: [ app_begin ] --START--
INFO: Run Behavior\ReadHtmlCacheBehavior [ RunTime:0.001000s ]
INFO: [ app_begin ] --END-- [ RunTime:0.001000s ]
NOTIC: [8192] mysql_connect(): The mysql extension is deprecated and will be removed in the future: use mysqli or PDO instead D:\Apache24\htdocs\GoGoJP\ThinkPHP\Library\Think\Db\Driver\Mysql.class.php 第 52 行.
SQL: SHOW COLUMNS FROM `gogojp_user` [ RunTime:0.006001s ]
NOTIC: [8] Undefined offset: 1 D:\Apache24\htdocs\GoGoJP\ThinkPHP\Library\Think\Db\Driver\Pdo.class.php 第 63 行.
NOTIC: [8] Undefined index: DB_DSN D:\Apache24\htdocs\GoGoJP\ThinkPHP\Library\Think\Db\Driver\Pdo.class.php 第 68 行.
SQL: select *  from gogojp_user where user_id=:user_id[ Array
(
    [:user_id] => 1
)
 ] [ RunTime:0.001000s ]

[ 2014-05-08T11:58:25+08:00 ] 127.0.0.1 /GoGoJP/index.php?url=Home/Index/getCurrentUser
INFO: [ app_init ] --START--
INFO: Run Behavior\BuildLiteBehavior [ RunTime:0.000000s ]
INFO: [ app_init ] --END-- [ RunTime:0.001001s ]
INFO: [ app_begin ] --START--
INFO: Run Behavior\ReadHtmlCacheBehavior [ RunTime:0.001000s ]
INFO: [ app_begin ] --END-- [ RunTime:0.001000s ]
NOTIC: [8192] mysql_connect(): The mysql extension is deprecated and will be removed in the future: use mysqli or PDO instead D:\Apache24\htdocs\GoGoJP\ThinkPHP\Library\Think\Db\Driver\Mysql.class.php 第 52 行.
SQL: SHOW COLUMNS FROM `gogojp_user` [ RunTime:0.007000s ]
NOTIC: [8] Undefined offset: 1 D:\Apache24\htdocs\GoGoJP\ThinkPHP\Library\Think\Db\Driver\Pdo.class.php 第 63 行.
NOTIC: [8] Undefined index: DB_DSN D:\Apache24\htdocs\GoGoJP\ThinkPHP\Library\Think\Db\Driver\Pdo.class.php 第 68 行.
SQL: select *  from gogojp_user where user_id=:user_id[ Array
(
    [:user_id] => 1
)
 ] [ RunTime:0.000000s ]

[ 2014-05-08T12:00:16+08:00 ] 127.0.0.1 /GoGoJP/index.php?url=Home/Index/getCurrentUser
INFO: [ app_init ] --START--
INFO: Run Behavior\BuildLiteBehavior [ RunTime:0.000000s ]
INFO: [ app_init ] --END-- [ RunTime:0.001000s ]
INFO: [ app_begin ] --START--
INFO: Run Behavior\ReadHtmlCacheBehavior [ RunTime:0.001000s ]
INFO: [ app_begin ] --END-- [ RunTime:0.001000s ]
NOTIC: [8192] mysql_connect(): The mysql extension is deprecated and will be removed in the future: use mysqli or PDO instead D:\Apache24\htdocs\GoGoJP\ThinkPHP\Library\Think\Db\Driver\Mysql.class.php 第 52 行.
SQL: SHOW COLUMNS FROM `gogojp_user` [ RunTime:0.007000s ]
NOTIC: [8] Undefined offset: 1 D:\Apache24\htdocs\GoGoJP\ThinkPHP\Library\Think\Db\Driver\Pdo.class.php 第 63 行.
NOTIC: [8] Undefined index: DB_DSN D:\Apache24\htdocs\GoGoJP\ThinkPHP\Library\Think\Db\Driver\Pdo.class.php 第 68 行.
SQL: select *  from gogojp_user where user_id=:user_id[ Array
(
    [:user_id] => 1
)
 ] [ RunTime:0.000000s ]

[ 2014-05-08T12:01:03+08:00 ] 127.0.0.1 /GoGoJP/index.php?url=Home/Index/getCurrentUser
INFO: [ app_init ] --START--
INFO: Run Behavior\BuildLiteBehavior [ RunTime:0.000000s ]
INFO: [ app_init ] --END-- [ RunTime:0.000000s ]
INFO: [ app_begin ] --START--
INFO: Run Behavior\ReadHtmlCacheBehavior [ RunTime:0.000000s ]
INFO: [ app_begin ] --END-- [ RunTime:0.000000s ]
NOTIC: [8192] mysql_connect(): The mysql extension is deprecated and will be removed in the future: use mysqli or PDO instead D:\Apache24\htdocs\GoGoJP\ThinkPHP\Library\Think\Db\Driver\Mysql.class.php 第 52 行.
SQL: SHOW COLUMNS FROM `gogojp_user` [ RunTime:0.006001s ]
NOTIC: [8] Undefined offset: 1 D:\Apache24\htdocs\GoGoJP\ThinkPHP\Library\Think\Db\Driver\Pdo.class.php 第 63 行.
NOTIC: [8] Undefined index: DB_DSN D:\Apache24\htdocs\GoGoJP\ThinkPHP\Library\Think\Db\Driver\Pdo.class.php 第 68 行.
SQL: select *  from gogojp_user where user_id=:user_id[ Array
(
    [:user_id] => 1
)
 ] [ RunTime:0.001000s ]

[ 2014-05-08T12:01:55+08:00 ] 127.0.0.1 /GoGoJP/index.php?url=Home/Index/getCurrentUser
INFO: [ app_init ] --START--
INFO: Run Behavior\BuildLiteBehavior [ RunTime:0.000000s ]
INFO: [ app_init ] --END-- [ RunTime:0.001000s ]
INFO: [ app_begin ] --START--
INFO: Run Behavior\ReadHtmlCacheBehavior [ RunTime:0.000000s ]
INFO: [ app_begin ] --END-- [ RunTime:0.001000s ]
NOTIC: [8192] mysql_connect(): The mysql extension is deprecated and will be removed in the future: use mysqli or PDO instead D:\Apache24\htdocs\GoGoJP\ThinkPHP\Library\Think\Db\Driver\Mysql.class.php 第 52 行.
SQL: SHOW COLUMNS FROM `gogojp_user` [ RunTime:0.006001s ]
NOTIC: [8] Undefined offset: 1 D:\Apache24\htdocs\GoGoJP\ThinkPHP\Library\Think\Db\Driver\Pdo.class.php 第 63 行.
NOTIC: [8] Undefined index: DB_DSN D:\Apache24\htdocs\GoGoJP\ThinkPHP\Library\Think\Db\Driver\Pdo.class.php 第 68 行.
SQL: select *  from gogojp_user where user_id=:user_id[ Array
(
    [:user_id] => 1
)
 ] [ RunTime:0.001000s ]

