[ 2014-05-09T10:53:48+08:00 ] 127.0.0.1 /GoGoJP/index.php?url=Home/Index/getCurrentUser
INFO: [ app_init ] --START--
INFO: Run Behavior\BuildLiteBehavior [ RunTime:0.000000s ]
INFO: [ app_init ] --END-- [ RunTime:0.001000s ]
INFO: [ app_begin ] --START--
INFO: Run Behavior\ReadHtmlCacheBehavior [ RunTime:0.001000s ]
INFO: [ app_begin ] --END-- [ RunTime:0.001000s ]
NOTIC: [8192] mysql_connect(): The mysql extension is deprecated and will be removed in the future: use mysqli or PDO instead D:\Apache24\htdocs\GoGoJP\ThinkPHP\Library\Think\Db\Driver\Mysql.class.php 第 52 行.
SQL: SHOW COLUMNS FROM `gogojp_user` [ RunTime:0.006000s ]

[ 2014-05-09T10:53:54+08:00 ] 127.0.0.1 /GoGoJP/index.php?url=Home/Index/login
INFO: [ app_init ] --START--
INFO: Run Behavior\BuildLiteBehavior [ RunTime:0.000000s ]
INFO: [ app_init ] --END-- [ RunTime:0.001000s ]
INFO: [ app_begin ] --START--
INFO: Run Behavior\ReadHtmlCacheBehavior [ RunTime:0.002001s ]
INFO: [ app_begin ] --END-- [ RunTime:0.002001s ]
NOTIC: [8192] mysql_connect(): The mysql extension is deprecated and will be removed in the future: use mysqli or PDO instead D:\Apache24\htdocs\GoGoJP\ThinkPHP\Library\Think\Db\Driver\Mysql.class.php 第 52 行.
SQL: SHOW COLUMNS FROM `gogojp_user` [ RunTime:0.005000s ]
SQL: SELECT * FROM `gogojp_user` WHERE ( `user_name` = 'test' ) AND ( `password` = '96e79218965eb72c92a549dd5a330112' ) LIMIT 1   [ RunTime:0.001000s ]
NOTIC: [8] Trying to get property of non-object D:\Apache24\htdocs\GoGoJP\Application\Home\Model\UserModel.class.php 第 110 行.

[ 2014-05-09T10:53:54+08:00 ] 127.0.0.1 /GoGoJP/index.php?url=Home/Index/getCurrentUser
INFO: [ app_init ] --START--
INFO: Run Behavior\BuildLiteBehavior [ RunTime:0.000000s ]
INFO: [ app_init ] --END-- [ RunTime:0.000000s ]
INFO: [ app_begin ] --START--
INFO: Run Behavior\ReadHtmlCacheBehavior [ RunTime:0.001000s ]
INFO: [ app_begin ] --END-- [ RunTime:0.001000s ]
NOTIC: [8192] mysql_connect(): The mysql extension is deprecated and will be removed in the future: use mysqli or PDO instead D:\Apache24\htdocs\GoGoJP\ThinkPHP\Library\Think\Db\Driver\Mysql.class.php 第 52 行.
SQL: SHOW COLUMNS FROM `gogojp_user` [ RunTime:0.006000s ]
NOTIC: [8] Undefined offset: 1 D:\Apache24\htdocs\GoGoJP\ThinkPHP\Library\Think\Db\Driver\Pdo.class.php 第 63 行.
NOTIC: [8] Undefined index: DB_DSN D:\Apache24\htdocs\GoGoJP\ThinkPHP\Library\Think\Db\Driver\Pdo.class.php 第 68 行.
SQL: select *  from gogojp_user where user_id=:user_id[ Array
(
    [:user_id] => 1
)
 ] [ RunTime:0.001000s ]

[ 2014-05-09T10:53:57+08:00 ] 127.0.0.1 /GoGoJP/index.php?url=Home/Product/searchProductByCondition
INFO: [ app_init ] --START--
INFO: Run Behavior\BuildLiteBehavior [ RunTime:0.000000s ]
INFO: [ app_init ] --END-- [ RunTime:0.000000s ]
INFO: [ app_begin ] --START--
INFO: Run Behavior\ReadHtmlCacheBehavior [ RunTime:0.001000s ]
INFO: [ app_begin ] --END-- [ RunTime:0.001000s ]
NOTIC: [8192] mysql_connect(): The mysql extension is deprecated and will be removed in the future: use mysqli or PDO instead D:\Apache24\htdocs\GoGoJP\ThinkPHP\Library\Think\Db\Driver\Mysql.class.php 第 52 行.
SQL: SHOW COLUMNS FROM `gogojp_productinfo` [ RunTime:0.005000s ]
NOTIC: [8] Undefined offset: 1 D:\Apache24\htdocs\GoGoJP\ThinkPHP\Library\Think\Db\Driver\Pdo.class.php 第 63 行.
NOTIC: [8] Undefined index: DB_DSN D:\Apache24\htdocs\GoGoJP\ThinkPHP\Library\Think\Db\Driver\Pdo.class.php 第 68 行.
SQL: select * from(SELECT p.*,c.cat_name as category_name FROM gogojp_productinfo as p left join gogojp_productcategory as c on p.catid=c.catid) as t where (t.catid=:catid or 0=:catid) and  (1=1)  order by t.create_time desc limit 0,1[ Array
(
    [:catid] => 0
)
 ] [ RunTime:0.001000s ]
SQL: select count(*) as totalcount from(SELECT p.*,c.cat_name as category_name FROM gogojp_productinfo as p left join gogojp_productcategory as c on p.catid=c.catid) as t where (t.catid=:catid or 0=:catid) and  (1=1)  order by t.create_time desc [ Array
(
    [:catid] => 0
)
 ] [ RunTime:0.001000s ]

[ 2014-05-09T10:53:57+08:00 ] 127.0.0.1 /GoGoJP/index.php?url=Home/ProductCategory/searchMainCategory
INFO: [ app_init ] --START--
INFO: Run Behavior\BuildLiteBehavior [ RunTime:0.000000s ]
INFO: [ app_init ] --END-- [ RunTime:0.001000s ]
INFO: [ app_begin ] --START--
INFO: Run Behavior\ReadHtmlCacheBehavior [ RunTime:0.001001s ]
INFO: [ app_begin ] --END-- [ RunTime:0.001001s ]
NOTIC: [8192] mysql_connect(): The mysql extension is deprecated and will be removed in the future: use mysqli or PDO instead D:\Apache24\htdocs\GoGoJP\ThinkPHP\Library\Think\Db\Driver\Mysql.class.php 第 52 行.
SQL: SHOW COLUMNS FROM `gogojp_productcategory` [ RunTime:0.007000s ]
SQL: SELECT * FROM `gogojp_productcategory` WHERE ( parentid=0 )  [ RunTime:0.001000s ]

[ 2014-05-09T10:54:01+08:00 ] 127.0.0.1 /GoGoJP/index.php?url=Home/ProductCategory/searchProductCategory
INFO: [ app_init ] --START--
INFO: Run Behavior\BuildLiteBehavior [ RunTime:0.001000s ]
INFO: [ app_init ] --END-- [ RunTime:0.001000s ]
INFO: [ app_begin ] --START--
INFO: Run Behavior\ReadHtmlCacheBehavior [ RunTime:0.000000s ]
INFO: [ app_begin ] --END-- [ RunTime:0.000000s ]
NOTIC: [8192] mysql_connect(): The mysql extension is deprecated and will be removed in the future: use mysqli or PDO instead D:\Apache24\htdocs\GoGoJP\ThinkPHP\Library\Think\Db\Driver\Mysql.class.php 第 52 行.
SQL: SHOW COLUMNS FROM `gogojp_productcategory` [ RunTime:0.005000s ]
NOTIC: [8] Undefined offset: 1 D:\Apache24\htdocs\GoGoJP\ThinkPHP\Library\Think\Db\Driver\Pdo.class.php 第 63 行.
NOTIC: [8] Undefined index: DB_DSN D:\Apache24\htdocs\GoGoJP\ThinkPHP\Library\Think\Db\Driver\Pdo.class.php 第 68 行.
SQL: select g.*,c.cat_name as parent_name from gogojp_productcategory g left join (select cat_name,catid from gogojp_productcategory ) as c on g.parentid=c.catid order by create_time limit 0,1 [ RunTime:0.001000s ]
SQL: select count(*) totalcount from gogojp_productcategory order by create_time [ RunTime:0.001000s ]

[ 2014-05-09T11:03:53+08:00 ] 127.0.0.1 /GoGoJP/index.php?url=Home/Index/getCurrentUser
INFO: [ app_init ] --START--
INFO: Run Behavior\BuildLiteBehavior [ RunTime:0.000000s ]
INFO: [ app_init ] --END-- [ RunTime:0.001000s ]
INFO: [ app_begin ] --START--
INFO: Run Behavior\ReadHtmlCacheBehavior [ RunTime:0.001000s ]
INFO: [ app_begin ] --END-- [ RunTime:0.001000s ]
NOTIC: [8192] mysql_connect(): The mysql extension is deprecated and will be removed in the future: use mysqli or PDO instead D:\Apache24\htdocs\GoGoJP\ThinkPHP\Library\Think\Db\Driver\Mysql.class.php 第 52 行.
SQL: SHOW COLUMNS FROM `gogojp_user` [ RunTime:0.005000s ]
NOTIC: [8] Undefined offset: 1 D:\Apache24\htdocs\GoGoJP\ThinkPHP\Library\Think\Db\Driver\Pdo.class.php 第 63 行.
NOTIC: [8] Undefined index: DB_DSN D:\Apache24\htdocs\GoGoJP\ThinkPHP\Library\Think\Db\Driver\Pdo.class.php 第 68 行.
SQL: select *  from gogojp_user where user_id=:user_id[ Array
(
    [:user_id] => 1
)
 ] [ RunTime:0.001000s ]

[ 2014-05-09T11:03:53+08:00 ] 127.0.0.1 /GoGoJP/index.php?url=Home/ProductCategory/searchProductCategory
INFO: [ app_init ] --START--
INFO: Run Behavior\BuildLiteBehavior [ RunTime:0.000000s ]
INFO: [ app_init ] --END-- [ RunTime:0.001000s ]
INFO: [ app_begin ] --START--
INFO: Run Behavior\ReadHtmlCacheBehavior [ RunTime:0.000000s ]
INFO: [ app_begin ] --END-- [ RunTime:0.001000s ]
NOTIC: [8192] mysql_connect(): The mysql extension is deprecated and will be removed in the future: use mysqli or PDO instead D:\Apache24\htdocs\GoGoJP\ThinkPHP\Library\Think\Db\Driver\Mysql.class.php 第 52 行.
SQL: SHOW COLUMNS FROM `gogojp_productcategory` [ RunTime:0.004000s ]
NOTIC: [8] Undefined offset: 1 D:\Apache24\htdocs\GoGoJP\ThinkPHP\Library\Think\Db\Driver\Pdo.class.php 第 63 行.
NOTIC: [8] Undefined index: DB_DSN D:\Apache24\htdocs\GoGoJP\ThinkPHP\Library\Think\Db\Driver\Pdo.class.php 第 68 行.
SQL: select g.*,c.cat_name as parent_name from gogojp_productcategory g left join (select cat_name,catid from gogojp_productcategory ) as c on g.parentid=c.catid order by create_time limit 0,1 [ RunTime:0.001000s ]
SQL: select count(*) totalcount from gogojp_productcategory order by create_time [ RunTime:0.000000s ]

[ 2014-05-09T11:04:56+08:00 ] 127.0.0.1 /GoGoJP/index.php?url=Home/Index/getCurrentUser
INFO: [ app_init ] --START--
INFO: Run Behavior\BuildLiteBehavior [ RunTime:0.000000s ]
INFO: [ app_init ] --END-- [ RunTime:0.000000s ]
INFO: [ app_begin ] --START--
INFO: Run Behavior\ReadHtmlCacheBehavior [ RunTime:0.001000s ]
INFO: [ app_begin ] --END-- [ RunTime:0.001000s ]
NOTIC: [8192] mysql_connect(): The mysql extension is deprecated and will be removed in the future: use mysqli or PDO instead D:\Apache24\htdocs\GoGoJP\ThinkPHP\Library\Think\Db\Driver\Mysql.class.php 第 52 行.
SQL: SHOW COLUMNS FROM `gogojp_user` [ RunTime:0.006000s ]
NOTIC: [8] Undefined offset: 1 D:\Apache24\htdocs\GoGoJP\ThinkPHP\Library\Think\Db\Driver\Pdo.class.php 第 63 行.
NOTIC: [8] Undefined index: DB_DSN D:\Apache24\htdocs\GoGoJP\ThinkPHP\Library\Think\Db\Driver\Pdo.class.php 第 68 行.
SQL: select *  from gogojp_user where user_id=:user_id[ Array
(
    [:user_id] => 1
)
 ] [ RunTime:0.000000s ]

[ 2014-05-09T11:04:56+08:00 ] 127.0.0.1 /GoGoJP/index.php?url=Home/ProductCategory/searchProductCategory
INFO: [ app_init ] --START--
INFO: Run Behavior\BuildLiteBehavior [ RunTime:0.000000s ]
INFO: [ app_init ] --END-- [ RunTime:0.001001s ]
INFO: [ app_begin ] --START--
INFO: Run Behavior\ReadHtmlCacheBehavior [ RunTime:0.000000s ]
INFO: [ app_begin ] --END-- [ RunTime:0.000000s ]
NOTIC: [8192] mysql_connect(): The mysql extension is deprecated and will be removed in the future: use mysqli or PDO instead D:\Apache24\htdocs\GoGoJP\ThinkPHP\Library\Think\Db\Driver\Mysql.class.php 第 52 行.
SQL: SHOW COLUMNS FROM `gogojp_productcategory` [ RunTime:0.006001s ]
NOTIC: [8] Undefined offset: 1 D:\Apache24\htdocs\GoGoJP\ThinkPHP\Library\Think\Db\Driver\Pdo.class.php 第 63 行.
NOTIC: [8] Undefined index: DB_DSN D:\Apache24\htdocs\GoGoJP\ThinkPHP\Library\Think\Db\Driver\Pdo.class.php 第 68 行.
SQL: select g.*,c.cat_name as parent_name from gogojp_productcategory g left join (select cat_name,catid from gogojp_productcategory ) as c on g.parentid=c.catid order by create_time limit 0,1 [ RunTime:0.001000s ]
SQL: select count(*) totalcount from gogojp_productcategory order by create_time [ RunTime:0.000000s ]

[ 2014-05-09T11:04:57+08:00 ] 127.0.0.1 /GoGoJP/index.php?url=Home/Order/searchOrder
INFO: [ app_init ] --START--
INFO: Run Behavior\BuildLiteBehavior [ RunTime:0.000000s ]
INFO: [ app_init ] --END-- [ RunTime:0.001001s ]
INFO: [ app_begin ] --START--
INFO: Run Behavior\ReadHtmlCacheBehavior [ RunTime:0.001000s ]
INFO: [ app_begin ] --END-- [ RunTime:0.001000s ]
NOTIC: [8192] mysql_connect(): The mysql extension is deprecated and will be removed in the future: use mysqli or PDO instead D:\Apache24\htdocs\GoGoJP\ThinkPHP\Library\Think\Db\Driver\Mysql.class.php 第 52 行.
SQL: SHOW COLUMNS FROM `gogojp_order` [ RunTime:0.004000s ]
NOTIC: [8] Undefined offset: 1 D:\Apache24\htdocs\GoGoJP\ThinkPHP\Library\Think\Db\Driver\Pdo.class.php 第 63 行.
NOTIC: [8] Undefined index: DB_DSN D:\Apache24\htdocs\GoGoJP\ThinkPHP\Library\Think\Db\Driver\Pdo.class.php 第 68 行.
SQL:  select * from gogojp_order 
				where   1=1 
  
 and  ( order_status = :order_status or :order_status=0 ) 
 limit 0,10[ Array
(
    [:order_status] => 0
)
 ] [ RunTime:0.001000s ]
SQL:  select count(*) totalcount  from gogojp_order 
				where   1=1 
 
 and  ( order_status = :order_status or :order_status=0 ) 
[ Array
(
    [:order_status] => 0
)
 ] [ RunTime:0.000000s ]
NOTIC: [8] Undefined index: totalcout D:\Apache24\htdocs\GoGoJP\Application\Home\Model\OrderModel.class.php 第 115 行.

[ 2014-05-09T11:04:59+08:00 ] 127.0.0.1 /GoGoJP/index.php?url=Home/Product/searchProductByCondition
INFO: [ app_init ] --START--
INFO: Run Behavior\BuildLiteBehavior [ RunTime:0.000000s ]
INFO: [ app_init ] --END-- [ RunTime:0.000000s ]
INFO: [ app_begin ] --START--
INFO: Run Behavior\ReadHtmlCacheBehavior [ RunTime:0.001001s ]
INFO: [ app_begin ] --END-- [ RunTime:0.001001s ]
NOTIC: [8192] mysql_connect(): The mysql extension is deprecated and will be removed in the future: use mysqli or PDO instead D:\Apache24\htdocs\GoGoJP\ThinkPHP\Library\Think\Db\Driver\Mysql.class.php 第 52 行.
SQL: SHOW COLUMNS FROM `gogojp_productinfo` [ RunTime:0.005000s ]
NOTIC: [8] Undefined offset: 1 D:\Apache24\htdocs\GoGoJP\ThinkPHP\Library\Think\Db\Driver\Pdo.class.php 第 63 行.
NOTIC: [8] Undefined index: DB_DSN D:\Apache24\htdocs\GoGoJP\ThinkPHP\Library\Think\Db\Driver\Pdo.class.php 第 68 行.
SQL: select * from(SELECT p.*,c.cat_name as category_name FROM gogojp_productinfo as p left join gogojp_productcategory as c on p.catid=c.catid) as t where (t.catid=:catid or 0=:catid) and  (1=1)  order by t.create_time desc limit 0,1[ Array
(
    [:catid] => 0
)
 ] [ RunTime:0.001000s ]
SQL: select count(*) as totalcount from(SELECT p.*,c.cat_name as category_name FROM gogojp_productinfo as p left join gogojp_productcategory as c on p.catid=c.catid) as t where (t.catid=:catid or 0=:catid) and  (1=1)  order by t.create_time desc [ Array
(
    [:catid] => 0
)
 ] [ RunTime:0.000000s ]

[ 2014-05-09T11:04:59+08:00 ] 127.0.0.1 /GoGoJP/index.php?url=Home/ProductCategory/searchMainCategory
INFO: [ app_init ] --START--
INFO: Run Behavior\BuildLiteBehavior [ RunTime:0.000000s ]
INFO: [ app_init ] --END-- [ RunTime:0.001000s ]
INFO: [ app_begin ] --START--
INFO: Run Behavior\ReadHtmlCacheBehavior [ RunTime:0.001000s ]
INFO: [ app_begin ] --END-- [ RunTime:0.001000s ]
NOTIC: [8192] mysql_connect(): The mysql extension is deprecated and will be removed in the future: use mysqli or PDO instead D:\Apache24\htdocs\GoGoJP\ThinkPHP\Library\Think\Db\Driver\Mysql.class.php 第 52 行.
SQL: SHOW COLUMNS FROM `gogojp_productcategory` [ RunTime:0.006000s ]
SQL: SELECT * FROM `gogojp_productcategory` WHERE ( parentid=0 )  [ RunTime:0.000000s ]

[ 2014-05-09T11:05:01+08:00 ] 127.0.0.1 /GoGoJP/index.php?url=Home/ProductCategory/searchProductCategory
INFO: [ app_init ] --START--
INFO: Run Behavior\BuildLiteBehavior [ RunTime:0.000000s ]
INFO: [ app_init ] --END-- [ RunTime:0.000000s ]
INFO: [ app_begin ] --START--
INFO: Run Behavior\ReadHtmlCacheBehavior [ RunTime:0.001000s ]
INFO: [ app_begin ] --END-- [ RunTime:0.001000s ]
NOTIC: [8192] mysql_connect(): The mysql extension is deprecated and will be removed in the future: use mysqli or PDO instead D:\Apache24\htdocs\GoGoJP\ThinkPHP\Library\Think\Db\Driver\Mysql.class.php 第 52 行.
SQL: SHOW COLUMNS FROM `gogojp_productcategory` [ RunTime:0.004000s ]
NOTIC: [8] Undefined offset: 1 D:\Apache24\htdocs\GoGoJP\ThinkPHP\Library\Think\Db\Driver\Pdo.class.php 第 63 行.
NOTIC: [8] Undefined index: DB_DSN D:\Apache24\htdocs\GoGoJP\ThinkPHP\Library\Think\Db\Driver\Pdo.class.php 第 68 行.
SQL: select g.*,c.cat_name as parent_name from gogojp_productcategory g left join (select cat_name,catid from gogojp_productcategory ) as c on g.parentid=c.catid order by create_time limit 0,1 [ RunTime:0.000000s ]
SQL: select count(*) totalcount from gogojp_productcategory order by create_time [ RunTime:0.001000s ]

[ 2014-05-09T11:08:34+08:00 ] 127.0.0.1 /GoGoJP/index.php?url=Home/Index/getCurrentUser
INFO: [ app_init ] --START--
INFO: Run Behavior\BuildLiteBehavior [ RunTime:0.000000s ]
INFO: [ app_init ] --END-- [ RunTime:0.001000s ]
INFO: [ app_begin ] --START--
INFO: Run Behavior\ReadHtmlCacheBehavior [ RunTime:0.000000s ]
INFO: [ app_begin ] --END-- [ RunTime:0.000000s ]
NOTIC: [8192] mysql_connect(): The mysql extension is deprecated and will be removed in the future: use mysqli or PDO instead D:\Apache24\htdocs\GoGoJP\ThinkPHP\Library\Think\Db\Driver\Mysql.class.php 第 52 行.
SQL: SHOW COLUMNS FROM `gogojp_user` [ RunTime:0.009001s ]
NOTIC: [8] Undefined offset: 1 D:\Apache24\htdocs\GoGoJP\ThinkPHP\Library\Think\Db\Driver\Pdo.class.php 第 63 行.
NOTIC: [8] Undefined index: DB_DSN D:\Apache24\htdocs\GoGoJP\ThinkPHP\Library\Think\Db\Driver\Pdo.class.php 第 68 行.
SQL: select *  from gogojp_user where user_id=:user_id[ Array
(
    [:user_id] => 1
)
 ] [ RunTime:0.000000s ]

[ 2014-05-09T11:08:34+08:00 ] 127.0.0.1 /GoGoJP/index.php?url=Home/ProductCategory/searchProductCategory
INFO: [ app_init ] --START--
INFO: Run Behavior\BuildLiteBehavior [ RunTime:0.000000s ]
INFO: [ app_init ] --END-- [ RunTime:0.001000s ]
INFO: [ app_begin ] --START--
INFO: Run Behavior\ReadHtmlCacheBehavior [ RunTime:0.000000s ]
INFO: [ app_begin ] --END-- [ RunTime:0.001000s ]
NOTIC: [8192] mysql_connect(): The mysql extension is deprecated and will be removed in the future: use mysqli or PDO instead D:\Apache24\htdocs\GoGoJP\ThinkPHP\Library\Think\Db\Driver\Mysql.class.php 第 52 行.
SQL: SHOW COLUMNS FROM `gogojp_productcategory` [ RunTime:0.008000s ]
NOTIC: [8] Undefined offset: 1 D:\Apache24\htdocs\GoGoJP\ThinkPHP\Library\Think\Db\Driver\Pdo.class.php 第 63 行.
NOTIC: [8] Undefined index: DB_DSN D:\Apache24\htdocs\GoGoJP\ThinkPHP\Library\Think\Db\Driver\Pdo.class.php 第 68 行.
SQL: select g.*,c.cat_name as parent_name from gogojp_productcategory g left join (select cat_name,catid from gogojp_productcategory ) as c on g.parentid=c.catid order by create_time limit 0,1 [ RunTime:0.002001s ]
SQL: select count(*) totalcount from gogojp_productcategory order by create_time [ RunTime:0.000000s ]

[ 2014-05-09T11:11:36+08:00 ] 127.0.0.1 /GoGoJP/index.php?url=Home/Index/getCurrentUser
INFO: [ app_init ] --START--
INFO: Run Behavior\BuildLiteBehavior [ RunTime:0.000000s ]
INFO: [ app_init ] --END-- [ RunTime:0.001000s ]
INFO: [ app_begin ] --START--
INFO: Run Behavior\ReadHtmlCacheBehavior [ RunTime:0.001000s ]
INFO: [ app_begin ] --END-- [ RunTime:0.001000s ]
NOTIC: [8192] mysql_connect(): The mysql extension is deprecated and will be removed in the future: use mysqli or PDO instead D:\Apache24\htdocs\GoGoJP\ThinkPHP\Library\Think\Db\Driver\Mysql.class.php 第 52 行.
SQL: SHOW COLUMNS FROM `gogojp_user` [ RunTime:0.004000s ]
NOTIC: [8] Undefined offset: 1 D:\Apache24\htdocs\GoGoJP\ThinkPHP\Library\Think\Db\Driver\Pdo.class.php 第 63 行.
NOTIC: [8] Undefined index: DB_DSN D:\Apache24\htdocs\GoGoJP\ThinkPHP\Library\Think\Db\Driver\Pdo.class.php 第 68 行.
SQL: select *  from gogojp_user where user_id=:user_id[ Array
(
    [:user_id] => 1
)
 ] [ RunTime:0.001000s ]

[ 2014-05-09T11:11:36+08:00 ] 127.0.0.1 /GoGoJP/index.php?url=Home/ProductCategory/searchProductCategory
INFO: [ app_init ] --START--
INFO: Run Behavior\BuildLiteBehavior [ RunTime:0.000000s ]
INFO: [ app_init ] --END-- [ RunTime:0.001000s ]
INFO: [ app_begin ] --START--
INFO: Run Behavior\ReadHtmlCacheBehavior [ RunTime:0.001001s ]
INFO: [ app_begin ] --END-- [ RunTime:0.001001s ]
NOTIC: [8192] mysql_connect(): The mysql extension is deprecated and will be removed in the future: use mysqli or PDO instead D:\Apache24\htdocs\GoGoJP\ThinkPHP\Library\Think\Db\Driver\Mysql.class.php 第 52 行.
SQL: SHOW COLUMNS FROM `gogojp_productcategory` [ RunTime:0.005000s ]
NOTIC: [8] Undefined offset: 1 D:\Apache24\htdocs\GoGoJP\ThinkPHP\Library\Think\Db\Driver\Pdo.class.php 第 63 行.
NOTIC: [8] Undefined index: DB_DSN D:\Apache24\htdocs\GoGoJP\ThinkPHP\Library\Think\Db\Driver\Pdo.class.php 第 68 行.
SQL: select g.*,c.cat_name as parent_name from gogojp_productcategory g left join (select cat_name,catid from gogojp_productcategory ) as c on g.parentid=c.catid order by create_time limit 0,1 [ RunTime:0.001000s ]
SQL: select count(*) totalcount from gogojp_productcategory order by create_time [ RunTime:0.000000s ]

