[ 2014-05-12T19:08:51+08:00 ] 127.0.0.1 /GoGoJP/index.php
INFO: [ app_init ] --START--
INFO: Run Behavior\BuildLiteBehavior [ RunTime:0.000000s ]
INFO: [ app_init ] --END-- [ RunTime:0.001000s ]
INFO: [ app_begin ] --START--
INFO: Run Behavior\ReadHtmlCacheBehavior [ RunTime:0.001000s ]
INFO: [ app_begin ] --END-- [ RunTime:0.001000s ]
NOTIC: [8] Undefined index: CONTENT_TYPE D:\Apache24\htdocs\GoGoJP\ThinkPHP\Library\Think\Controller.class.php 第 38 行.
INFO: [ view_parse ] --START--
INFO: [ template_filter ] --START--
INFO: Run Behavior\ContentReplaceBehavior [ RunTime:0.000000s ]
INFO: [ template_filter ] --END-- [ RunTime:0.000000s ]
INFO: Run Behavior\ParseTemplateBehavior [ RunTime:0.045003s ]
INFO: [ view_parse ] --END-- [ RunTime:0.045003s ]
INFO: [ view_filter ] --START--
INFO: Run Behavior\WriteHtmlCacheBehavior [ RunTime:0.013000s ]
INFO: [ view_filter ] --END-- [ RunTime:0.013000s ]
INFO: [ app_end ] --START--
INFO: Run Behavior\ShowPageTraceBehavior [ RunTime:0.000000s ]
INFO: [ app_end ] --END-- [ RunTime:0.001000s ]

[ 2014-05-12T19:08:56+08:00 ] 127.0.0.1 /GoGoJP/index.php?url=Home/Index/getCurrentUser
INFO: [ app_init ] --START--
INFO: Run Behavior\BuildLiteBehavior [ RunTime:0.000000s ]
INFO: [ app_init ] --END-- [ RunTime:0.000000s ]
INFO: [ app_begin ] --START--
INFO: Run Behavior\ReadHtmlCacheBehavior [ RunTime:0.001000s ]
INFO: [ app_begin ] --END-- [ RunTime:0.001000s ]
NOTIC: [8192] mysql_connect(): The mysql extension is deprecated and will be removed in the future: use mysqli or PDO instead D:\Apache24\htdocs\GoGoJP\ThinkPHP\Library\Think\Db\Driver\Mysql.class.php 第 52 行.
SQL: SHOW COLUMNS FROM `gogojp_user` [ RunTime:0.029002s ]

[ 2014-05-12T19:09:03+08:00 ] 127.0.0.1 /GoGoJP/index.php?url=Home/Index/login
INFO: [ app_init ] --START--
INFO: Run Behavior\BuildLiteBehavior [ RunTime:0.000000s ]
INFO: [ app_init ] --END-- [ RunTime:0.001000s ]
INFO: [ app_begin ] --START--
INFO: Run Behavior\ReadHtmlCacheBehavior [ RunTime:0.000000s ]
INFO: [ app_begin ] --END-- [ RunTime:0.000000s ]
NOTIC: [8192] mysql_connect(): The mysql extension is deprecated and will be removed in the future: use mysqli or PDO instead D:\Apache24\htdocs\GoGoJP\ThinkPHP\Library\Think\Db\Driver\Mysql.class.php 第 52 行.
SQL: SHOW COLUMNS FROM `gogojp_user` [ RunTime:0.004001s ]
SQL: SELECT * FROM `gogojp_user` WHERE ( `user_name` = 'test' ) AND ( `password` = '96e79218965eb72c92a549dd5a330112' ) LIMIT 1   [ RunTime:0.000000s ]
NOTIC: [8] Trying to get property of non-object D:\Apache24\htdocs\GoGoJP\Application\Home\Model\UserModel.class.php 第 110 行.

[ 2014-05-12T19:09:03+08:00 ] 127.0.0.1 /GoGoJP/index.php?url=Home/Index/getCurrentUser
INFO: [ app_init ] --START--
INFO: Run Behavior\BuildLiteBehavior [ RunTime:0.000000s ]
INFO: [ app_init ] --END-- [ RunTime:0.000000s ]
INFO: [ app_begin ] --START--
INFO: Run Behavior\ReadHtmlCacheBehavior [ RunTime:0.000000s ]
INFO: [ app_begin ] --END-- [ RunTime:0.000000s ]
NOTIC: [8192] mysql_connect(): The mysql extension is deprecated and will be removed in the future: use mysqli or PDO instead D:\Apache24\htdocs\GoGoJP\ThinkPHP\Library\Think\Db\Driver\Mysql.class.php 第 52 行.
SQL: SHOW COLUMNS FROM `gogojp_user` [ RunTime:0.004001s ]
NOTIC: [8] Undefined offset: 1 D:\Apache24\htdocs\GoGoJP\ThinkPHP\Library\Think\Db\Driver\Pdo.class.php 第 68 行.
NOTIC: [8] Undefined index: DB_DSN D:\Apache24\htdocs\GoGoJP\ThinkPHP\Library\Think\Db\Driver\Pdo.class.php 第 73 行.
SQL: select *  from gogojp_user where user_id=:user_id[ Array
(
    [:user_id] => 1
)
 ] [ RunTime:0.001000s ]

[ 2014-05-12T19:09:05+08:00 ] 127.0.0.1 /GoGoJP/index.php?url=Home/Chat/chatList
INFO: [ app_init ] --START--
INFO: Run Behavior\BuildLiteBehavior [ RunTime:0.000000s ]
INFO: [ app_init ] --END-- [ RunTime:0.000000s ]
INFO: [ app_begin ] --START--
INFO: Run Behavior\ReadHtmlCacheBehavior [ RunTime:0.001000s ]
INFO: [ app_begin ] --END-- [ RunTime:0.001000s ]
NOTIC: [8192] mysql_connect(): The mysql extension is deprecated and will be removed in the future: use mysqli or PDO instead D:\Apache24\htdocs\GoGoJP\ThinkPHP\Library\Think\Db\Driver\Mysql.class.php 第 52 行.
SQL: SHOW COLUMNS FROM `gogojp_customer_advisory` [ RunTime:0.037002s ]
NOTIC: [8] Undefined offset: 1 D:\Apache24\htdocs\GoGoJP\ThinkPHP\Library\Think\Db\Driver\Pdo.class.php 第 68 行.
NOTIC: [8] Undefined index: DB_DSN D:\Apache24\htdocs\GoGoJP\ThinkPHP\Library\Think\Db\Driver\Pdo.class.php 第 73 行.
SQL:  select advisory_id,customer_id,customer_account,customer_nickname,create_time,isread from gogojp_customer_advisory where
 (''='' or customer_account like '%%')
 and  (''='' or customer_nickname = '%%')
 and  ( create_time >= :begin_time or :begin_time='' )
 and  ( create_time <= :end_time or :end_time='' )
 order by isread asc,create_time desc
 limit 0,1[ Array
(
    [:begin_time] => 
    [:end_time] => 
)
 ] [ RunTime:0.001000s ]
SQL:  select count(*) totalcount  from gogojp_customer_advisory where
(''='' or customer_account like '%%')
 and  (''='' or customer_nickname = '%%')
 and  ( create_time >= :begin_time or :begin_time='' )
 and  ( create_time <= :end_time or :end_time='' )
[ Array
(
    [:begin_time] => 
    [:end_time] => 
)
 ] [ RunTime:0.000000s ]
NOTIC: [8] Undefined index: totalcout D:\Apache24\htdocs\GoGoJP\Application\Home\Model\CustomerAdvisoryModel.class.php 第 131 行.

[ 2014-05-12T19:09:07+08:00 ] 127.0.0.1 /GoGoJP/index.php?url=Home/Product/searchProductByCondition
INFO: [ app_init ] --START--
INFO: Run Behavior\BuildLiteBehavior [ RunTime:0.000000s ]
INFO: [ app_init ] --END-- [ RunTime:0.001001s ]
INFO: [ app_begin ] --START--
INFO: Run Behavior\ReadHtmlCacheBehavior [ RunTime:0.001000s ]
INFO: [ app_begin ] --END-- [ RunTime:0.001000s ]
NOTIC: [8192] mysql_connect(): The mysql extension is deprecated and will be removed in the future: use mysqli or PDO instead D:\Apache24\htdocs\GoGoJP\ThinkPHP\Library\Think\Db\Driver\Mysql.class.php 第 52 行.
SQL: SHOW COLUMNS FROM `gogojp_productinfo` [ RunTime:0.070004s ]
NOTIC: [8] Undefined offset: 1 D:\Apache24\htdocs\GoGoJP\ThinkPHP\Library\Think\Db\Driver\Pdo.class.php 第 68 行.
NOTIC: [8] Undefined index: DB_DSN D:\Apache24\htdocs\GoGoJP\ThinkPHP\Library\Think\Db\Driver\Pdo.class.php 第 73 行.
SQL: select * from(SELECT p.*,c.cat_name as category_name FROM gogojp_productinfo as p left join gogojp_productcategory as c on p.catid=c.catid) as t where (t.catid=:catid or 0=:catid) and  (1=1)  order by t.create_time desc limit 0,1[ Array
(
    [:catid] => 0
)
 ] [ RunTime:0.024001s ]
SQL: select count(*) as totalcount from(SELECT p.*,c.cat_name as category_name FROM gogojp_productinfo as p left join gogojp_productcategory as c on p.catid=c.catid) as t where (t.catid=:catid or 0=:catid) and  (1=1)  order by t.create_time desc [ Array
(
    [:catid] => 0
)
 ] [ RunTime:0.001001s ]

[ 2014-05-12T19:09:07+08:00 ] 127.0.0.1 /GoGoJP/index.php?url=Home/ProductCategory/searchMainCategory
INFO: [ app_init ] --START--
INFO: Run Behavior\BuildLiteBehavior [ RunTime:0.000000s ]
INFO: [ app_init ] --END-- [ RunTime:0.001000s ]
INFO: [ app_begin ] --START--
INFO: Run Behavior\ReadHtmlCacheBehavior [ RunTime:0.000000s ]
INFO: [ app_begin ] --END-- [ RunTime:0.000000s ]
NOTIC: [8192] mysql_connect(): The mysql extension is deprecated and will be removed in the future: use mysqli or PDO instead D:\Apache24\htdocs\GoGoJP\ThinkPHP\Library\Think\Db\Driver\Mysql.class.php 第 52 行.
SQL: SHOW COLUMNS FROM `gogojp_productcategory` [ RunTime:0.004000s ]
SQL: SELECT * FROM `gogojp_productcategory` WHERE ( parentid=0 )  [ RunTime:0.000000s ]

[ 2014-05-12T19:09:34+08:00 ] 127.0.0.1 /GoGoJP/index.php?url=Home/PictureManagement/upLoadImage
INFO: [ app_init ] --START--
INFO: Run Behavior\BuildLiteBehavior [ RunTime:0.000000s ]
INFO: [ app_init ] --END-- [ RunTime:0.000000s ]
INFO: [ app_begin ] --START--
INFO: Run Behavior\ReadHtmlCacheBehavior [ RunTime:0.000000s ]
INFO: [ app_begin ] --END-- [ RunTime:0.000000s ]
NOTIC: [8192] curl_setopt(): The usage of the @filename API for file uploading is deprecated. Please use the CURLFile class instead D:\Apache24\htdocs\GoGoJP\Application\Home\Controller\PictureManagementController.class.php 第 102 行.

[ 2014-05-12T19:09:56+08:00 ] 127.0.0.1 /GoGoJP/index.php?url=Home/PictureManagement/upLoadImage
INFO: [ app_init ] --START--
INFO: Run Behavior\BuildLiteBehavior [ RunTime:0.000000s ]
INFO: [ app_init ] --END-- [ RunTime:0.000000s ]
INFO: [ app_begin ] --START--
INFO: Run Behavior\ReadHtmlCacheBehavior [ RunTime:0.000000s ]
INFO: [ app_begin ] --END-- [ RunTime:0.000000s ]
NOTIC: [8192] curl_setopt(): The usage of the @filename API for file uploading is deprecated. Please use the CURLFile class instead D:\Apache24\htdocs\GoGoJP\Application\Home\Controller\PictureManagementController.class.php 第 102 行.

[ 2014-05-12T19:10:54+08:00 ] 127.0.0.1 /GoGoJP/index.php?url=Home/Index/getCurrentUser
INFO: [ app_init ] --START--
INFO: Run Behavior\BuildLiteBehavior [ RunTime:0.000000s ]
INFO: [ app_init ] --END-- [ RunTime:0.001000s ]
INFO: [ app_begin ] --START--
INFO: Run Behavior\ReadHtmlCacheBehavior [ RunTime:0.001000s ]
INFO: [ app_begin ] --END-- [ RunTime:0.001000s ]
NOTIC: [8192] mysql_connect(): The mysql extension is deprecated and will be removed in the future: use mysqli or PDO instead D:\Apache24\htdocs\GoGoJP\ThinkPHP\Library\Think\Db\Driver\Mysql.class.php 第 52 行.
SQL: SHOW COLUMNS FROM `gogojp_user` [ RunTime:0.004000s ]
NOTIC: [8] Undefined offset: 1 D:\Apache24\htdocs\GoGoJP\ThinkPHP\Library\Think\Db\Driver\Pdo.class.php 第 68 行.
NOTIC: [8] Undefined index: DB_DSN D:\Apache24\htdocs\GoGoJP\ThinkPHP\Library\Think\Db\Driver\Pdo.class.php 第 73 行.
SQL: select *  from gogojp_user where user_id=:user_id[ Array
(
    [:user_id] => 1
)
 ] [ RunTime:0.001000s ]

[ 2014-05-12T19:11:24+08:00 ] 127.0.0.1 /GoGoJP/index.php?url=Home/PictureManagement/upLoadImage
INFO: [ app_init ] --START--
INFO: Run Behavior\BuildLiteBehavior [ RunTime:0.000000s ]
INFO: [ app_init ] --END-- [ RunTime:0.001000s ]
INFO: [ app_begin ] --START--
INFO: Run Behavior\ReadHtmlCacheBehavior [ RunTime:0.000000s ]
INFO: [ app_begin ] --END-- [ RunTime:0.000000s ]
NOTIC: [8192] curl_setopt(): The usage of the @filename API for file uploading is deprecated. Please use the CURLFile class instead D:\Apache24\htdocs\GoGoJP\Application\Home\Controller\PictureManagementController.class.php 第 102 行.

[ 2014-05-12T19:11:24+08:00 ] 127.0.0.1 /GoGoJP/index.php?url=Home/Index/getCurrentUser
INFO: [ app_init ] --START--
INFO: Run Behavior\BuildLiteBehavior [ RunTime:0.000000s ]
INFO: [ app_init ] --END-- [ RunTime:0.000000s ]
INFO: [ app_begin ] --START--
INFO: Run Behavior\ReadHtmlCacheBehavior [ RunTime:0.001000s ]
INFO: [ app_begin ] --END-- [ RunTime:0.001000s ]
NOTIC: [8192] mysql_connect(): The mysql extension is deprecated and will be removed in the future: use mysqli or PDO instead D:\Apache24\htdocs\GoGoJP\ThinkPHP\Library\Think\Db\Driver\Mysql.class.php 第 52 行.
SQL: SHOW COLUMNS FROM `gogojp_user` [ RunTime:0.003000s ]
NOTIC: [8] Undefined offset: 1 D:\Apache24\htdocs\GoGoJP\ThinkPHP\Library\Think\Db\Driver\Pdo.class.php 第 68 行.
NOTIC: [8] Undefined index: DB_DSN D:\Apache24\htdocs\GoGoJP\ThinkPHP\Library\Think\Db\Driver\Pdo.class.php 第 73 行.
SQL: select *  from gogojp_user where user_id=:user_id[ Array
(
    [:user_id] => 1
)
 ] [ RunTime:0.000000s ]

[ 2014-05-12T19:12:32+08:00 ] 127.0.0.1 /GoGoJP/index.php?url=Home/Index/getCurrentUser
INFO: [ app_init ] --START--
INFO: Run Behavior\BuildLiteBehavior [ RunTime:0.000000s ]
INFO: [ app_init ] --END-- [ RunTime:0.001000s ]
INFO: [ app_begin ] --START--
INFO: Run Behavior\ReadHtmlCacheBehavior [ RunTime:0.001000s ]
INFO: [ app_begin ] --END-- [ RunTime:0.001000s ]
NOTIC: [8192] mysql_connect(): The mysql extension is deprecated and will be removed in the future: use mysqli or PDO instead D:\Apache24\htdocs\GoGoJP\ThinkPHP\Library\Think\Db\Driver\Mysql.class.php 第 52 行.
SQL: SHOW COLUMNS FROM `gogojp_user` [ RunTime:0.003000s ]
NOTIC: [8] Undefined offset: 1 D:\Apache24\htdocs\GoGoJP\ThinkPHP\Library\Think\Db\Driver\Pdo.class.php 第 68 行.
NOTIC: [8] Undefined index: DB_DSN D:\Apache24\htdocs\GoGoJP\ThinkPHP\Library\Think\Db\Driver\Pdo.class.php 第 73 行.
SQL: select *  from gogojp_user where user_id=:user_id[ Array
(
    [:user_id] => 1
)
 ] [ RunTime:0.000000s ]

[ 2014-05-12T19:25:12+08:00 ] 127.0.0.1 /GoGoJP/index.php?url=Home/Index/getCurrentUser
INFO: [ app_init ] --START--
INFO: Run Behavior\BuildLiteBehavior [ RunTime:0.000000s ]
INFO: [ app_init ] --END-- [ RunTime:0.000000s ]
INFO: [ app_begin ] --START--
INFO: Run Behavior\ReadHtmlCacheBehavior [ RunTime:0.001000s ]
INFO: [ app_begin ] --END-- [ RunTime:0.001000s ]
NOTIC: [8192] mysql_connect(): The mysql extension is deprecated and will be removed in the future: use mysqli or PDO instead D:\Apache24\htdocs\GoGoJP\ThinkPHP\Library\Think\Db\Driver\Mysql.class.php 第 52 行.
SQL: SHOW COLUMNS FROM `gogojp_user` [ RunTime:0.004001s ]
NOTIC: [8] Undefined offset: 1 D:\Apache24\htdocs\GoGoJP\ThinkPHP\Library\Think\Db\Driver\Pdo.class.php 第 68 行.
NOTIC: [8] Undefined index: DB_DSN D:\Apache24\htdocs\GoGoJP\ThinkPHP\Library\Think\Db\Driver\Pdo.class.php 第 73 行.
SQL: select *  from gogojp_user where user_id=:user_id[ Array
(
    [:user_id] => 1
)
 ] [ RunTime:0.000000s ]

[ 2014-05-12T19:25:24+08:00 ] 127.0.0.1 /GoGoJP/index.php?url=Home/Index/getCurrentUser
INFO: [ app_init ] --START--
INFO: Run Behavior\BuildLiteBehavior [ RunTime:0.000000s ]
INFO: [ app_init ] --END-- [ RunTime:0.001000s ]
INFO: [ app_begin ] --START--
INFO: Run Behavior\ReadHtmlCacheBehavior [ RunTime:0.000000s ]
INFO: [ app_begin ] --END-- [ RunTime:0.000000s ]
NOTIC: [8192] mysql_connect(): The mysql extension is deprecated and will be removed in the future: use mysqli or PDO instead D:\Apache24\htdocs\GoGoJP\ThinkPHP\Library\Think\Db\Driver\Mysql.class.php 第 52 行.
SQL: SHOW COLUMNS FROM `gogojp_user` [ RunTime:0.005000s ]
NOTIC: [8] Undefined offset: 1 D:\Apache24\htdocs\GoGoJP\ThinkPHP\Library\Think\Db\Driver\Pdo.class.php 第 68 行.
NOTIC: [8] Undefined index: DB_DSN D:\Apache24\htdocs\GoGoJP\ThinkPHP\Library\Think\Db\Driver\Pdo.class.php 第 73 行.
SQL: select *  from gogojp_user where user_id=:user_id[ Array
(
    [:user_id] => 1
)
 ] [ RunTime:0.001000s ]

[ 2014-05-12T19:30:09+08:00 ] 127.0.0.1 /GoGoJP/index.php?url=Home/Index/getCurrentUser
INFO: [ app_init ] --START--
INFO: Run Behavior\BuildLiteBehavior [ RunTime:0.000000s ]
INFO: [ app_init ] --END-- [ RunTime:0.000000s ]
INFO: [ app_begin ] --START--
INFO: Run Behavior\ReadHtmlCacheBehavior [ RunTime:0.000000s ]
INFO: [ app_begin ] --END-- [ RunTime:0.000000s ]
NOTIC: [8192] mysql_connect(): The mysql extension is deprecated and will be removed in the future: use mysqli or PDO instead D:\Apache24\htdocs\GoGoJP\ThinkPHP\Library\Think\Db\Driver\Mysql.class.php 第 52 行.
SQL: SHOW COLUMNS FROM `gogojp_user` [ RunTime:0.004000s ]
NOTIC: [8] Undefined offset: 1 D:\Apache24\htdocs\GoGoJP\ThinkPHP\Library\Think\Db\Driver\Pdo.class.php 第 68 行.
NOTIC: [8] Undefined index: DB_DSN D:\Apache24\htdocs\GoGoJP\ThinkPHP\Library\Think\Db\Driver\Pdo.class.php 第 73 行.
SQL: select *  from gogojp_user where user_id=:user_id[ Array
(
    [:user_id] => 1
)
 ] [ RunTime:0.001000s ]

[ 2014-05-12T19:30:09+08:00 ] 127.0.0.1 /GoGoJP/index.php?url=Home/ProductCategory/searchMainCategory
INFO: [ app_init ] --START--
INFO: Run Behavior\BuildLiteBehavior [ RunTime:0.000000s ]
INFO: [ app_init ] --END-- [ RunTime:0.001000s ]
INFO: [ app_begin ] --START--
INFO: Run Behavior\ReadHtmlCacheBehavior [ RunTime:0.001000s ]
INFO: [ app_begin ] --END-- [ RunTime:0.001000s ]
NOTIC: [8192] mysql_connect(): The mysql extension is deprecated and will be removed in the future: use mysqli or PDO instead D:\Apache24\htdocs\GoGoJP\ThinkPHP\Library\Think\Db\Driver\Mysql.class.php 第 52 行.
SQL: SHOW COLUMNS FROM `gogojp_productcategory` [ RunTime:0.005000s ]
SQL: SELECT * FROM `gogojp_productcategory` WHERE ( parentid=0 )  [ RunTime:0.000000s ]

[ 2014-05-12T19:30:53+08:00 ] 127.0.0.1 /GoGoJP/index.php?url=Home/Index/getCurrentUser
INFO: [ app_init ] --START--
INFO: Run Behavior\BuildLiteBehavior [ RunTime:0.000000s ]
INFO: [ app_init ] --END-- [ RunTime:0.000000s ]
INFO: [ app_begin ] --START--
INFO: Run Behavior\ReadHtmlCacheBehavior [ RunTime:0.001000s ]
INFO: [ app_begin ] --END-- [ RunTime:0.001000s ]
NOTIC: [8192] mysql_connect(): The mysql extension is deprecated and will be removed in the future: use mysqli or PDO instead D:\Apache24\htdocs\GoGoJP\ThinkPHP\Library\Think\Db\Driver\Mysql.class.php 第 52 行.
SQL: SHOW COLUMNS FROM `gogojp_user` [ RunTime:0.004000s ]
NOTIC: [8] Undefined offset: 1 D:\Apache24\htdocs\GoGoJP\ThinkPHP\Library\Think\Db\Driver\Pdo.class.php 第 68 行.
NOTIC: [8] Undefined index: DB_DSN D:\Apache24\htdocs\GoGoJP\ThinkPHP\Library\Think\Db\Driver\Pdo.class.php 第 73 行.
SQL: select *  from gogojp_user where user_id=:user_id[ Array
(
    [:user_id] => 1
)
 ] [ RunTime:0.001000s ]

[ 2014-05-12T19:30:53+08:00 ] 127.0.0.1 /GoGoJP/index.php?url=Home/ProductCategory/searchMainCategory
INFO: [ app_init ] --START--
INFO: Run Behavior\BuildLiteBehavior [ RunTime:0.000000s ]
INFO: [ app_init ] --END-- [ RunTime:0.001000s ]
INFO: [ app_begin ] --START--
INFO: Run Behavior\ReadHtmlCacheBehavior [ RunTime:0.000000s ]
INFO: [ app_begin ] --END-- [ RunTime:0.000000s ]
NOTIC: [8192] mysql_connect(): The mysql extension is deprecated and will be removed in the future: use mysqli or PDO instead D:\Apache24\htdocs\GoGoJP\ThinkPHP\Library\Think\Db\Driver\Mysql.class.php 第 52 行.
SQL: SHOW COLUMNS FROM `gogojp_productcategory` [ RunTime:0.005000s ]
SQL: SELECT * FROM `gogojp_productcategory` WHERE ( parentid=0 )  [ RunTime:0.000000s ]

[ 2014-05-12T19:31:11+08:00 ] 127.0.0.1 /GoGoJP/index.php?url=Home/Index/getCurrentUser
INFO: [ app_init ] --START--
INFO: Run Behavior\BuildLiteBehavior [ RunTime:0.000000s ]
INFO: [ app_init ] --END-- [ RunTime:0.001000s ]
INFO: [ app_begin ] --START--
INFO: Run Behavior\ReadHtmlCacheBehavior [ RunTime:0.001000s ]
INFO: [ app_begin ] --END-- [ RunTime:0.001000s ]
NOTIC: [8192] mysql_connect(): The mysql extension is deprecated and will be removed in the future: use mysqli or PDO instead D:\Apache24\htdocs\GoGoJP\ThinkPHP\Library\Think\Db\Driver\Mysql.class.php 第 52 行.
SQL: SHOW COLUMNS FROM `gogojp_user` [ RunTime:0.005000s ]
NOTIC: [8] Undefined offset: 1 D:\Apache24\htdocs\GoGoJP\ThinkPHP\Library\Think\Db\Driver\Pdo.class.php 第 68 行.
NOTIC: [8] Undefined index: DB_DSN D:\Apache24\htdocs\GoGoJP\ThinkPHP\Library\Think\Db\Driver\Pdo.class.php 第 73 行.
SQL: select *  from gogojp_user where user_id=:user_id[ Array
(
    [:user_id] => 1
)
 ] [ RunTime:0.001000s ]

[ 2014-05-12T19:31:11+08:00 ] 127.0.0.1 /GoGoJP/index.php?url=Home/ProductCategory/searchMainCategory
INFO: [ app_init ] --START--
INFO: Run Behavior\BuildLiteBehavior [ RunTime:0.000000s ]
INFO: [ app_init ] --END-- [ RunTime:0.001001s ]
INFO: [ app_begin ] --START--
INFO: Run Behavior\ReadHtmlCacheBehavior [ RunTime:0.001000s ]
INFO: [ app_begin ] --END-- [ RunTime:0.001000s ]
NOTIC: [8192] mysql_connect(): The mysql extension is deprecated and will be removed in the future: use mysqli or PDO instead D:\Apache24\htdocs\GoGoJP\ThinkPHP\Library\Think\Db\Driver\Mysql.class.php 第 52 行.
SQL: SHOW COLUMNS FROM `gogojp_productcategory` [ RunTime:0.006000s ]
SQL: SELECT * FROM `gogojp_productcategory` WHERE ( parentid=0 )  [ RunTime:0.000000s ]

[ 2014-05-12T19:32:17+08:00 ] 127.0.0.1 /GoGoJP/index.php?url=Home/Index/getCurrentUser
INFO: [ app_init ] --START--
INFO: Run Behavior\BuildLiteBehavior [ RunTime:0.000000s ]
INFO: [ app_init ] --END-- [ RunTime:0.001000s ]
INFO: [ app_begin ] --START--
INFO: Run Behavior\ReadHtmlCacheBehavior [ RunTime:0.001000s ]
INFO: [ app_begin ] --END-- [ RunTime:0.001000s ]
NOTIC: [8192] mysql_connect(): The mysql extension is deprecated and will be removed in the future: use mysqli or PDO instead D:\Apache24\htdocs\GoGoJP\ThinkPHP\Library\Think\Db\Driver\Mysql.class.php 第 52 行.
SQL: SHOW COLUMNS FROM `gogojp_user` [ RunTime:0.004001s ]
NOTIC: [8] Undefined offset: 1 D:\Apache24\htdocs\GoGoJP\ThinkPHP\Library\Think\Db\Driver\Pdo.class.php 第 68 行.
NOTIC: [8] Undefined index: DB_DSN D:\Apache24\htdocs\GoGoJP\ThinkPHP\Library\Think\Db\Driver\Pdo.class.php 第 73 行.
SQL: select *  from gogojp_user where user_id=:user_id[ Array
(
    [:user_id] => 1
)
 ] [ RunTime:0.001000s ]

[ 2014-05-12T19:32:17+08:00 ] 127.0.0.1 /GoGoJP/index.php?url=Home/ProductCategory/searchMainCategory
INFO: [ app_init ] --START--
INFO: Run Behavior\BuildLiteBehavior [ RunTime:0.000000s ]
INFO: [ app_init ] --END-- [ RunTime:0.000000s ]
INFO: [ app_begin ] --START--
INFO: Run Behavior\ReadHtmlCacheBehavior [ RunTime:0.001000s ]
INFO: [ app_begin ] --END-- [ RunTime:0.001000s ]
NOTIC: [8192] mysql_connect(): The mysql extension is deprecated and will be removed in the future: use mysqli or PDO instead D:\Apache24\htdocs\GoGoJP\ThinkPHP\Library\Think\Db\Driver\Mysql.class.php 第 52 行.
SQL: SHOW COLUMNS FROM `gogojp_productcategory` [ RunTime:0.004000s ]
SQL: SELECT * FROM `gogojp_productcategory` WHERE ( parentid=0 )  [ RunTime:0.001000s ]

[ 2014-05-12T19:36:13+08:00 ] 127.0.0.1 /GoGoJP/index.php?url=Home/Index/getCurrentUser
INFO: [ app_init ] --START--
INFO: Run Behavior\BuildLiteBehavior [ RunTime:0.000000s ]
INFO: [ app_init ] --END-- [ RunTime:0.001000s ]
INFO: [ app_begin ] --START--
INFO: Run Behavior\ReadHtmlCacheBehavior [ RunTime:0.000000s ]
INFO: [ app_begin ] --END-- [ RunTime:0.000000s ]
NOTIC: [8192] mysql_connect(): The mysql extension is deprecated and will be removed in the future: use mysqli or PDO instead D:\Apache24\htdocs\GoGoJP\ThinkPHP\Library\Think\Db\Driver\Mysql.class.php 第 52 行.
SQL: SHOW COLUMNS FROM `gogojp_user` [ RunTime:0.005001s ]
NOTIC: [8] Undefined offset: 1 D:\Apache24\htdocs\GoGoJP\ThinkPHP\Library\Think\Db\Driver\Pdo.class.php 第 68 行.
NOTIC: [8] Undefined index: DB_DSN D:\Apache24\htdocs\GoGoJP\ThinkPHP\Library\Think\Db\Driver\Pdo.class.php 第 73 行.
SQL: select *  from gogojp_user where user_id=:user_id[ Array
(
    [:user_id] => 1
)
 ] [ RunTime:0.001000s ]

[ 2014-05-12T19:36:13+08:00 ] 127.0.0.1 /GoGoJP/index.php?url=Home/ProductCategory/searchMainCategory
INFO: [ app_init ] --START--
INFO: Run Behavior\BuildLiteBehavior [ RunTime:0.000000s ]
INFO: [ app_init ] --END-- [ RunTime:0.000000s ]
INFO: [ app_begin ] --START--
INFO: Run Behavior\ReadHtmlCacheBehavior [ RunTime:0.000000s ]
INFO: [ app_begin ] --END-- [ RunTime:0.000000s ]
NOTIC: [8192] mysql_connect(): The mysql extension is deprecated and will be removed in the future: use mysqli or PDO instead D:\Apache24\htdocs\GoGoJP\ThinkPHP\Library\Think\Db\Driver\Mysql.class.php 第 52 行.
SQL: SHOW COLUMNS FROM `gogojp_productcategory` [ RunTime:0.005000s ]
SQL: SELECT * FROM `gogojp_productcategory` WHERE ( parentid=0 )  [ RunTime:0.001000s ]

[ 2014-05-12T19:36:43+08:00 ] 127.0.0.1 /GoGoJP/index.php?url=Home/Index/getCurrentUser
INFO: [ app_init ] --START--
INFO: Run Behavior\BuildLiteBehavior [ RunTime:0.000000s ]
INFO: [ app_init ] --END-- [ RunTime:0.001000s ]
INFO: [ app_begin ] --START--
INFO: Run Behavior\ReadHtmlCacheBehavior [ RunTime:0.000000s ]
INFO: [ app_begin ] --END-- [ RunTime:0.000000s ]
NOTIC: [8192] mysql_connect(): The mysql extension is deprecated and will be removed in the future: use mysqli or PDO instead D:\Apache24\htdocs\GoGoJP\ThinkPHP\Library\Think\Db\Driver\Mysql.class.php 第 52 行.
SQL: SHOW COLUMNS FROM `gogojp_user` [ RunTime:0.005001s ]
NOTIC: [8] Undefined offset: 1 D:\Apache24\htdocs\GoGoJP\ThinkPHP\Library\Think\Db\Driver\Pdo.class.php 第 68 行.
NOTIC: [8] Undefined index: DB_DSN D:\Apache24\htdocs\GoGoJP\ThinkPHP\Library\Think\Db\Driver\Pdo.class.php 第 73 行.
SQL: select *  from gogojp_user where user_id=:user_id[ Array
(
    [:user_id] => 1
)
 ] [ RunTime:0.000000s ]

[ 2014-05-12T19:36:43+08:00 ] 127.0.0.1 /GoGoJP/index.php?url=Home/ProductCategory/searchMainCategory
INFO: [ app_init ] --START--
INFO: Run Behavior\BuildLiteBehavior [ RunTime:0.000000s ]
INFO: [ app_init ] --END-- [ RunTime:0.001000s ]
INFO: [ app_begin ] --START--
INFO: Run Behavior\ReadHtmlCacheBehavior [ RunTime:0.001000s ]
INFO: [ app_begin ] --END-- [ RunTime:0.001000s ]
NOTIC: [8192] mysql_connect(): The mysql extension is deprecated and will be removed in the future: use mysqli or PDO instead D:\Apache24\htdocs\GoGoJP\ThinkPHP\Library\Think\Db\Driver\Mysql.class.php 第 52 行.
SQL: SHOW COLUMNS FROM `gogojp_productcategory` [ RunTime:0.004000s ]
SQL: SELECT * FROM `gogojp_productcategory` WHERE ( parentid=0 )  [ RunTime:0.001000s ]

[ 2014-05-12T19:37:36+08:00 ] 127.0.0.1 /GoGoJP/index.php?url=Home/Index/getCurrentUser
INFO: [ app_init ] --START--
INFO: Run Behavior\BuildLiteBehavior [ RunTime:0.000000s ]
INFO: [ app_init ] --END-- [ RunTime:0.001000s ]
INFO: [ app_begin ] --START--
INFO: Run Behavior\ReadHtmlCacheBehavior [ RunTime:0.001000s ]
INFO: [ app_begin ] --END-- [ RunTime:0.001000s ]
NOTIC: [8192] mysql_connect(): The mysql extension is deprecated and will be removed in the future: use mysqli or PDO instead D:\Apache24\htdocs\GoGoJP\ThinkPHP\Library\Think\Db\Driver\Mysql.class.php 第 52 行.
SQL: SHOW COLUMNS FROM `gogojp_user` [ RunTime:0.004001s ]
NOTIC: [8] Undefined offset: 1 D:\Apache24\htdocs\GoGoJP\ThinkPHP\Library\Think\Db\Driver\Pdo.class.php 第 68 行.
NOTIC: [8] Undefined index: DB_DSN D:\Apache24\htdocs\GoGoJP\ThinkPHP\Library\Think\Db\Driver\Pdo.class.php 第 73 行.
SQL: select *  from gogojp_user where user_id=:user_id[ Array
(
    [:user_id] => 1
)
 ] [ RunTime:0.000000s ]

[ 2014-05-12T19:37:36+08:00 ] 127.0.0.1 /GoGoJP/index.php?url=Home/ProductCategory/searchMainCategory
INFO: [ app_init ] --START--
INFO: Run Behavior\BuildLiteBehavior [ RunTime:0.000000s ]
INFO: [ app_init ] --END-- [ RunTime:0.000000s ]
INFO: [ app_begin ] --START--
INFO: Run Behavior\ReadHtmlCacheBehavior [ RunTime:0.001000s ]
INFO: [ app_begin ] --END-- [ RunTime:0.001000s ]
NOTIC: [8192] mysql_connect(): The mysql extension is deprecated and will be removed in the future: use mysqli or PDO instead D:\Apache24\htdocs\GoGoJP\ThinkPHP\Library\Think\Db\Driver\Mysql.class.php 第 52 行.
SQL: SHOW COLUMNS FROM `gogojp_productcategory` [ RunTime:0.005000s ]
SQL: SELECT * FROM `gogojp_productcategory` WHERE ( parentid=0 )  [ RunTime:0.000000s ]

[ 2014-05-12T19:38:59+08:00 ] 127.0.0.1 /GoGoJP/index.php?url=Home/Index/getCurrentUser
INFO: [ app_init ] --START--
INFO: Run Behavior\BuildLiteBehavior [ RunTime:0.000000s ]
INFO: [ app_init ] --END-- [ RunTime:0.000000s ]
INFO: [ app_begin ] --START--
INFO: Run Behavior\ReadHtmlCacheBehavior [ RunTime:0.001000s ]
INFO: [ app_begin ] --END-- [ RunTime:0.001000s ]
NOTIC: [8192] mysql_connect(): The mysql extension is deprecated and will be removed in the future: use mysqli or PDO instead D:\Apache24\htdocs\GoGoJP\ThinkPHP\Library\Think\Db\Driver\Mysql.class.php 第 52 行.
SQL: SHOW COLUMNS FROM `gogojp_user` [ RunTime:0.005000s ]
NOTIC: [8] Undefined offset: 1 D:\Apache24\htdocs\GoGoJP\ThinkPHP\Library\Think\Db\Driver\Pdo.class.php 第 68 行.
NOTIC: [8] Undefined index: DB_DSN D:\Apache24\htdocs\GoGoJP\ThinkPHP\Library\Think\Db\Driver\Pdo.class.php 第 73 行.
SQL: select *  from gogojp_user where user_id=:user_id[ Array
(
    [:user_id] => 1
)
 ] [ RunTime:0.001000s ]

[ 2014-05-12T19:38:59+08:00 ] 127.0.0.1 /GoGoJP/index.php?url=Home/ProductCategory/searchMainCategory
INFO: [ app_init ] --START--
INFO: Run Behavior\BuildLiteBehavior [ RunTime:0.000000s ]
INFO: [ app_init ] --END-- [ RunTime:0.001000s ]
INFO: [ app_begin ] --START--
INFO: Run Behavior\ReadHtmlCacheBehavior [ RunTime:0.001000s ]
INFO: [ app_begin ] --END-- [ RunTime:0.001000s ]
NOTIC: [8192] mysql_connect(): The mysql extension is deprecated and will be removed in the future: use mysqli or PDO instead D:\Apache24\htdocs\GoGoJP\ThinkPHP\Library\Think\Db\Driver\Mysql.class.php 第 52 行.
SQL: SHOW COLUMNS FROM `gogojp_productcategory` [ RunTime:0.005000s ]
SQL: SELECT * FROM `gogojp_productcategory` WHERE ( parentid=0 )  [ RunTime:0.001000s ]

[ 2014-05-12T19:43:09+08:00 ] 127.0.0.1 /GoGoJP/index.php?url=Home/Index/getCurrentUser
INFO: [ app_init ] --START--
INFO: Run Behavior\BuildLiteBehavior [ RunTime:0.000000s ]
INFO: [ app_init ] --END-- [ RunTime:0.001000s ]
INFO: [ app_begin ] --START--
INFO: Run Behavior\ReadHtmlCacheBehavior [ RunTime:0.000000s ]
INFO: [ app_begin ] --END-- [ RunTime:0.000000s ]
NOTIC: [8192] mysql_connect(): The mysql extension is deprecated and will be removed in the future: use mysqli or PDO instead D:\Apache24\htdocs\GoGoJP\ThinkPHP\Library\Think\Db\Driver\Mysql.class.php 第 52 行.
SQL: SHOW COLUMNS FROM `gogojp_user` [ RunTime:0.004001s ]
NOTIC: [8] Undefined offset: 1 D:\Apache24\htdocs\GoGoJP\ThinkPHP\Library\Think\Db\Driver\Pdo.class.php 第 68 行.
NOTIC: [8] Undefined index: DB_DSN D:\Apache24\htdocs\GoGoJP\ThinkPHP\Library\Think\Db\Driver\Pdo.class.php 第 73 行.
SQL: select *  from gogojp_user where user_id=:user_id[ Array
(
    [:user_id] => 1
)
 ] [ RunTime:0.001000s ]

[ 2014-05-12T19:43:10+08:00 ] 127.0.0.1 /GoGoJP/index.php?url=Home/ProductCategory/searchProductCategory
INFO: [ app_init ] --START--
INFO: Run Behavior\BuildLiteBehavior [ RunTime:0.000000s ]
INFO: [ app_init ] --END-- [ RunTime:0.000000s ]
INFO: [ app_begin ] --START--
INFO: Run Behavior\ReadHtmlCacheBehavior [ RunTime:0.000000s ]
INFO: [ app_begin ] --END-- [ RunTime:0.000000s ]
NOTIC: [8192] mysql_connect(): The mysql extension is deprecated and will be removed in the future: use mysqli or PDO instead D:\Apache24\htdocs\GoGoJP\ThinkPHP\Library\Think\Db\Driver\Mysql.class.php 第 52 行.
SQL: SHOW COLUMNS FROM `gogojp_productcategory` [ RunTime:0.003000s ]
SQL: SELECT * FROM `gogojp_productcategory` WHERE ( parentid=0 )  [ RunTime:0.001000s ]
NOTIC: [8] Undefined offset: 1 D:\Apache24\htdocs\GoGoJP\ThinkPHP\Library\Think\Db\Driver\Pdo.class.php 第 68 行.
NOTIC: [8] Undefined index: DB_DSN D:\Apache24\htdocs\GoGoJP\ThinkPHP\Library\Think\Db\Driver\Pdo.class.php 第 73 行.
SQL: select t.cat_name as parent_name,p.* from ( select * from gogojp_productcategory where FIND_IN_SET(catid, getChildLst(10)) union select * from gogojp_productcategory where FIND_IN_SET(catid, getChildLst(9)) union select * from gogojp_productcategory where FIND_IN_SET(catid, getChildLst(11)) union select * from gogojp_productcategory where FIND_IN_SET(catid, getChildLst(24))) as p left join gogojp_productcategory as t on p.parentid=t.catid limit 0,15 [ RunTime:0.034002s ]
SQL: select count(*) totalcount from gogojp_productcategory order by create_time desc [ RunTime:0.000000s ]

[ 2014-05-12T19:43:54+08:00 ] 127.0.0.1 /GoGoJP/index.php?url=Home/Index/getCurrentUser
INFO: [ app_init ] --START--
INFO: Run Behavior\BuildLiteBehavior [ RunTime:0.000000s ]
INFO: [ app_init ] --END-- [ RunTime:0.001000s ]
INFO: [ app_begin ] --START--
INFO: Run Behavior\ReadHtmlCacheBehavior [ RunTime:0.001000s ]
INFO: [ app_begin ] --END-- [ RunTime:0.001000s ]
NOTIC: [8192] mysql_connect(): The mysql extension is deprecated and will be removed in the future: use mysqli or PDO instead D:\Apache24\htdocs\GoGoJP\ThinkPHP\Library\Think\Db\Driver\Mysql.class.php 第 52 行.
SQL: SHOW COLUMNS FROM `gogojp_user` [ RunTime:0.004001s ]
NOTIC: [8] Undefined offset: 1 D:\Apache24\htdocs\GoGoJP\ThinkPHP\Library\Think\Db\Driver\Pdo.class.php 第 68 行.
NOTIC: [8] Undefined index: DB_DSN D:\Apache24\htdocs\GoGoJP\ThinkPHP\Library\Think\Db\Driver\Pdo.class.php 第 73 行.
SQL: select *  from gogojp_user where user_id=:user_id[ Array
(
    [:user_id] => 1
)
 ] [ RunTime:0.000000s ]

[ 2014-05-12T19:43:54+08:00 ] 127.0.0.1 /GoGoJP/index.php?url=Home/ProductCategory/searchProductCategory
INFO: [ app_init ] --START--
INFO: Run Behavior\BuildLiteBehavior [ RunTime:0.000000s ]
INFO: [ app_init ] --END-- [ RunTime:0.000000s ]
INFO: [ app_begin ] --START--
INFO: Run Behavior\ReadHtmlCacheBehavior [ RunTime:0.001000s ]
INFO: [ app_begin ] --END-- [ RunTime:0.001000s ]
NOTIC: [8192] mysql_connect(): The mysql extension is deprecated and will be removed in the future: use mysqli or PDO instead D:\Apache24\htdocs\GoGoJP\ThinkPHP\Library\Think\Db\Driver\Mysql.class.php 第 52 行.
SQL: SHOW COLUMNS FROM `gogojp_productcategory` [ RunTime:0.004000s ]
SQL: SELECT * FROM `gogojp_productcategory` WHERE ( parentid=0 )  [ RunTime:0.000000s ]
NOTIC: [8] Undefined offset: 1 D:\Apache24\htdocs\GoGoJP\ThinkPHP\Library\Think\Db\Driver\Pdo.class.php 第 68 行.
NOTIC: [8] Undefined index: DB_DSN D:\Apache24\htdocs\GoGoJP\ThinkPHP\Library\Think\Db\Driver\Pdo.class.php 第 73 行.
SQL: select t.cat_name as parent_name,p.* from ( select * from gogojp_productcategory where FIND_IN_SET(catid, getChildLst(10)) union select * from gogojp_productcategory where FIND_IN_SET(catid, getChildLst(9)) union select * from gogojp_productcategory where FIND_IN_SET(catid, getChildLst(11)) union select * from gogojp_productcategory where FIND_IN_SET(catid, getChildLst(24))) as p left join gogojp_productcategory as t on p.parentid=t.catid limit 0,15 [ RunTime:0.018001s ]
SQL: select count(*) totalcount from gogojp_productcategory order by create_time desc [ RunTime:0.000000s ]

[ 2014-05-12T19:46:03+08:00 ] 127.0.0.1 /GoGoJP/index.php?url=Home/Index/getCurrentUser
INFO: [ app_init ] --START--
INFO: Run Behavior\BuildLiteBehavior [ RunTime:0.000000s ]
INFO: [ app_init ] --END-- [ RunTime:0.001000s ]
INFO: [ app_begin ] --START--
INFO: Run Behavior\ReadHtmlCacheBehavior [ RunTime:0.001001s ]
INFO: [ app_begin ] --END-- [ RunTime:0.001001s ]
NOTIC: [8192] mysql_connect(): The mysql extension is deprecated and will be removed in the future: use mysqli or PDO instead D:\Apache24\htdocs\GoGoJP\ThinkPHP\Library\Think\Db\Driver\Mysql.class.php 第 52 行.
SQL: SHOW COLUMNS FROM `gogojp_user` [ RunTime:0.004000s ]
NOTIC: [8] Undefined offset: 1 D:\Apache24\htdocs\GoGoJP\ThinkPHP\Library\Think\Db\Driver\Pdo.class.php 第 68 行.
NOTIC: [8] Undefined index: DB_DSN D:\Apache24\htdocs\GoGoJP\ThinkPHP\Library\Think\Db\Driver\Pdo.class.php 第 73 行.
SQL: select *  from gogojp_user where user_id=:user_id[ Array
(
    [:user_id] => 1
)
 ] [ RunTime:0.000000s ]

[ 2014-05-12T19:46:03+08:00 ] 127.0.0.1 /GoGoJP/index.php?url=Home/ProductCategory/searchProductCategory
INFO: [ app_init ] --START--
INFO: Run Behavior\BuildLiteBehavior [ RunTime:0.001000s ]
INFO: [ app_init ] --END-- [ RunTime:0.001000s ]
INFO: [ app_begin ] --START--
INFO: Run Behavior\ReadHtmlCacheBehavior [ RunTime:0.001000s ]
INFO: [ app_begin ] --END-- [ RunTime:0.001000s ]
NOTIC: [8192] mysql_connect(): The mysql extension is deprecated and will be removed in the future: use mysqli or PDO instead D:\Apache24\htdocs\GoGoJP\ThinkPHP\Library\Think\Db\Driver\Mysql.class.php 第 52 行.
SQL: SHOW COLUMNS FROM `gogojp_productcategory` [ RunTime:0.004000s ]
SQL: SELECT * FROM `gogojp_productcategory` WHERE ( parentid=0 )  [ RunTime:0.001000s ]
NOTIC: [8] Undefined offset: 1 D:\Apache24\htdocs\GoGoJP\ThinkPHP\Library\Think\Db\Driver\Pdo.class.php 第 68 行.
NOTIC: [8] Undefined index: DB_DSN D:\Apache24\htdocs\GoGoJP\ThinkPHP\Library\Think\Db\Driver\Pdo.class.php 第 73 行.
SQL: select t.cat_name as parent_name,p.* from ( select * from gogojp_productcategory where FIND_IN_SET(catid, getChildLst(10)) union select * from gogojp_productcategory where FIND_IN_SET(catid, getChildLst(9)) union select * from gogojp_productcategory where FIND_IN_SET(catid, getChildLst(11)) union select * from gogojp_productcategory where FIND_IN_SET(catid, getChildLst(24))) as p left join gogojp_productcategory as t on p.parentid=t.catid limit 0,15 [ RunTime:0.018001s ]
SQL: select count(*) totalcount from gogojp_productcategory order by create_time desc [ RunTime:0.000000s ]

[ 2014-05-12T19:46:20+08:00 ] 127.0.0.1 /GoGoJP/index.php?url=Home/Index/getCurrentUser
INFO: [ app_init ] --START--
INFO: Run Behavior\BuildLiteBehavior [ RunTime:0.000000s ]
INFO: [ app_init ] --END-- [ RunTime:0.001000s ]
INFO: [ app_begin ] --START--
INFO: Run Behavior\ReadHtmlCacheBehavior [ RunTime:0.001000s ]
INFO: [ app_begin ] --END-- [ RunTime:0.001000s ]
NOTIC: [8192] mysql_connect(): The mysql extension is deprecated and will be removed in the future: use mysqli or PDO instead D:\Apache24\htdocs\GoGoJP\ThinkPHP\Library\Think\Db\Driver\Mysql.class.php 第 52 行.
SQL: SHOW COLUMNS FROM `gogojp_user` [ RunTime:0.003000s ]
NOTIC: [8] Undefined offset: 1 D:\Apache24\htdocs\GoGoJP\ThinkPHP\Library\Think\Db\Driver\Pdo.class.php 第 68 行.
NOTIC: [8] Undefined index: DB_DSN D:\Apache24\htdocs\GoGoJP\ThinkPHP\Library\Think\Db\Driver\Pdo.class.php 第 73 行.
SQL: select *  from gogojp_user where user_id=:user_id[ Array
(
    [:user_id] => 1
)
 ] [ RunTime:0.000000s ]

[ 2014-05-12T19:46:20+08:00 ] 127.0.0.1 /GoGoJP/index.php?url=Home/ProductCategory/searchProductCategory
INFO: [ app_init ] --START--
INFO: Run Behavior\BuildLiteBehavior [ RunTime:0.000000s ]
INFO: [ app_init ] --END-- [ RunTime:0.001000s ]
INFO: [ app_begin ] --START--
INFO: Run Behavior\ReadHtmlCacheBehavior [ RunTime:0.000000s ]
INFO: [ app_begin ] --END-- [ RunTime:0.000000s ]
NOTIC: [8192] mysql_connect(): The mysql extension is deprecated and will be removed in the future: use mysqli or PDO instead D:\Apache24\htdocs\GoGoJP\ThinkPHP\Library\Think\Db\Driver\Mysql.class.php 第 52 行.
SQL: SHOW COLUMNS FROM `gogojp_productcategory` [ RunTime:0.003000s ]
SQL: SELECT * FROM `gogojp_productcategory` WHERE ( parentid=0 )  [ RunTime:0.001000s ]
NOTIC: [8] Undefined offset: 1 D:\Apache24\htdocs\GoGoJP\ThinkPHP\Library\Think\Db\Driver\Pdo.class.php 第 68 行.
NOTIC: [8] Undefined index: DB_DSN D:\Apache24\htdocs\GoGoJP\ThinkPHP\Library\Think\Db\Driver\Pdo.class.php 第 73 行.
SQL: select t.cat_name as parent_name,p.* from ( select * from gogojp_productcategory where FIND_IN_SET(catid, getChildLst(10)) union select * from gogojp_productcategory where FIND_IN_SET(catid, getChildLst(9)) union select * from gogojp_productcategory where FIND_IN_SET(catid, getChildLst(11)) union select * from gogojp_productcategory where FIND_IN_SET(catid, getChildLst(24))) as p left join gogojp_productcategory as t on p.parentid=t.catid limit 0,15 [ RunTime:0.020001s ]
SQL: select count(*) totalcount from gogojp_productcategory order by create_time desc [ RunTime:0.000000s ]

[ 2014-05-12T19:52:13+08:00 ] 127.0.0.1 /GoGoJP/index.php?url=Home/Index/getCurrentUser
INFO: [ app_init ] --START--
INFO: Run Behavior\BuildLiteBehavior [ RunTime:0.000000s ]
INFO: [ app_init ] --END-- [ RunTime:0.001000s ]
INFO: [ app_begin ] --START--
INFO: Run Behavior\ReadHtmlCacheBehavior [ RunTime:0.001000s ]
INFO: [ app_begin ] --END-- [ RunTime:0.001000s ]
NOTIC: [8192] mysql_connect(): The mysql extension is deprecated and will be removed in the future: use mysqli or PDO instead D:\Apache24\htdocs\GoGoJP\ThinkPHP\Library\Think\Db\Driver\Mysql.class.php 第 52 行.
SQL: SHOW COLUMNS FROM `gogojp_user` [ RunTime:0.005000s ]
NOTIC: [8] Undefined offset: 1 D:\Apache24\htdocs\GoGoJP\ThinkPHP\Library\Think\Db\Driver\Pdo.class.php 第 68 行.
NOTIC: [8] Undefined index: DB_DSN D:\Apache24\htdocs\GoGoJP\ThinkPHP\Library\Think\Db\Driver\Pdo.class.php 第 73 行.
SQL: select *  from gogojp_user where user_id=:user_id[ Array
(
    [:user_id] => 1
)
 ] [ RunTime:0.001000s ]

[ 2014-05-12T19:52:14+08:00 ] 127.0.0.1 /GoGoJP/index.php?url=Home/ProductCategory/searchMainCategory
INFO: [ app_init ] --START--
INFO: Run Behavior\BuildLiteBehavior [ RunTime:0.000000s ]
INFO: [ app_init ] --END-- [ RunTime:0.000000s ]
INFO: [ app_begin ] --START--
INFO: Run Behavior\ReadHtmlCacheBehavior [ RunTime:0.001000s ]
INFO: [ app_begin ] --END-- [ RunTime:0.001000s ]
NOTIC: [8192] mysql_connect(): The mysql extension is deprecated and will be removed in the future: use mysqli or PDO instead D:\Apache24\htdocs\GoGoJP\ThinkPHP\Library\Think\Db\Driver\Mysql.class.php 第 52 行.
SQL: SHOW COLUMNS FROM `gogojp_productcategory` [ RunTime:0.005000s ]
SQL: SELECT * FROM `gogojp_productcategory` WHERE ( parentid=0 )  [ RunTime:0.001000s ]

[ 2014-05-12T19:52:42+08:00 ] 127.0.0.1 /GoGoJP/index.php?url=Home/Index/getCurrentUser
INFO: [ app_init ] --START--
INFO: Run Behavior\BuildLiteBehavior [ RunTime:0.000000s ]
INFO: [ app_init ] --END-- [ RunTime:0.001000s ]
INFO: [ app_begin ] --START--
INFO: Run Behavior\ReadHtmlCacheBehavior [ RunTime:0.000000s ]
INFO: [ app_begin ] --END-- [ RunTime:0.002000s ]
NOTIC: [8192] mysql_connect(): The mysql extension is deprecated and will be removed in the future: use mysqli or PDO instead D:\Apache24\htdocs\GoGoJP\ThinkPHP\Library\Think\Db\Driver\Mysql.class.php 第 52 行.
SQL: SHOW COLUMNS FROM `gogojp_user` [ RunTime:0.004000s ]
NOTIC: [8] Undefined offset: 1 D:\Apache24\htdocs\GoGoJP\ThinkPHP\Library\Think\Db\Driver\Pdo.class.php 第 68 行.
NOTIC: [8] Undefined index: DB_DSN D:\Apache24\htdocs\GoGoJP\ThinkPHP\Library\Think\Db\Driver\Pdo.class.php 第 73 行.
SQL: select *  from gogojp_user where user_id=:user_id[ Array
(
    [:user_id] => 1
)
 ] [ RunTime:0.000000s ]

[ 2014-05-12T19:52:42+08:00 ] 127.0.0.1 /GoGoJP/index.php?url=Home/ProductCategory/searchMainCategory
INFO: [ app_init ] --START--
INFO: Run Behavior\BuildLiteBehavior [ RunTime:0.000000s ]
INFO: [ app_init ] --END-- [ RunTime:0.001000s ]
INFO: [ app_begin ] --START--
INFO: Run Behavior\ReadHtmlCacheBehavior [ RunTime:0.000000s ]
INFO: [ app_begin ] --END-- [ RunTime:0.000000s ]
NOTIC: [8192] mysql_connect(): The mysql extension is deprecated and will be removed in the future: use mysqli or PDO instead D:\Apache24\htdocs\GoGoJP\ThinkPHP\Library\Think\Db\Driver\Mysql.class.php 第 52 行.
SQL: SHOW COLUMNS FROM `gogojp_productcategory` [ RunTime:0.003000s ]
SQL: SELECT * FROM `gogojp_productcategory` WHERE ( parentid=0 )  [ RunTime:0.000000s ]

[ 2014-05-12T19:52:55+08:00 ] 127.0.0.1 /GoGoJP/index.php?url=Home/Index/getCurrentUser
INFO: [ app_init ] --START--
INFO: Run Behavior\BuildLiteBehavior [ RunTime:0.000000s ]
INFO: [ app_init ] --END-- [ RunTime:0.001000s ]
INFO: [ app_begin ] --START--
INFO: Run Behavior\ReadHtmlCacheBehavior [ RunTime:0.001001s ]
INFO: [ app_begin ] --END-- [ RunTime:0.001001s ]
NOTIC: [8192] mysql_connect(): The mysql extension is deprecated and will be removed in the future: use mysqli or PDO instead D:\Apache24\htdocs\GoGoJP\ThinkPHP\Library\Think\Db\Driver\Mysql.class.php 第 52 行.
SQL: SHOW COLUMNS FROM `gogojp_user` [ RunTime:0.004001s ]
NOTIC: [8] Undefined offset: 1 D:\Apache24\htdocs\GoGoJP\ThinkPHP\Library\Think\Db\Driver\Pdo.class.php 第 68 行.
NOTIC: [8] Undefined index: DB_DSN D:\Apache24\htdocs\GoGoJP\ThinkPHP\Library\Think\Db\Driver\Pdo.class.php 第 73 行.
SQL: select *  from gogojp_user where user_id=:user_id[ Array
(
    [:user_id] => 1
)
 ] [ RunTime:0.001000s ]

[ 2014-05-12T19:52:55+08:00 ] 127.0.0.1 /GoGoJP/index.php?url=Home/ProductCategory/searchMainCategory
INFO: [ app_init ] --START--
INFO: Run Behavior\BuildLiteBehavior [ RunTime:0.000000s ]
INFO: [ app_init ] --END-- [ RunTime:0.001000s ]
INFO: [ app_begin ] --START--
INFO: Run Behavior\ReadHtmlCacheBehavior [ RunTime:0.001000s ]
INFO: [ app_begin ] --END-- [ RunTime:0.001000s ]
NOTIC: [8192] mysql_connect(): The mysql extension is deprecated and will be removed in the future: use mysqli or PDO instead D:\Apache24\htdocs\GoGoJP\ThinkPHP\Library\Think\Db\Driver\Mysql.class.php 第 52 行.
SQL: SHOW COLUMNS FROM `gogojp_productcategory` [ RunTime:0.005000s ]
SQL: SELECT * FROM `gogojp_productcategory` WHERE ( parentid=0 )  [ RunTime:0.001000s ]

[ 2014-05-12T19:58:44+08:00 ] 127.0.0.1 /GoGoJP/index.php?url=Home/Index/getCurrentUser
INFO: [ app_init ] --START--
INFO: Run Behavior\BuildLiteBehavior [ RunTime:0.000000s ]
INFO: [ app_init ] --END-- [ RunTime:0.001000s ]
INFO: [ app_begin ] --START--
INFO: Run Behavior\ReadHtmlCacheBehavior [ RunTime:0.001000s ]
INFO: [ app_begin ] --END-- [ RunTime:0.001000s ]
NOTIC: [8192] mysql_connect(): The mysql extension is deprecated and will be removed in the future: use mysqli or PDO instead D:\Apache24\htdocs\GoGoJP\ThinkPHP\Library\Think\Db\Driver\Mysql.class.php 第 52 行.
SQL: SHOW COLUMNS FROM `gogojp_user` [ RunTime:0.006001s ]
NOTIC: [8] Undefined offset: 1 D:\Apache24\htdocs\GoGoJP\ThinkPHP\Library\Think\Db\Driver\Pdo.class.php 第 68 行.
NOTIC: [8] Undefined index: DB_DSN D:\Apache24\htdocs\GoGoJP\ThinkPHP\Library\Think\Db\Driver\Pdo.class.php 第 73 行.
SQL: select *  from gogojp_user where user_id=:user_id[ Array
(
    [:user_id] => 1
)
 ] [ RunTime:0.000000s ]

[ 2014-05-12T19:58:45+08:00 ] 127.0.0.1 /GoGoJP/index.php?url=Home/ProductCategory/searchMainCategory
INFO: [ app_init ] --START--
INFO: Run Behavior\BuildLiteBehavior [ RunTime:0.000000s ]
INFO: [ app_init ] --END-- [ RunTime:0.001000s ]
INFO: [ app_begin ] --START--
INFO: Run Behavior\ReadHtmlCacheBehavior [ RunTime:0.001000s ]
INFO: [ app_begin ] --END-- [ RunTime:0.001000s ]
NOTIC: [8192] mysql_connect(): The mysql extension is deprecated and will be removed in the future: use mysqli or PDO instead D:\Apache24\htdocs\GoGoJP\ThinkPHP\Library\Think\Db\Driver\Mysql.class.php 第 52 行.
SQL: SHOW COLUMNS FROM `gogojp_productcategory` [ RunTime:0.004000s ]
SQL: SELECT * FROM `gogojp_productcategory` WHERE ( parentid=0 )  [ RunTime:0.001000s ]

[ 2014-05-12T19:58:59+08:00 ] 127.0.0.1 /GoGoJP/index.php?url=Home/Index/getCurrentUser
INFO: [ app_init ] --START--
INFO: Run Behavior\BuildLiteBehavior [ RunTime:0.000000s ]
INFO: [ app_init ] --END-- [ RunTime:0.000000s ]
INFO: [ app_begin ] --START--
INFO: Run Behavior\ReadHtmlCacheBehavior [ RunTime:0.000000s ]
INFO: [ app_begin ] --END-- [ RunTime:0.000000s ]
NOTIC: [8192] mysql_connect(): The mysql extension is deprecated and will be removed in the future: use mysqli or PDO instead D:\Apache24\htdocs\GoGoJP\ThinkPHP\Library\Think\Db\Driver\Mysql.class.php 第 52 行.
SQL: SHOW COLUMNS FROM `gogojp_user` [ RunTime:0.004000s ]
NOTIC: [8] Undefined offset: 1 D:\Apache24\htdocs\GoGoJP\ThinkPHP\Library\Think\Db\Driver\Pdo.class.php 第 68 行.
NOTIC: [8] Undefined index: DB_DSN D:\Apache24\htdocs\GoGoJP\ThinkPHP\Library\Think\Db\Driver\Pdo.class.php 第 73 行.
SQL: select *  from gogojp_user where user_id=:user_id[ Array
(
    [:user_id] => 1
)
 ] [ RunTime:0.000000s ]

[ 2014-05-12T19:59:00+08:00 ] 127.0.0.1 /GoGoJP/index.php?url=Home/ProductCategory/searchMainCategory
INFO: [ app_init ] --START--
INFO: Run Behavior\BuildLiteBehavior [ RunTime:0.000000s ]
INFO: [ app_init ] --END-- [ RunTime:0.001000s ]
INFO: [ app_begin ] --START--
INFO: Run Behavior\ReadHtmlCacheBehavior [ RunTime:0.000000s ]
INFO: [ app_begin ] --END-- [ RunTime:0.001000s ]
NOTIC: [8192] mysql_connect(): The mysql extension is deprecated and will be removed in the future: use mysqli or PDO instead D:\Apache24\htdocs\GoGoJP\ThinkPHP\Library\Think\Db\Driver\Mysql.class.php 第 52 行.
SQL: SHOW COLUMNS FROM `gogojp_productcategory` [ RunTime:0.004001s ]
SQL: SELECT * FROM `gogojp_productcategory` WHERE ( parentid=0 )  [ RunTime:0.000000s ]

[ 2014-05-12T19:59:01+08:00 ] 127.0.0.1 /GoGoJP/index.php?url=Home/Index/getCurrentUser
INFO: [ app_init ] --START--
INFO: Run Behavior\BuildLiteBehavior [ RunTime:0.000000s ]
INFO: [ app_init ] --END-- [ RunTime:0.000000s ]
INFO: [ app_begin ] --START--
INFO: Run Behavior\ReadHtmlCacheBehavior [ RunTime:0.000000s ]
INFO: [ app_begin ] --END-- [ RunTime:0.000000s ]
NOTIC: [8192] mysql_connect(): The mysql extension is deprecated and will be removed in the future: use mysqli or PDO instead D:\Apache24\htdocs\GoGoJP\ThinkPHP\Library\Think\Db\Driver\Mysql.class.php 第 52 行.
SQL: SHOW COLUMNS FROM `gogojp_user` [ RunTime:0.005001s ]
NOTIC: [8] Undefined offset: 1 D:\Apache24\htdocs\GoGoJP\ThinkPHP\Library\Think\Db\Driver\Pdo.class.php 第 68 行.
NOTIC: [8] Undefined index: DB_DSN D:\Apache24\htdocs\GoGoJP\ThinkPHP\Library\Think\Db\Driver\Pdo.class.php 第 73 行.
SQL: select *  from gogojp_user where user_id=:user_id[ Array
(
    [:user_id] => 1
)
 ] [ RunTime:0.000000s ]

[ 2014-05-12T19:59:02+08:00 ] 127.0.0.1 /GoGoJP/index.php?url=Home/ProductCategory/searchMainCategory
INFO: [ app_init ] --START--
INFO: Run Behavior\BuildLiteBehavior [ RunTime:0.000000s ]
INFO: [ app_init ] --END-- [ RunTime:0.000000s ]
INFO: [ app_begin ] --START--
INFO: Run Behavior\ReadHtmlCacheBehavior [ RunTime:0.000000s ]
INFO: [ app_begin ] --END-- [ RunTime:0.000000s ]
NOTIC: [8192] mysql_connect(): The mysql extension is deprecated and will be removed in the future: use mysqli or PDO instead D:\Apache24\htdocs\GoGoJP\ThinkPHP\Library\Think\Db\Driver\Mysql.class.php 第 52 行.
SQL: SHOW COLUMNS FROM `gogojp_productcategory` [ RunTime:0.004000s ]
SQL: SELECT * FROM `gogojp_productcategory` WHERE ( parentid=0 )  [ RunTime:0.000000s ]

[ 2014-05-12T19:59:05+08:00 ] 127.0.0.1 /GoGoJP/index.php?url=Home/ProductCategory/searchMainCategory
INFO: [ app_init ] --START--
INFO: Run Behavior\BuildLiteBehavior [ RunTime:0.001000s ]
INFO: [ app_init ] --END-- [ RunTime:0.001000s ]
INFO: [ app_begin ] --START--
INFO: Run Behavior\ReadHtmlCacheBehavior [ RunTime:0.001000s ]
INFO: [ app_begin ] --END-- [ RunTime:0.001000s ]
NOTIC: [8192] mysql_connect(): The mysql extension is deprecated and will be removed in the future: use mysqli or PDO instead D:\Apache24\htdocs\GoGoJP\ThinkPHP\Library\Think\Db\Driver\Mysql.class.php 第 52 行.
SQL: SHOW COLUMNS FROM `gogojp_productcategory` [ RunTime:0.004000s ]
SQL: SELECT * FROM `gogojp_productcategory` WHERE ( parentid=0 )  [ RunTime:0.001000s ]

[ 2014-05-12T19:59:25+08:00 ] 127.0.0.1 /GoGoJP/index.php?url=Home/Index/getCurrentUser
INFO: [ app_init ] --START--
INFO: Run Behavior\BuildLiteBehavior [ RunTime:0.000000s ]
INFO: [ app_init ] --END-- [ RunTime:0.001000s ]
INFO: [ app_begin ] --START--
INFO: Run Behavior\ReadHtmlCacheBehavior [ RunTime:0.001000s ]
INFO: [ app_begin ] --END-- [ RunTime:0.001000s ]
NOTIC: [8192] mysql_connect(): The mysql extension is deprecated and will be removed in the future: use mysqli or PDO instead D:\Apache24\htdocs\GoGoJP\ThinkPHP\Library\Think\Db\Driver\Mysql.class.php 第 52 行.
SQL: SHOW COLUMNS FROM `gogojp_user` [ RunTime:0.006000s ]
NOTIC: [8] Undefined offset: 1 D:\Apache24\htdocs\GoGoJP\ThinkPHP\Library\Think\Db\Driver\Pdo.class.php 第 68 行.
NOTIC: [8] Undefined index: DB_DSN D:\Apache24\htdocs\GoGoJP\ThinkPHP\Library\Think\Db\Driver\Pdo.class.php 第 73 行.
SQL: select *  from gogojp_user where user_id=:user_id[ Array
(
    [:user_id] => 1
)
 ] [ RunTime:0.001000s ]

[ 2014-05-12T19:59:26+08:00 ] 127.0.0.1 /GoGoJP/index.php?url=Home/ProductCategory/searchMainCategory
INFO: [ app_init ] --START--
INFO: Run Behavior\BuildLiteBehavior [ RunTime:0.000000s ]
INFO: [ app_init ] --END-- [ RunTime:0.001000s ]
INFO: [ app_begin ] --START--
INFO: Run Behavior\ReadHtmlCacheBehavior [ RunTime:0.001000s ]
INFO: [ app_begin ] --END-- [ RunTime:0.001000s ]
NOTIC: [8192] mysql_connect(): The mysql extension is deprecated and will be removed in the future: use mysqli or PDO instead D:\Apache24\htdocs\GoGoJP\ThinkPHP\Library\Think\Db\Driver\Mysql.class.php 第 52 行.
SQL: SHOW COLUMNS FROM `gogojp_productcategory` [ RunTime:0.007000s ]
SQL: SELECT * FROM `gogojp_productcategory` WHERE ( parentid=0 )  [ RunTime:0.000000s ]

[ 2014-05-12T19:59:37+08:00 ] 127.0.0.1 /GoGoJP/index.php?url=Home/Index/getCurrentUser
INFO: [ app_init ] --START--
INFO: Run Behavior\BuildLiteBehavior [ RunTime:0.000000s ]
INFO: [ app_init ] --END-- [ RunTime:0.001000s ]
INFO: [ app_begin ] --START--
INFO: Run Behavior\ReadHtmlCacheBehavior [ RunTime:0.001000s ]
INFO: [ app_begin ] --END-- [ RunTime:0.001000s ]
NOTIC: [8192] mysql_connect(): The mysql extension is deprecated and will be removed in the future: use mysqli or PDO instead D:\Apache24\htdocs\GoGoJP\ThinkPHP\Library\Think\Db\Driver\Mysql.class.php 第 52 行.
SQL: SHOW COLUMNS FROM `gogojp_user` [ RunTime:0.004000s ]
NOTIC: [8] Undefined offset: 1 D:\Apache24\htdocs\GoGoJP\ThinkPHP\Library\Think\Db\Driver\Pdo.class.php 第 68 行.
NOTIC: [8] Undefined index: DB_DSN D:\Apache24\htdocs\GoGoJP\ThinkPHP\Library\Think\Db\Driver\Pdo.class.php 第 73 行.
SQL: select *  from gogojp_user where user_id=:user_id[ Array
(
    [:user_id] => 1
)
 ] [ RunTime:0.000000s ]

[ 2014-05-12T19:59:57+08:00 ] 127.0.0.1 /GoGoJP/index.php?url=Home/Index/getCurrentUser
INFO: [ app_init ] --START--
INFO: Run Behavior\BuildLiteBehavior [ RunTime:0.000000s ]
INFO: [ app_init ] --END-- [ RunTime:0.000000s ]
INFO: [ app_begin ] --START--
INFO: Run Behavior\ReadHtmlCacheBehavior [ RunTime:0.001000s ]
INFO: [ app_begin ] --END-- [ RunTime:0.001000s ]
NOTIC: [8192] mysql_connect(): The mysql extension is deprecated and will be removed in the future: use mysqli or PDO instead D:\Apache24\htdocs\GoGoJP\ThinkPHP\Library\Think\Db\Driver\Mysql.class.php 第 52 行.
SQL: SHOW COLUMNS FROM `gogojp_user` [ RunTime:0.005000s ]
NOTIC: [8] Undefined offset: 1 D:\Apache24\htdocs\GoGoJP\ThinkPHP\Library\Think\Db\Driver\Pdo.class.php 第 68 行.
NOTIC: [8] Undefined index: DB_DSN D:\Apache24\htdocs\GoGoJP\ThinkPHP\Library\Think\Db\Driver\Pdo.class.php 第 73 行.
SQL: select *  from gogojp_user where user_id=:user_id[ Array
(
    [:user_id] => 1
)
 ] [ RunTime:0.001000s ]

[ 2014-05-12T20:00:00+08:00 ] 127.0.0.1 /GoGoJP/index.php?url=Home/Order/searchOrder
INFO: [ app_init ] --START--
INFO: Run Behavior\BuildLiteBehavior [ RunTime:0.001000s ]
INFO: [ app_init ] --END-- [ RunTime:0.001000s ]
INFO: [ app_begin ] --START--
INFO: Run Behavior\ReadHtmlCacheBehavior [ RunTime:0.001000s ]
INFO: [ app_begin ] --END-- [ RunTime:0.001000s ]
NOTIC: [8192] mysql_connect(): The mysql extension is deprecated and will be removed in the future: use mysqli or PDO instead D:\Apache24\htdocs\GoGoJP\ThinkPHP\Library\Think\Db\Driver\Mysql.class.php 第 52 行.
SQL: SHOW COLUMNS FROM `gogojp_order` [ RunTime:0.041002s ]
NOTIC: [8] Undefined offset: 1 D:\Apache24\htdocs\GoGoJP\ThinkPHP\Library\Think\Db\Driver\Pdo.class.php 第 68 行.
NOTIC: [8] Undefined index: DB_DSN D:\Apache24\htdocs\GoGoJP\ThinkPHP\Library\Think\Db\Driver\Pdo.class.php 第 73 行.
SQL:  select * from gogojp_order 
				where   1=1 
  
 and  ( order_status = :order_status or :order_status=0 ) 
 limit 0,10[ Array
(
    [:order_status] => 0
)
 ] [ RunTime:0.010001s ]
SQL:  select count(*) totalcount  from gogojp_order 
				where   1=1 
 
 and  ( order_status = :order_status or :order_status=0 ) 
[ Array
(
    [:order_status] => 0
)
 ] [ RunTime:0.000000s ]

[ 2014-05-12T20:00:01+08:00 ] 127.0.0.1 /GoGoJP/index.php?url=Home/Chat/chatList
INFO: [ app_init ] --START--
INFO: Run Behavior\BuildLiteBehavior [ RunTime:0.000000s ]
INFO: [ app_init ] --END-- [ RunTime:0.001000s ]
INFO: [ app_begin ] --START--
INFO: Run Behavior\ReadHtmlCacheBehavior [ RunTime:0.001000s ]
INFO: [ app_begin ] --END-- [ RunTime:0.001000s ]
NOTIC: [8192] mysql_connect(): The mysql extension is deprecated and will be removed in the future: use mysqli or PDO instead D:\Apache24\htdocs\GoGoJP\ThinkPHP\Library\Think\Db\Driver\Mysql.class.php 第 52 行.
SQL: SHOW COLUMNS FROM `gogojp_customer_advisory` [ RunTime:0.005001s ]
NOTIC: [8] Undefined offset: 1 D:\Apache24\htdocs\GoGoJP\ThinkPHP\Library\Think\Db\Driver\Pdo.class.php 第 68 行.
NOTIC: [8] Undefined index: DB_DSN D:\Apache24\htdocs\GoGoJP\ThinkPHP\Library\Think\Db\Driver\Pdo.class.php 第 73 行.
SQL:  select advisory_id,customer_id,customer_account,customer_nickname,create_time,isread from gogojp_customer_advisory where
 (''='' or customer_account like '%%')
 and  (''='' or customer_nickname = '%%')
 and  ( create_time >= :begin_time or :begin_time='' )
 and  ( create_time <= :end_time or :end_time='' )
 order by isread asc,create_time desc
 limit 0,20[ Array
(
    [:begin_time] => 
    [:end_time] => 
)
 ] [ RunTime:0.001000s ]
SQL:  select count(*) totalcount  from gogojp_customer_advisory where
(''='' or customer_account like '%%')
 and  (''='' or customer_nickname = '%%')
 and  ( create_time >= :begin_time or :begin_time='' )
 and  ( create_time <= :end_time or :end_time='' )
[ Array
(
    [:begin_time] => 
    [:end_time] => 
)
 ] [ RunTime:0.000000s ]
NOTIC: [8] Undefined index: totalcout D:\Apache24\htdocs\GoGoJP\Application\Home\Model\CustomerAdvisoryModel.class.php 第 140 行.

[ 2014-05-12T20:00:04+08:00 ] 127.0.0.1 /GoGoJP/index.php?url=Home/Product/searchProductByCondition
INFO: [ app_init ] --START--
INFO: Run Behavior\BuildLiteBehavior [ RunTime:0.000000s ]
INFO: [ app_init ] --END-- [ RunTime:0.000000s ]
INFO: [ app_begin ] --START--
INFO: Run Behavior\ReadHtmlCacheBehavior [ RunTime:0.000000s ]
INFO: [ app_begin ] --END-- [ RunTime:0.000000s ]
NOTIC: [8192] mysql_connect(): The mysql extension is deprecated and will be removed in the future: use mysqli or PDO instead D:\Apache24\htdocs\GoGoJP\ThinkPHP\Library\Think\Db\Driver\Mysql.class.php 第 52 行.
SQL: SHOW COLUMNS FROM `gogojp_productinfo` [ RunTime:0.006000s ]
NOTIC: [8] Undefined offset: 1 D:\Apache24\htdocs\GoGoJP\ThinkPHP\Library\Think\Db\Driver\Pdo.class.php 第 68 行.
NOTIC: [8] Undefined index: DB_DSN D:\Apache24\htdocs\GoGoJP\ThinkPHP\Library\Think\Db\Driver\Pdo.class.php 第 73 行.
SQL: select * from(SELECT p.*,c.cat_name as category_name FROM gogojp_productinfo as p left join gogojp_productcategory as c on p.catid=c.catid) as t where (t.catid=:catid or 0=:catid) and  (1=1)  order by t.create_time desc limit 0,1[ Array
(
    [:catid] => 0
)
 ] [ RunTime:0.001000s ]
SQL: select count(*) as totalcount from(SELECT p.*,c.cat_name as category_name FROM gogojp_productinfo as p left join gogojp_productcategory as c on p.catid=c.catid) as t where (t.catid=:catid or 0=:catid) and  (1=1)  order by t.create_time desc [ Array
(
    [:catid] => 0
)
 ] [ RunTime:0.000000s ]

[ 2014-05-12T20:00:04+08:00 ] 127.0.0.1 /GoGoJP/index.php?url=Home/ProductCategory/searchMainCategory
INFO: [ app_init ] --START--
INFO: Run Behavior\BuildLiteBehavior [ RunTime:0.000000s ]
INFO: [ app_init ] --END-- [ RunTime:0.001000s ]
INFO: [ app_begin ] --START--
INFO: Run Behavior\ReadHtmlCacheBehavior [ RunTime:0.000000s ]
INFO: [ app_begin ] --END-- [ RunTime:0.000000s ]
NOTIC: [8192] mysql_connect(): The mysql extension is deprecated and will be removed in the future: use mysqli or PDO instead D:\Apache24\htdocs\GoGoJP\ThinkPHP\Library\Think\Db\Driver\Mysql.class.php 第 52 行.
SQL: SHOW COLUMNS FROM `gogojp_productcategory` [ RunTime:0.004000s ]
SQL: SELECT * FROM `gogojp_productcategory` WHERE ( parentid=0 )  [ RunTime:0.001000s ]

[ 2014-05-12T20:00:05+08:00 ] 127.0.0.1 /GoGoJP/index.php?url=Home/ProductCategory/searchMainCategory
INFO: [ app_init ] --START--
INFO: Run Behavior\BuildLiteBehavior [ RunTime:0.000000s ]
INFO: [ app_init ] --END-- [ RunTime:0.001000s ]
INFO: [ app_begin ] --START--
INFO: Run Behavior\ReadHtmlCacheBehavior [ RunTime:0.001000s ]
INFO: [ app_begin ] --END-- [ RunTime:0.001000s ]
NOTIC: [8192] mysql_connect(): The mysql extension is deprecated and will be removed in the future: use mysqli or PDO instead D:\Apache24\htdocs\GoGoJP\ThinkPHP\Library\Think\Db\Driver\Mysql.class.php 第 52 行.
SQL: SHOW COLUMNS FROM `gogojp_productcategory` [ RunTime:0.006000s ]
SQL: SELECT * FROM `gogojp_productcategory` WHERE ( parentid=0 )  [ RunTime:0.000000s ]

[ 2014-05-12T20:00:21+08:00 ] 127.0.0.1 /GoGoJP/index.php?url=Home/Chat/advisoryObserve
INFO: [ app_init ] --START--
INFO: Run Behavior\BuildLiteBehavior [ RunTime:0.000000s ]
INFO: [ app_init ] --END-- [ RunTime:0.000000s ]
INFO: [ app_begin ] --START--
INFO: Run Behavior\ReadHtmlCacheBehavior [ RunTime:0.001001s ]
INFO: [ app_begin ] --END-- [ RunTime:0.001001s ]
INFO: [ app_end ] --START--
INFO: Run Behavior\ShowPageTraceBehavior [ RunTime:0.001000s ]
INFO: [ app_end ] --END-- [ RunTime:0.001000s ]

