[ 2014-08-07T12:15:28+08:00 ] ::1 /GoGoJP/index.php?url=Home/Index/getCurrentUser
INFO: [ app_init ] --START--
INFO: Run Behavior\BuildLiteBehavior [ RunTime:0.000000s ]
INFO: [ app_init ] --END-- [ RunTime:0.000000s ]
INFO: [ app_begin ] --START--
INFO: Run Behavior\ReadHtmlCacheBehavior [ RunTime:0.001000s ]
INFO: [ app_begin ] --END-- [ RunTime:0.001000s ]
NOTIC: [8192] mysql_connect(): The mysql extension is deprecated and will be removed in the future: use mysqli or PDO instead D:\Apache24\htdocs\GoGoJP\ThinkPHP\Library\Think\Db\Driver\Mysql.class.php 第 52 行.
SQL: SHOW COLUMNS FROM `gogojp_user` [ RunTime:0.045002s ]

[ 2014-08-07T12:15:28+08:00 ] ::1 /GoGoJP/index.php?url=Home/Order/searchIndexOrderInfo
INFO: [ app_init ] --START--
INFO: Run Behavior\BuildLiteBehavior [ RunTime:0.000000s ]
INFO: [ app_init ] --END-- [ RunTime:0.000000s ]
INFO: [ app_begin ] --START--
INFO: Run Behavior\ReadHtmlCacheBehavior [ RunTime:0.000000s ]
INFO: [ app_begin ] --END-- [ RunTime:0.000000s ]
NOTIC: [8192] mysql_connect(): The mysql extension is deprecated and will be removed in the future: use mysqli or PDO instead D:\Apache24\htdocs\GoGoJP\ThinkPHP\Library\Think\Db\Driver\Mysql.class.php 第 52 行.
SQL: SHOW COLUMNS FROM `gogojp_order` [ RunTime:0.033002s ]
NOTIC: [8] Undefined offset: 1 D:\Apache24\htdocs\GoGoJP\ThinkPHP\Library\Think\Db\Driver\Pdo.class.php 第 68 行.
NOTIC: [8] Undefined index: DB_DSN D:\Apache24\htdocs\GoGoJP\ThinkPHP\Library\Think\Db\Driver\Pdo.class.php 第 73 行.
SQL: select 
    (SELECT 
            count(*)
        FROM
            gogojp_order) order_count,
    (SELECT 
            sum(order_totalprice)
        FROM
            gogojp_order
        where
            order_status >= 2) total_price,
    (SELECT 
            count(*)
        FROM
            gogojp_order
        where
            order_status = 1) unpay_order,
    (SELECT 
            count(*)
        FROM
            gogojp_order
        WHERE
            order_time < 1407427199
                AND order_time > 1407340800) today_orders
from dual [ RunTime:0.004000s ]

[ 2014-08-07T12:15:31+08:00 ] ::1 /GoGoJP/index.php?url=Home/Index/login
INFO: [ app_init ] --START--
INFO: Run Behavior\BuildLiteBehavior [ RunTime:0.000000s ]
INFO: [ app_init ] --END-- [ RunTime:0.001000s ]
INFO: [ app_begin ] --START--
INFO: Run Behavior\ReadHtmlCacheBehavior [ RunTime:0.001001s ]
INFO: [ app_begin ] --END-- [ RunTime:0.001001s ]
NOTIC: [8192] mysql_connect(): The mysql extension is deprecated and will be removed in the future: use mysqli or PDO instead D:\Apache24\htdocs\GoGoJP\ThinkPHP\Library\Think\Db\Driver\Mysql.class.php 第 52 行.
SQL: SHOW COLUMNS FROM `gogojp_user` [ RunTime:0.005001s ]
SQL: SELECT * FROM `gogojp_user` WHERE ( `user_name` = 'test' ) AND ( `password` = '96e79218965eb72c92a549dd5a330112' ) LIMIT 1   [ RunTime:0.000000s ]
NOTIC: [8] Trying to get property of non-object D:\Apache24\htdocs\GoGoJP\Application\Home\Model\UserModel.class.php 第 110 行.

[ 2014-08-07T12:15:31+08:00 ] ::1 /GoGoJP/index.php?url=Home/Index/getCurrentUser
INFO: [ app_init ] --START--
INFO: Run Behavior\BuildLiteBehavior [ RunTime:0.000000s ]
INFO: [ app_init ] --END-- [ RunTime:0.000000s ]
INFO: [ app_begin ] --START--
INFO: Run Behavior\ReadHtmlCacheBehavior [ RunTime:0.000000s ]
INFO: [ app_begin ] --END-- [ RunTime:0.000000s ]
NOTIC: [8192] mysql_connect(): The mysql extension is deprecated and will be removed in the future: use mysqli or PDO instead D:\Apache24\htdocs\GoGoJP\ThinkPHP\Library\Think\Db\Driver\Mysql.class.php 第 52 行.
SQL: SHOW COLUMNS FROM `gogojp_user` [ RunTime:0.004001s ]
NOTIC: [8] Undefined offset: 1 D:\Apache24\htdocs\GoGoJP\ThinkPHP\Library\Think\Db\Driver\Pdo.class.php 第 68 行.
NOTIC: [8] Undefined index: DB_DSN D:\Apache24\htdocs\GoGoJP\ThinkPHP\Library\Think\Db\Driver\Pdo.class.php 第 73 行.
SQL: select *  from gogojp_user where user_id=:user_id[ Array
(
    [:user_id] => 1
)
 ] [ RunTime:0.000000s ]

[ 2014-08-07T12:15:31+08:00 ] ::1 /GoGoJP/index.php?url=Home/Order/searchIndexOrderInfo
INFO: [ app_init ] --START--
INFO: Run Behavior\BuildLiteBehavior [ RunTime:0.000000s ]
INFO: [ app_init ] --END-- [ RunTime:0.000000s ]
INFO: [ app_begin ] --START--
INFO: Run Behavior\ReadHtmlCacheBehavior [ RunTime:0.000000s ]
INFO: [ app_begin ] --END-- [ RunTime:0.000000s ]
NOTIC: [8192] mysql_connect(): The mysql extension is deprecated and will be removed in the future: use mysqli or PDO instead D:\Apache24\htdocs\GoGoJP\ThinkPHP\Library\Think\Db\Driver\Mysql.class.php 第 52 行.
SQL: SHOW COLUMNS FROM `gogojp_order` [ RunTime:0.003000s ]
NOTIC: [8] Undefined offset: 1 D:\Apache24\htdocs\GoGoJP\ThinkPHP\Library\Think\Db\Driver\Pdo.class.php 第 68 行.
NOTIC: [8] Undefined index: DB_DSN D:\Apache24\htdocs\GoGoJP\ThinkPHP\Library\Think\Db\Driver\Pdo.class.php 第 73 行.
SQL: select 
    (SELECT 
            count(*)
        FROM
            gogojp_order) order_count,
    (SELECT 
            sum(order_totalprice)
        FROM
            gogojp_order
        where
            order_status >= 2) total_price,
    (SELECT 
            count(*)
        FROM
            gogojp_order
        where
            order_status = 1) unpay_order,
    (SELECT 
            count(*)
        FROM
            gogojp_order
        WHERE
            order_time < 1407427199
                AND order_time > 1407340800) today_orders
from dual [ RunTime:0.001000s ]

[ 2014-08-07T12:15:33+08:00 ] ::1 /GoGoJP/index.php?url=Home/PictureManagement/searchSlideShow
INFO: [ app_init ] --START--
INFO: Run Behavior\BuildLiteBehavior [ RunTime:0.000000s ]
INFO: [ app_init ] --END-- [ RunTime:0.001000s ]
INFO: [ app_begin ] --START--
INFO: Run Behavior\ReadHtmlCacheBehavior [ RunTime:0.000000s ]
INFO: [ app_begin ] --END-- [ RunTime:0.000000s ]
NOTIC: [8192] mysql_connect(): The mysql extension is deprecated and will be removed in the future: use mysqli or PDO instead D:\Apache24\htdocs\GoGoJP\ThinkPHP\Library\Think\Db\Driver\Mysql.class.php 第 52 行.
SQL: SHOW COLUMNS FROM `gogojp_sys_picture_management` [ RunTime:0.154008s ]
NOTIC: [8] Undefined offset: 1 D:\Apache24\htdocs\GoGoJP\ThinkPHP\Library\Think\Db\Driver\Pdo.class.php 第 68 行.
NOTIC: [8] Undefined index: DB_DSN D:\Apache24\htdocs\GoGoJP\ThinkPHP\Library\Think\Db\Driver\Pdo.class.php 第 73 行.
SQL: select t.* from (select * from gogojp_sys_picture_management order by create_time desc )as t order by t.istop asc   limit 0,10 [ RunTime:0.001000s ]
SQL: select count(*) totalcout from gogojp_sys_picture_management  [ RunTime:0.000000s ]

[ 2014-08-07T12:15:38+08:00 ] ::1 /GoGoJP/index.php?url=Home/Product/searchProductByCondition
INFO: [ app_init ] --START--
INFO: Run Behavior\BuildLiteBehavior [ RunTime:0.000000s ]
INFO: [ app_init ] --END-- [ RunTime:0.000000s ]
INFO: [ app_begin ] --START--
INFO: Run Behavior\ReadHtmlCacheBehavior [ RunTime:0.000000s ]
INFO: [ app_begin ] --END-- [ RunTime:0.000000s ]
NOTIC: [8192] mysql_connect(): The mysql extension is deprecated and will be removed in the future: use mysqli or PDO instead D:\Apache24\htdocs\GoGoJP\ThinkPHP\Library\Think\Db\Driver\Mysql.class.php 第 52 行.
SQL: SHOW COLUMNS FROM `gogojp_productinfo` [ RunTime:0.043003s ]
NOTIC: [8] Undefined offset: 1 D:\Apache24\htdocs\GoGoJP\ThinkPHP\Library\Think\Db\Driver\Pdo.class.php 第 68 行.
NOTIC: [8] Undefined index: DB_DSN D:\Apache24\htdocs\GoGoJP\ThinkPHP\Library\Think\Db\Driver\Pdo.class.php 第 73 行.
SQL: select * from(SELECT p.*,c.cat_name as category_name FROM gogojp_productinfo as p left join gogojp_productcategory as c on p.catid=c.catid) as t where (t.catid=:catid or 0=:catid) and  (1=1)  order by t.create_time desc limit 0,15[ Array
(
    [:catid] => 0
)
 ] [ RunTime:0.008000s ]
SQL: select count(*) as totalcount from(SELECT p.*,c.cat_name as category_name FROM gogojp_productinfo as p left join gogojp_productcategory as c on p.catid=c.catid) as t where (t.catid=:catid or 0=:catid) and  (1=1)  order by t.create_time desc [ Array
(
    [:catid] => 0
)
 ] [ RunTime:0.000000s ]

[ 2014-08-07T12:15:38+08:00 ] ::1 /GoGoJP/index.php?url=Home/ProductCategory/searchMainCategory
INFO: [ app_init ] --START--
INFO: Run Behavior\BuildLiteBehavior [ RunTime:0.000000s ]
INFO: [ app_init ] --END-- [ RunTime:0.001000s ]
INFO: [ app_begin ] --START--
INFO: Run Behavior\ReadHtmlCacheBehavior [ RunTime:0.001000s ]
INFO: [ app_begin ] --END-- [ RunTime:0.001000s ]
NOTIC: [8192] mysql_connect(): The mysql extension is deprecated and will be removed in the future: use mysqli or PDO instead D:\Apache24\htdocs\GoGoJP\ThinkPHP\Library\Think\Db\Driver\Mysql.class.php 第 52 行.
SQL: SHOW COLUMNS FROM `gogojp_productcategory` [ RunTime:0.004000s ]
SQL: SELECT * FROM `gogojp_productcategory` WHERE ( parentid=0 )  [ RunTime:0.000000s ]

[ 2014-08-07T12:15:39+08:00 ] ::1 /GoGoJP/index.php?url=Home/Album/searchAlbumByCondition
INFO: [ app_init ] --START--
INFO: Run Behavior\BuildLiteBehavior [ RunTime:0.000000s ]
INFO: [ app_init ] --END-- [ RunTime:0.000000s ]
INFO: [ app_begin ] --START--
INFO: Run Behavior\ReadHtmlCacheBehavior [ RunTime:0.000000s ]
INFO: [ app_begin ] --END-- [ RunTime:0.000000s ]
NOTIC: [8192] mysql_connect(): The mysql extension is deprecated and will be removed in the future: use mysqli or PDO instead D:\Apache24\htdocs\GoGoJP\ThinkPHP\Library\Think\Db\Driver\Mysql.class.php 第 52 行.
SQL: SHOW COLUMNS FROM `gogojp_album` [ RunTime:0.120007s ]
NOTIC: [8] Undefined offset: 1 D:\Apache24\htdocs\GoGoJP\ThinkPHP\Library\Think\Db\Driver\Pdo.class.php 第 68 行.
NOTIC: [8] Undefined index: DB_DSN D:\Apache24\htdocs\GoGoJP\ThinkPHP\Library\Think\Db\Driver\Pdo.class.php 第 73 行.
SQL: select * from gogojp_album where (album_name like  '%%'   or ''=:album_name) limit 0,15[ Array
(
    [:album_name] => 
)
 ] [ RunTime:0.001000s ]
SQL: select count(*) totalcout from gogojp_album where (album_name like  '%%'   or ''=:album_name)[ Array
(
    [:album_name] => 
)
 ] [ RunTime:0.000000s ]

[ 2014-08-07T12:15:40+08:00 ] ::1 /GoGoJP/index.php?url=Home/Product/searchProductByCondition
INFO: [ app_init ] --START--
INFO: Run Behavior\BuildLiteBehavior [ RunTime:0.000000s ]
INFO: [ app_init ] --END-- [ RunTime:0.001000s ]
INFO: [ app_begin ] --START--
INFO: Run Behavior\ReadHtmlCacheBehavior [ RunTime:0.000000s ]
INFO: [ app_begin ] --END-- [ RunTime:0.000000s ]
NOTIC: [8192] mysql_connect(): The mysql extension is deprecated and will be removed in the future: use mysqli or PDO instead D:\Apache24\htdocs\GoGoJP\ThinkPHP\Library\Think\Db\Driver\Mysql.class.php 第 52 行.
SQL: SHOW COLUMNS FROM `gogojp_productinfo` [ RunTime:0.007000s ]
NOTIC: [8] Undefined offset: 1 D:\Apache24\htdocs\GoGoJP\ThinkPHP\Library\Think\Db\Driver\Pdo.class.php 第 68 行.
NOTIC: [8] Undefined index: DB_DSN D:\Apache24\htdocs\GoGoJP\ThinkPHP\Library\Think\Db\Driver\Pdo.class.php 第 73 行.
SQL: select * from(SELECT p.*,c.cat_name as category_name FROM gogojp_productinfo as p left join gogojp_productcategory as c on p.catid=c.catid) as t where (t.catid=:catid or 0=:catid) and  (1=1)  order by t.create_time desc limit 0,15[ Array
(
    [:catid] => 0
)
 ] [ RunTime:0.001000s ]
SQL: select count(*) as totalcount from(SELECT p.*,c.cat_name as category_name FROM gogojp_productinfo as p left join gogojp_productcategory as c on p.catid=c.catid) as t where (t.catid=:catid or 0=:catid) and  (1=1)  order by t.create_time desc [ Array
(
    [:catid] => 0
)
 ] [ RunTime:0.001000s ]

[ 2014-08-07T12:15:40+08:00 ] ::1 /GoGoJP/index.php?url=Home/ProductCategory/searchMainCategory
INFO: [ app_init ] --START--
INFO: Run Behavior\BuildLiteBehavior [ RunTime:0.000000s ]
INFO: [ app_init ] --END-- [ RunTime:0.000000s ]
INFO: [ app_begin ] --START--
INFO: Run Behavior\ReadHtmlCacheBehavior [ RunTime:0.000000s ]
INFO: [ app_begin ] --END-- [ RunTime:0.000000s ]
NOTIC: [8192] mysql_connect(): The mysql extension is deprecated and will be removed in the future: use mysqli or PDO instead D:\Apache24\htdocs\GoGoJP\ThinkPHP\Library\Think\Db\Driver\Mysql.class.php 第 52 行.
SQL: SHOW COLUMNS FROM `gogojp_productcategory` [ RunTime:0.004000s ]
SQL: SELECT * FROM `gogojp_productcategory` WHERE ( parentid=0 )  [ RunTime:0.001000s ]

[ 2014-08-07T12:15:57+08:00 ] ::1 /GoGoJP/index.php?url=Home/Album/searchAlbumByCondition
INFO: [ app_init ] --START--
INFO: Run Behavior\BuildLiteBehavior [ RunTime:0.000000s ]
INFO: [ app_init ] --END-- [ RunTime:0.001000s ]
INFO: [ app_begin ] --START--
INFO: Run Behavior\ReadHtmlCacheBehavior [ RunTime:0.001000s ]
INFO: [ app_begin ] --END-- [ RunTime:0.001000s ]
NOTIC: [8192] mysql_connect(): The mysql extension is deprecated and will be removed in the future: use mysqli or PDO instead D:\Apache24\htdocs\GoGoJP\ThinkPHP\Library\Think\Db\Driver\Mysql.class.php 第 52 行.
SQL: SHOW COLUMNS FROM `gogojp_album` [ RunTime:0.004000s ]
NOTIC: [8] Undefined offset: 1 D:\Apache24\htdocs\GoGoJP\ThinkPHP\Library\Think\Db\Driver\Pdo.class.php 第 68 行.
NOTIC: [8] Undefined index: DB_DSN D:\Apache24\htdocs\GoGoJP\ThinkPHP\Library\Think\Db\Driver\Pdo.class.php 第 73 行.
SQL: select * from gogojp_album where (album_name like  '%%'   or ''=:album_name) limit 0,15[ Array
(
    [:album_name] => 
)
 ] [ RunTime:0.000000s ]
SQL: select count(*) totalcout from gogojp_album where (album_name like  '%%'   or ''=:album_name)[ Array
(
    [:album_name] => 
)
 ] [ RunTime:0.000000s ]

[ 2014-08-07T12:15:59+08:00 ] ::1 /GoGoJP/index.php?url=Home/Product/searchProductByCondition
INFO: [ app_init ] --START--
INFO: Run Behavior\BuildLiteBehavior [ RunTime:0.000000s ]
INFO: [ app_init ] --END-- [ RunTime:0.000000s ]
INFO: [ app_begin ] --START--
INFO: Run Behavior\ReadHtmlCacheBehavior [ RunTime:0.000000s ]
INFO: [ app_begin ] --END-- [ RunTime:0.001000s ]
NOTIC: [8192] mysql_connect(): The mysql extension is deprecated and will be removed in the future: use mysqli or PDO instead D:\Apache24\htdocs\GoGoJP\ThinkPHP\Library\Think\Db\Driver\Mysql.class.php 第 52 行.
SQL: SHOW COLUMNS FROM `gogojp_productinfo` [ RunTime:0.002000s ]
NOTIC: [8] Undefined offset: 1 D:\Apache24\htdocs\GoGoJP\ThinkPHP\Library\Think\Db\Driver\Pdo.class.php 第 68 行.
NOTIC: [8] Undefined index: DB_DSN D:\Apache24\htdocs\GoGoJP\ThinkPHP\Library\Think\Db\Driver\Pdo.class.php 第 73 行.
SQL: select * from(SELECT p.*,c.cat_name as category_name FROM gogojp_productinfo as p left join gogojp_productcategory as c on p.catid=c.catid) as t where (t.catid=:catid or 0=:catid) and  (1=1)  order by t.create_time desc limit 0,100[ Array
(
    [:catid] => 0
)
 ] [ RunTime:0.001000s ]
SQL: select count(*) as totalcount from(SELECT p.*,c.cat_name as category_name FROM gogojp_productinfo as p left join gogojp_productcategory as c on p.catid=c.catid) as t where (t.catid=:catid or 0=:catid) and  (1=1)  order by t.create_time desc [ Array
(
    [:catid] => 0
)
 ] [ RunTime:0.000000s ]

[ 2014-08-07T12:16:03+08:00 ] ::1 /GoGoJP/index.php?url=Home/Album/searchAlbumByCondition
INFO: [ app_init ] --START--
INFO: Run Behavior\BuildLiteBehavior [ RunTime:0.000000s ]
INFO: [ app_init ] --END-- [ RunTime:0.000000s ]
INFO: [ app_begin ] --START--
INFO: Run Behavior\ReadHtmlCacheBehavior [ RunTime:0.001000s ]
INFO: [ app_begin ] --END-- [ RunTime:0.001000s ]
NOTIC: [8192] mysql_connect(): The mysql extension is deprecated and will be removed in the future: use mysqli or PDO instead D:\Apache24\htdocs\GoGoJP\ThinkPHP\Library\Think\Db\Driver\Mysql.class.php 第 52 行.
SQL: SHOW COLUMNS FROM `gogojp_album` [ RunTime:0.004000s ]
NOTIC: [8] Undefined offset: 1 D:\Apache24\htdocs\GoGoJP\ThinkPHP\Library\Think\Db\Driver\Pdo.class.php 第 68 行.
NOTIC: [8] Undefined index: DB_DSN D:\Apache24\htdocs\GoGoJP\ThinkPHP\Library\Think\Db\Driver\Pdo.class.php 第 73 行.
SQL: select * from gogojp_album where (album_name like  '%%'   or ''=:album_name) limit 0,15[ Array
(
    [:album_name] => 
)
 ] [ RunTime:0.001000s ]
SQL: select count(*) totalcout from gogojp_album where (album_name like  '%%'   or ''=:album_name)[ Array
(
    [:album_name] => 
)
 ] [ RunTime:0.000000s ]

[ 2014-08-07T12:27:37+08:00 ] ::1 /GoGoJP/index.php?url=Home/PictureManagement/searchSlideShow
INFO: [ app_init ] --START--
INFO: Run Behavior\BuildLiteBehavior [ RunTime:0.000000s ]
INFO: [ app_init ] --END-- [ RunTime:0.001000s ]
INFO: [ app_begin ] --START--
INFO: Run Behavior\ReadHtmlCacheBehavior [ RunTime:0.000000s ]
INFO: [ app_begin ] --END-- [ RunTime:0.000000s ]
NOTIC: [8192] mysql_connect(): The mysql extension is deprecated and will be removed in the future: use mysqli or PDO instead D:\Apache24\htdocs\GoGoJP\ThinkPHP\Library\Think\Db\Driver\Mysql.class.php 第 52 行.
SQL: SHOW COLUMNS FROM `gogojp_sys_picture_management` [ RunTime:0.003000s ]
NOTIC: [8] Undefined offset: 1 D:\Apache24\htdocs\GoGoJP\ThinkPHP\Library\Think\Db\Driver\Pdo.class.php 第 68 行.
NOTIC: [8] Undefined index: DB_DSN D:\Apache24\htdocs\GoGoJP\ThinkPHP\Library\Think\Db\Driver\Pdo.class.php 第 73 行.
SQL: select t.* from (select * from gogojp_sys_picture_management order by create_time desc )as t order by t.istop asc   limit 0,10 [ RunTime:0.001000s ]
SQL: select count(*) totalcout from gogojp_sys_picture_management  [ RunTime:0.000000s ]

[ 2014-08-07T12:27:38+08:00 ] ::1 /GoGoJP/index.php?url=Home/Album/searchAlbumByCondition
INFO: [ app_init ] --START--
INFO: Run Behavior\BuildLiteBehavior [ RunTime:0.000000s ]
INFO: [ app_init ] --END-- [ RunTime:0.000000s ]
INFO: [ app_begin ] --START--
INFO: Run Behavior\ReadHtmlCacheBehavior [ RunTime:0.000000s ]
INFO: [ app_begin ] --END-- [ RunTime:0.000000s ]
NOTIC: [8192] mysql_connect(): The mysql extension is deprecated and will be removed in the future: use mysqli or PDO instead D:\Apache24\htdocs\GoGoJP\ThinkPHP\Library\Think\Db\Driver\Mysql.class.php 第 52 行.
SQL: SHOW COLUMNS FROM `gogojp_album` [ RunTime:0.004000s ]
NOTIC: [8] Undefined offset: 1 D:\Apache24\htdocs\GoGoJP\ThinkPHP\Library\Think\Db\Driver\Pdo.class.php 第 68 行.
NOTIC: [8] Undefined index: DB_DSN D:\Apache24\htdocs\GoGoJP\ThinkPHP\Library\Think\Db\Driver\Pdo.class.php 第 73 行.
SQL: select * from gogojp_album where (album_name like  '%%'   or ''=:album_name) limit 0,100[ Array
(
    [:album_name] => 
)
 ] [ RunTime:0.001000s ]
SQL: select count(*) totalcout from gogojp_album where (album_name like  '%%'   or ''=:album_name)[ Array
(
    [:album_name] => 
)
 ] [ RunTime:0.000000s ]

[ 2014-08-07T12:27:44+08:00 ] ::1 /GoGoJP/index.php?url=Home/PictureManagement/searchSlideShow
INFO: [ app_init ] --START--
INFO: Run Behavior\BuildLiteBehavior [ RunTime:0.000000s ]
INFO: [ app_init ] --END-- [ RunTime:0.000000s ]
INFO: [ app_begin ] --START--
INFO: Run Behavior\ReadHtmlCacheBehavior [ RunTime:0.000000s ]
INFO: [ app_begin ] --END-- [ RunTime:0.001001s ]
NOTIC: [8192] mysql_connect(): The mysql extension is deprecated and will be removed in the future: use mysqli or PDO instead D:\Apache24\htdocs\GoGoJP\ThinkPHP\Library\Think\Db\Driver\Mysql.class.php 第 52 行.
SQL: SHOW COLUMNS FROM `gogojp_sys_picture_management` [ RunTime:0.004000s ]
NOTIC: [8] Undefined offset: 1 D:\Apache24\htdocs\GoGoJP\ThinkPHP\Library\Think\Db\Driver\Pdo.class.php 第 68 行.
NOTIC: [8] Undefined index: DB_DSN D:\Apache24\htdocs\GoGoJP\ThinkPHP\Library\Think\Db\Driver\Pdo.class.php 第 73 行.
SQL: select t.* from (select * from gogojp_sys_picture_management order by create_time desc )as t order by t.istop asc   limit 0,10 [ RunTime:0.001000s ]
SQL: select count(*) totalcout from gogojp_sys_picture_management  [ RunTime:0.000000s ]

[ 2014-08-07T12:27:58+08:00 ] ::1 /GoGoJP/index.php?url=Home/Album/searchAlbumByCondition
INFO: [ app_init ] --START--
INFO: Run Behavior\BuildLiteBehavior [ RunTime:0.000000s ]
INFO: [ app_init ] --END-- [ RunTime:0.000000s ]
INFO: [ app_begin ] --START--
INFO: Run Behavior\ReadHtmlCacheBehavior [ RunTime:0.000000s ]
INFO: [ app_begin ] --END-- [ RunTime:0.000000s ]
NOTIC: [8192] mysql_connect(): The mysql extension is deprecated and will be removed in the future: use mysqli or PDO instead D:\Apache24\htdocs\GoGoJP\ThinkPHP\Library\Think\Db\Driver\Mysql.class.php 第 52 行.
SQL: SHOW COLUMNS FROM `gogojp_album` [ RunTime:0.004001s ]
NOTIC: [8] Undefined offset: 1 D:\Apache24\htdocs\GoGoJP\ThinkPHP\Library\Think\Db\Driver\Pdo.class.php 第 68 行.
NOTIC: [8] Undefined index: DB_DSN D:\Apache24\htdocs\GoGoJP\ThinkPHP\Library\Think\Db\Driver\Pdo.class.php 第 73 行.
SQL: select * from gogojp_album where (album_name like  '%%'   or ''=:album_name) limit 0,100[ Array
(
    [:album_name] => 
)
 ] [ RunTime:0.001000s ]
SQL: select count(*) totalcout from gogojp_album where (album_name like  '%%'   or ''=:album_name)[ Array
(
    [:album_name] => 
)
 ] [ RunTime:0.000000s ]

[ 2014-08-07T12:29:45+08:00 ] ::1 /GoGoJP/index.php?url=Home/PictureManagement/searchSlideShow
INFO: [ app_init ] --START--
INFO: Run Behavior\BuildLiteBehavior [ RunTime:0.000000s ]
INFO: [ app_init ] --END-- [ RunTime:0.001000s ]
INFO: [ app_begin ] --START--
INFO: Run Behavior\ReadHtmlCacheBehavior [ RunTime:0.001000s ]
INFO: [ app_begin ] --END-- [ RunTime:0.001000s ]
NOTIC: [8192] mysql_connect(): The mysql extension is deprecated and will be removed in the future: use mysqli or PDO instead D:\Apache24\htdocs\GoGoJP\ThinkPHP\Library\Think\Db\Driver\Mysql.class.php 第 52 行.
SQL: SHOW COLUMNS FROM `gogojp_sys_picture_management` [ RunTime:0.005000s ]
NOTIC: [8] Undefined offset: 1 D:\Apache24\htdocs\GoGoJP\ThinkPHP\Library\Think\Db\Driver\Pdo.class.php 第 68 行.
NOTIC: [8] Undefined index: DB_DSN D:\Apache24\htdocs\GoGoJP\ThinkPHP\Library\Think\Db\Driver\Pdo.class.php 第 73 行.
SQL: select t.* from (select * from gogojp_sys_picture_management order by create_time desc )as t order by t.istop asc   limit 0,10 [ RunTime:0.000000s ]
SQL: select count(*) totalcout from gogojp_sys_picture_management  [ RunTime:0.001000s ]

[ 2014-08-07T12:29:46+08:00 ] ::1 /GoGoJP/index.php?url=Home/Album/searchAlbumByCondition
INFO: [ app_init ] --START--
INFO: Run Behavior\BuildLiteBehavior [ RunTime:0.000000s ]
INFO: [ app_init ] --END-- [ RunTime:0.000000s ]
INFO: [ app_begin ] --START--
INFO: Run Behavior\ReadHtmlCacheBehavior [ RunTime:0.001000s ]
INFO: [ app_begin ] --END-- [ RunTime:0.001000s ]
NOTIC: [8192] mysql_connect(): The mysql extension is deprecated and will be removed in the future: use mysqli or PDO instead D:\Apache24\htdocs\GoGoJP\ThinkPHP\Library\Think\Db\Driver\Mysql.class.php 第 52 行.
SQL: SHOW COLUMNS FROM `gogojp_album` [ RunTime:0.007000s ]
NOTIC: [8] Undefined offset: 1 D:\Apache24\htdocs\GoGoJP\ThinkPHP\Library\Think\Db\Driver\Pdo.class.php 第 68 行.
NOTIC: [8] Undefined index: DB_DSN D:\Apache24\htdocs\GoGoJP\ThinkPHP\Library\Think\Db\Driver\Pdo.class.php 第 73 行.
SQL: select * from gogojp_album where (album_name like  '%%'   or ''=:album_name) limit 0,100[ Array
(
    [:album_name] => 
)
 ] [ RunTime:0.001000s ]
SQL: select count(*) totalcout from gogojp_album where (album_name like  '%%'   or ''=:album_name)[ Array
(
    [:album_name] => 
)
 ] [ RunTime:0.000000s ]

[ 2014-08-07T12:29:48+08:00 ] ::1 /GoGoJP/index.php?url=Home/Product/searchProductByCondition
INFO: [ app_init ] --START--
INFO: Run Behavior\BuildLiteBehavior [ RunTime:0.000000s ]
INFO: [ app_init ] --END-- [ RunTime:0.000000s ]
INFO: [ app_begin ] --START--
INFO: Run Behavior\ReadHtmlCacheBehavior [ RunTime:0.001000s ]
INFO: [ app_begin ] --END-- [ RunTime:0.001000s ]
NOTIC: [8192] mysql_connect(): The mysql extension is deprecated and will be removed in the future: use mysqli or PDO instead D:\Apache24\htdocs\GoGoJP\ThinkPHP\Library\Think\Db\Driver\Mysql.class.php 第 52 行.
SQL: SHOW COLUMNS FROM `gogojp_productinfo` [ RunTime:0.005001s ]
NOTIC: [8] Undefined offset: 1 D:\Apache24\htdocs\GoGoJP\ThinkPHP\Library\Think\Db\Driver\Pdo.class.php 第 68 行.
NOTIC: [8] Undefined index: DB_DSN D:\Apache24\htdocs\GoGoJP\ThinkPHP\Library\Think\Db\Driver\Pdo.class.php 第 73 行.
SQL: select * from(SELECT p.*,c.cat_name as category_name FROM gogojp_productinfo as p left join gogojp_productcategory as c on p.catid=c.catid) as t where (t.catid=:catid or 0=:catid) and  (1=1)  order by t.create_time desc limit 0,15[ Array
(
    [:catid] => 0
)
 ] [ RunTime:0.000000s ]
SQL: select count(*) as totalcount from(SELECT p.*,c.cat_name as category_name FROM gogojp_productinfo as p left join gogojp_productcategory as c on p.catid=c.catid) as t where (t.catid=:catid or 0=:catid) and  (1=1)  order by t.create_time desc [ Array
(
    [:catid] => 0
)
 ] [ RunTime:0.001000s ]

[ 2014-08-07T12:29:48+08:00 ] ::1 /GoGoJP/index.php?url=Home/ProductCategory/searchMainCategory
INFO: [ app_init ] --START--
INFO: Run Behavior\BuildLiteBehavior [ RunTime:0.000000s ]
INFO: [ app_init ] --END-- [ RunTime:0.001000s ]
INFO: [ app_begin ] --START--
INFO: Run Behavior\ReadHtmlCacheBehavior [ RunTime:0.001000s ]
INFO: [ app_begin ] --END-- [ RunTime:0.001000s ]
NOTIC: [8192] mysql_connect(): The mysql extension is deprecated and will be removed in the future: use mysqli or PDO instead D:\Apache24\htdocs\GoGoJP\ThinkPHP\Library\Think\Db\Driver\Mysql.class.php 第 52 行.
SQL: SHOW COLUMNS FROM `gogojp_productcategory` [ RunTime:0.005000s ]
SQL: SELECT * FROM `gogojp_productcategory` WHERE ( parentid=0 )  [ RunTime:0.000000s ]

[ 2014-08-07T12:29:49+08:00 ] ::1 /GoGoJP/index.php?url=Home/Album/searchAlbumByCondition
INFO: [ app_init ] --START--
INFO: Run Behavior\BuildLiteBehavior [ RunTime:0.000000s ]
INFO: [ app_init ] --END-- [ RunTime:0.000000s ]
INFO: [ app_begin ] --START--
INFO: Run Behavior\ReadHtmlCacheBehavior [ RunTime:0.001000s ]
INFO: [ app_begin ] --END-- [ RunTime:0.001000s ]
NOTIC: [8192] mysql_connect(): The mysql extension is deprecated and will be removed in the future: use mysqli or PDO instead D:\Apache24\htdocs\GoGoJP\ThinkPHP\Library\Think\Db\Driver\Mysql.class.php 第 52 行.
SQL: SHOW COLUMNS FROM `gogojp_album` [ RunTime:0.003001s ]
NOTIC: [8] Undefined offset: 1 D:\Apache24\htdocs\GoGoJP\ThinkPHP\Library\Think\Db\Driver\Pdo.class.php 第 68 行.
NOTIC: [8] Undefined index: DB_DSN D:\Apache24\htdocs\GoGoJP\ThinkPHP\Library\Think\Db\Driver\Pdo.class.php 第 73 行.
SQL: select * from gogojp_album where (album_name like  '%%'   or ''=:album_name) limit 0,15[ Array
(
    [:album_name] => 
)
 ] [ RunTime:0.001000s ]
SQL: select count(*) totalcout from gogojp_album where (album_name like  '%%'   or ''=:album_name)[ Array
(
    [:album_name] => 
)
 ] [ RunTime:0.000000s ]

[ 2014-08-07T12:29:50+08:00 ] ::1 /GoGoJP/index.php?url=Home/Product/searchProductByCondition
INFO: [ app_init ] --START--
INFO: Run Behavior\BuildLiteBehavior [ RunTime:0.000000s ]
INFO: [ app_init ] --END-- [ RunTime:0.000000s ]
INFO: [ app_begin ] --START--
INFO: Run Behavior\ReadHtmlCacheBehavior [ RunTime:0.000000s ]
INFO: [ app_begin ] --END-- [ RunTime:0.000000s ]
NOTIC: [8192] mysql_connect(): The mysql extension is deprecated and will be removed in the future: use mysqli or PDO instead D:\Apache24\htdocs\GoGoJP\ThinkPHP\Library\Think\Db\Driver\Mysql.class.php 第 52 行.
SQL: SHOW COLUMNS FROM `gogojp_productinfo` [ RunTime:0.005000s ]
NOTIC: [8] Undefined offset: 1 D:\Apache24\htdocs\GoGoJP\ThinkPHP\Library\Think\Db\Driver\Pdo.class.php 第 68 行.
NOTIC: [8] Undefined index: DB_DSN D:\Apache24\htdocs\GoGoJP\ThinkPHP\Library\Think\Db\Driver\Pdo.class.php 第 73 行.
SQL: select * from(SELECT p.*,c.cat_name as category_name FROM gogojp_productinfo as p left join gogojp_productcategory as c on p.catid=c.catid) as t where (t.catid=:catid or 0=:catid) and  (1=1)  order by t.create_time desc limit 0,100[ Array
(
    [:catid] => 0
)
 ] [ RunTime:0.000000s ]
SQL: select count(*) as totalcount from(SELECT p.*,c.cat_name as category_name FROM gogojp_productinfo as p left join gogojp_productcategory as c on p.catid=c.catid) as t where (t.catid=:catid or 0=:catid) and  (1=1)  order by t.create_time desc [ Array
(
    [:catid] => 0
)
 ] [ RunTime:0.000000s ]

[ 2014-08-07T12:30:00+08:00 ] ::1 /GoGoJP/index.php?url=Home/Album/searchAlbumByCondition
INFO: [ app_init ] --START--
INFO: Run Behavior\BuildLiteBehavior [ RunTime:0.000000s ]
INFO: [ app_init ] --END-- [ RunTime:0.000000s ]
INFO: [ app_begin ] --START--
INFO: Run Behavior\ReadHtmlCacheBehavior [ RunTime:0.001001s ]
INFO: [ app_begin ] --END-- [ RunTime:0.001001s ]
NOTIC: [8192] mysql_connect(): The mysql extension is deprecated and will be removed in the future: use mysqli or PDO instead D:\Apache24\htdocs\GoGoJP\ThinkPHP\Library\Think\Db\Driver\Mysql.class.php 第 52 行.
SQL: SHOW COLUMNS FROM `gogojp_album` [ RunTime:0.004000s ]
NOTIC: [8] Undefined offset: 1 D:\Apache24\htdocs\GoGoJP\ThinkPHP\Library\Think\Db\Driver\Pdo.class.php 第 68 行.
NOTIC: [8] Undefined index: DB_DSN D:\Apache24\htdocs\GoGoJP\ThinkPHP\Library\Think\Db\Driver\Pdo.class.php 第 73 行.
SQL: select * from gogojp_album where (album_name like  '%%'   or ''=:album_name) limit 0,15[ Array
(
    [:album_name] => 
)
 ] [ RunTime:0.000000s ]
SQL: select count(*) totalcout from gogojp_album where (album_name like  '%%'   or ''=:album_name)[ Array
(
    [:album_name] => 
)
 ] [ RunTime:0.000000s ]

[ 2014-08-07T13:20:46+08:00 ] ::1 /GoGoJP/index.php?url=Home/Index/getCurrentUser
INFO: [ app_init ] --START--
INFO: Run Behavior\BuildLiteBehavior [ RunTime:0.000000s ]
INFO: [ app_init ] --END-- [ RunTime:0.000000s ]
INFO: [ app_begin ] --START--
INFO: Run Behavior\ReadHtmlCacheBehavior [ RunTime:0.000000s ]
INFO: [ app_begin ] --END-- [ RunTime:0.000000s ]
NOTIC: [8192] mysql_connect(): The mysql extension is deprecated and will be removed in the future: use mysqli or PDO instead D:\Apache24\htdocs\GoGoJP\ThinkPHP\Library\Think\Db\Driver\Mysql.class.php 第 52 行.
SQL: SHOW COLUMNS FROM `gogojp_user` [ RunTime:0.003000s ]
NOTIC: [8] Undefined offset: 1 D:\Apache24\htdocs\GoGoJP\ThinkPHP\Library\Think\Db\Driver\Pdo.class.php 第 68 行.
NOTIC: [8] Undefined index: DB_DSN D:\Apache24\htdocs\GoGoJP\ThinkPHP\Library\Think\Db\Driver\Pdo.class.php 第 73 行.
SQL: select *  from gogojp_user where user_id=:user_id[ Array
(
    [:user_id] => 1
)
 ] [ RunTime:0.000000s ]

[ 2014-08-07T13:21:28+08:00 ] ::1 /GoGoJP/index.php?url=Home/Index/getCurrentUser
INFO: [ app_init ] --START--
INFO: Run Behavior\BuildLiteBehavior [ RunTime:0.000000s ]
INFO: [ app_init ] --END-- [ RunTime:0.000000s ]
INFO: [ app_begin ] --START--
INFO: Run Behavior\ReadHtmlCacheBehavior [ RunTime:0.000000s ]
INFO: [ app_begin ] --END-- [ RunTime:0.000000s ]
NOTIC: [8192] mysql_connect(): The mysql extension is deprecated and will be removed in the future: use mysqli or PDO instead D:\Apache24\htdocs\GoGoJP\ThinkPHP\Library\Think\Db\Driver\Mysql.class.php 第 52 行.
SQL: SHOW COLUMNS FROM `gogojp_user` [ RunTime:0.003000s ]
NOTIC: [8] Undefined offset: 1 D:\Apache24\htdocs\GoGoJP\ThinkPHP\Library\Think\Db\Driver\Pdo.class.php 第 68 行.
NOTIC: [8] Undefined index: DB_DSN D:\Apache24\htdocs\GoGoJP\ThinkPHP\Library\Think\Db\Driver\Pdo.class.php 第 73 行.
SQL: select *  from gogojp_user where user_id=:user_id[ Array
(
    [:user_id] => 1
)
 ] [ RunTime:0.000000s ]

[ 2014-08-07T13:21:55+08:00 ] ::1 /GoGoJP/index.php?url=Home/Index/getCurrentUser
INFO: [ app_init ] --START--
INFO: Run Behavior\BuildLiteBehavior [ RunTime:0.000000s ]
INFO: [ app_init ] --END-- [ RunTime:0.000000s ]
INFO: [ app_begin ] --START--
INFO: Run Behavior\ReadHtmlCacheBehavior [ RunTime:0.000000s ]
INFO: [ app_begin ] --END-- [ RunTime:0.000000s ]
NOTIC: [8192] mysql_connect(): The mysql extension is deprecated and will be removed in the future: use mysqli or PDO instead D:\Apache24\htdocs\GoGoJP\ThinkPHP\Library\Think\Db\Driver\Mysql.class.php 第 52 行.
SQL: SHOW COLUMNS FROM `gogojp_user` [ RunTime:0.003000s ]
NOTIC: [8] Undefined offset: 1 D:\Apache24\htdocs\GoGoJP\ThinkPHP\Library\Think\Db\Driver\Pdo.class.php 第 68 行.
NOTIC: [8] Undefined index: DB_DSN D:\Apache24\htdocs\GoGoJP\ThinkPHP\Library\Think\Db\Driver\Pdo.class.php 第 73 行.
SQL: select *  from gogojp_user where user_id=:user_id[ Array
(
    [:user_id] => 1
)
 ] [ RunTime:0.000000s ]

[ 2014-08-07T13:22:28+08:00 ] ::1 /GoGoJP/index.php?url=Home/Index/getCurrentUser
INFO: [ app_init ] --START--
INFO: Run Behavior\BuildLiteBehavior [ RunTime:0.000000s ]
INFO: [ app_init ] --END-- [ RunTime:0.001000s ]
INFO: [ app_begin ] --START--
INFO: Run Behavior\ReadHtmlCacheBehavior [ RunTime:0.001000s ]
INFO: [ app_begin ] --END-- [ RunTime:0.001000s ]
NOTIC: [8192] mysql_connect(): The mysql extension is deprecated and will be removed in the future: use mysqli or PDO instead D:\Apache24\htdocs\GoGoJP\ThinkPHP\Library\Think\Db\Driver\Mysql.class.php 第 52 行.
SQL: SHOW COLUMNS FROM `gogojp_user` [ RunTime:0.003000s ]
NOTIC: [8] Undefined offset: 1 D:\Apache24\htdocs\GoGoJP\ThinkPHP\Library\Think\Db\Driver\Pdo.class.php 第 68 行.
NOTIC: [8] Undefined index: DB_DSN D:\Apache24\htdocs\GoGoJP\ThinkPHP\Library\Think\Db\Driver\Pdo.class.php 第 73 行.
SQL: select *  from gogojp_user where user_id=:user_id[ Array
(
    [:user_id] => 1
)
 ] [ RunTime:0.000000s ]

[ 2014-08-07T14:08:54+08:00 ] ::1 /GoGoJP/index.php?url=Home/PictureManagement/searchSlideShow
INFO: [ app_init ] --START--
INFO: Run Behavior\BuildLiteBehavior [ RunTime:0.000000s ]
INFO: [ app_init ] --END-- [ RunTime:0.000000s ]
INFO: [ app_begin ] --START--
INFO: Run Behavior\ReadHtmlCacheBehavior [ RunTime:0.001000s ]
INFO: [ app_begin ] --END-- [ RunTime:0.001000s ]
NOTIC: [8192] mysql_connect(): The mysql extension is deprecated and will be removed in the future: use mysqli or PDO instead D:\Apache24\htdocs\GoGoJP\ThinkPHP\Library\Think\Db\Driver\Mysql.class.php 第 52 行.
SQL: SHOW COLUMNS FROM `gogojp_sys_picture_management` [ RunTime:0.036002s ]
NOTIC: [8] Undefined offset: 1 D:\Apache24\htdocs\GoGoJP\ThinkPHP\Library\Think\Db\Driver\Pdo.class.php 第 68 行.
NOTIC: [8] Undefined index: DB_DSN D:\Apache24\htdocs\GoGoJP\ThinkPHP\Library\Think\Db\Driver\Pdo.class.php 第 73 行.
SQL: select t.* from (select * from gogojp_sys_picture_management order by create_time desc )as t order by t.istop asc   limit 0,10 [ RunTime:0.000000s ]
SQL: select count(*) totalcout from gogojp_sys_picture_management  [ RunTime:0.000000s ]

[ 2014-08-07T14:08:55+08:00 ] ::1 /GoGoJP/index.php?url=Home/Product/searchProductByCondition
INFO: [ app_init ] --START--
INFO: Run Behavior\BuildLiteBehavior [ RunTime:0.000000s ]
INFO: [ app_init ] --END-- [ RunTime:0.001000s ]
INFO: [ app_begin ] --START--
INFO: Run Behavior\ReadHtmlCacheBehavior [ RunTime:0.001000s ]
INFO: [ app_begin ] --END-- [ RunTime:0.001000s ]
NOTIC: [8192] mysql_connect(): The mysql extension is deprecated and will be removed in the future: use mysqli or PDO instead D:\Apache24\htdocs\GoGoJP\ThinkPHP\Library\Think\Db\Driver\Mysql.class.php 第 52 行.
SQL: SHOW COLUMNS FROM `gogojp_productinfo` [ RunTime:0.006000s ]
NOTIC: [8] Undefined offset: 1 D:\Apache24\htdocs\GoGoJP\ThinkPHP\Library\Think\Db\Driver\Pdo.class.php 第 68 行.
NOTIC: [8] Undefined index: DB_DSN D:\Apache24\htdocs\GoGoJP\ThinkPHP\Library\Think\Db\Driver\Pdo.class.php 第 73 行.
SQL: select * from(SELECT p.*,c.cat_name as category_name FROM gogojp_productinfo as p left join gogojp_productcategory as c on p.catid=c.catid) as t where (t.catid=:catid or 0=:catid) and  (1=1)  order by t.create_time desc limit 0,15[ Array
(
    [:catid] => 0
)
 ] [ RunTime:0.001000s ]
SQL: select count(*) as totalcount from(SELECT p.*,c.cat_name as category_name FROM gogojp_productinfo as p left join gogojp_productcategory as c on p.catid=c.catid) as t where (t.catid=:catid or 0=:catid) and  (1=1)  order by t.create_time desc [ Array
(
    [:catid] => 0
)
 ] [ RunTime:0.001000s ]

[ 2014-08-07T14:08:55+08:00 ] ::1 /GoGoJP/index.php?url=Home/ProductCategory/searchMainCategory
INFO: [ app_init ] --START--
INFO: Run Behavior\BuildLiteBehavior [ RunTime:0.000000s ]
INFO: [ app_init ] --END-- [ RunTime:0.001000s ]
INFO: [ app_begin ] --START--
INFO: Run Behavior\ReadHtmlCacheBehavior [ RunTime:0.001000s ]
INFO: [ app_begin ] --END-- [ RunTime:0.001000s ]
NOTIC: [8192] mysql_connect(): The mysql extension is deprecated and will be removed in the future: use mysqli or PDO instead D:\Apache24\htdocs\GoGoJP\ThinkPHP\Library\Think\Db\Driver\Mysql.class.php 第 52 行.
SQL: SHOW COLUMNS FROM `gogojp_productcategory` [ RunTime:0.004000s ]
SQL: SELECT * FROM `gogojp_productcategory` WHERE ( parentid=0 )  [ RunTime:0.000000s ]

[ 2014-08-07T14:08:56+08:00 ] ::1 /GoGoJP/index.php?url=Home/PictureManagement/searchSlideShow
INFO: [ app_init ] --START--
INFO: Run Behavior\BuildLiteBehavior [ RunTime:0.000000s ]
INFO: [ app_init ] --END-- [ RunTime:0.001000s ]
INFO: [ app_begin ] --START--
INFO: Run Behavior\ReadHtmlCacheBehavior [ RunTime:0.000000s ]
INFO: [ app_begin ] --END-- [ RunTime:0.000000s ]
NOTIC: [8192] mysql_connect(): The mysql extension is deprecated and will be removed in the future: use mysqli or PDO instead D:\Apache24\htdocs\GoGoJP\ThinkPHP\Library\Think\Db\Driver\Mysql.class.php 第 52 行.
SQL: SHOW COLUMNS FROM `gogojp_sys_picture_management` [ RunTime:0.007001s ]
NOTIC: [8] Undefined offset: 1 D:\Apache24\htdocs\GoGoJP\ThinkPHP\Library\Think\Db\Driver\Pdo.class.php 第 68 行.
NOTIC: [8] Undefined index: DB_DSN D:\Apache24\htdocs\GoGoJP\ThinkPHP\Library\Think\Db\Driver\Pdo.class.php 第 73 行.
SQL: select t.* from (select * from gogojp_sys_picture_management order by create_time desc )as t order by t.istop asc   limit 0,10 [ RunTime:0.000000s ]
SQL: select count(*) totalcout from gogojp_sys_picture_management  [ RunTime:0.001000s ]

[ 2014-08-07T14:08:57+08:00 ] ::1 /GoGoJP/index.php?url=Home/Album/searchAlbumByCondition
INFO: [ app_init ] --START--
INFO: Run Behavior\BuildLiteBehavior [ RunTime:0.000000s ]
INFO: [ app_init ] --END-- [ RunTime:0.001000s ]
INFO: [ app_begin ] --START--
INFO: Run Behavior\ReadHtmlCacheBehavior [ RunTime:0.000000s ]
INFO: [ app_begin ] --END-- [ RunTime:0.000000s ]
NOTIC: [8192] mysql_connect(): The mysql extension is deprecated and will be removed in the future: use mysqli or PDO instead D:\Apache24\htdocs\GoGoJP\ThinkPHP\Library\Think\Db\Driver\Mysql.class.php 第 52 行.
SQL: SHOW COLUMNS FROM `gogojp_album` [ RunTime:0.004000s ]
NOTIC: [8] Undefined offset: 1 D:\Apache24\htdocs\GoGoJP\ThinkPHP\Library\Think\Db\Driver\Pdo.class.php 第 68 行.
NOTIC: [8] Undefined index: DB_DSN D:\Apache24\htdocs\GoGoJP\ThinkPHP\Library\Think\Db\Driver\Pdo.class.php 第 73 行.
SQL: select * from gogojp_album where (album_name like  '%%'   or ''=:album_name) limit 0,100[ Array
(
    [:album_name] => 
)
 ] [ RunTime:0.001000s ]
SQL: select count(*) totalcout from gogojp_album where (album_name like  '%%'   or ''=:album_name)[ Array
(
    [:album_name] => 
)
 ] [ RunTime:0.000000s ]

[ 2014-08-07T14:08:58+08:00 ] ::1 /GoGoJP/index.php?url=Home/PictureManagement/searchSlideShow
INFO: [ app_init ] --START--
INFO: Run Behavior\BuildLiteBehavior [ RunTime:0.000000s ]
INFO: [ app_init ] --END-- [ RunTime:0.001000s ]
INFO: [ app_begin ] --START--
INFO: Run Behavior\ReadHtmlCacheBehavior [ RunTime:0.001000s ]
INFO: [ app_begin ] --END-- [ RunTime:0.001000s ]
NOTIC: [8192] mysql_connect(): The mysql extension is deprecated and will be removed in the future: use mysqli or PDO instead D:\Apache24\htdocs\GoGoJP\ThinkPHP\Library\Think\Db\Driver\Mysql.class.php 第 52 行.
SQL: SHOW COLUMNS FROM `gogojp_sys_picture_management` [ RunTime:0.004000s ]
NOTIC: [8] Undefined offset: 1 D:\Apache24\htdocs\GoGoJP\ThinkPHP\Library\Think\Db\Driver\Pdo.class.php 第 68 行.
NOTIC: [8] Undefined index: DB_DSN D:\Apache24\htdocs\GoGoJP\ThinkPHP\Library\Think\Db\Driver\Pdo.class.php 第 73 行.
SQL: select t.* from (select * from gogojp_sys_picture_management order by create_time desc )as t order by t.istop asc   limit 0,10 [ RunTime:0.000000s ]
SQL: select count(*) totalcout from gogojp_sys_picture_management  [ RunTime:0.000000s ]

[ 2014-08-07T14:08:59+08:00 ] ::1 /GoGoJP/index.php?url=Home/Product/searchProductByCondition
INFO: [ app_init ] --START--
INFO: Run Behavior\BuildLiteBehavior [ RunTime:0.000000s ]
INFO: [ app_init ] --END-- [ RunTime:0.000000s ]
INFO: [ app_begin ] --START--
INFO: Run Behavior\ReadHtmlCacheBehavior [ RunTime:0.001000s ]
INFO: [ app_begin ] --END-- [ RunTime:0.001000s ]
NOTIC: [8192] mysql_connect(): The mysql extension is deprecated and will be removed in the future: use mysqli or PDO instead D:\Apache24\htdocs\GoGoJP\ThinkPHP\Library\Think\Db\Driver\Mysql.class.php 第 52 行.
SQL: SHOW COLUMNS FROM `gogojp_productinfo` [ RunTime:0.003000s ]
NOTIC: [8] Undefined offset: 1 D:\Apache24\htdocs\GoGoJP\ThinkPHP\Library\Think\Db\Driver\Pdo.class.php 第 68 行.
NOTIC: [8] Undefined index: DB_DSN D:\Apache24\htdocs\GoGoJP\ThinkPHP\Library\Think\Db\Driver\Pdo.class.php 第 73 行.
SQL: select * from(SELECT p.*,c.cat_name as category_name FROM gogojp_productinfo as p left join gogojp_productcategory as c on p.catid=c.catid) as t where (t.catid=:catid or 0=:catid) and  (1=1)  order by t.create_time desc limit 0,15[ Array
(
    [:catid] => 0
)
 ] [ RunTime:0.000000s ]
SQL: select count(*) as totalcount from(SELECT p.*,c.cat_name as category_name FROM gogojp_productinfo as p left join gogojp_productcategory as c on p.catid=c.catid) as t where (t.catid=:catid or 0=:catid) and  (1=1)  order by t.create_time desc [ Array
(
    [:catid] => 0
)
 ] [ RunTime:0.000000s ]

[ 2014-08-07T14:08:59+08:00 ] ::1 /GoGoJP/index.php?url=Home/ProductCategory/searchMainCategory
INFO: [ app_init ] --START--
INFO: Run Behavior\BuildLiteBehavior [ RunTime:0.000000s ]
INFO: [ app_init ] --END-- [ RunTime:0.001000s ]
INFO: [ app_begin ] --START--
INFO: Run Behavior\ReadHtmlCacheBehavior [ RunTime:0.001000s ]
INFO: [ app_begin ] --END-- [ RunTime:0.001000s ]
NOTIC: [8192] mysql_connect(): The mysql extension is deprecated and will be removed in the future: use mysqli or PDO instead D:\Apache24\htdocs\GoGoJP\ThinkPHP\Library\Think\Db\Driver\Mysql.class.php 第 52 行.
SQL: SHOW COLUMNS FROM `gogojp_productcategory` [ RunTime:0.002000s ]
SQL: SELECT * FROM `gogojp_productcategory` WHERE ( parentid=0 )  [ RunTime:0.000000s ]

[ 2014-08-07T14:09:00+08:00 ] ::1 /GoGoJP/index.php?url=Home/Order/searchOrder
INFO: [ app_init ] --START--
INFO: Run Behavior\BuildLiteBehavior [ RunTime:0.000000s ]
INFO: [ app_init ] --END-- [ RunTime:0.000000s ]
INFO: [ app_begin ] --START--
INFO: Run Behavior\ReadHtmlCacheBehavior [ RunTime:0.000000s ]
INFO: [ app_begin ] --END-- [ RunTime:0.000000s ]
NOTIC: [8192] mysql_connect(): The mysql extension is deprecated and will be removed in the future: use mysqli or PDO instead D:\Apache24\htdocs\GoGoJP\ThinkPHP\Library\Think\Db\Driver\Mysql.class.php 第 52 行.
SQL: SHOW COLUMNS FROM `gogojp_order` [ RunTime:0.002000s ]
NOTIC: [8] Undefined offset: 1 D:\Apache24\htdocs\GoGoJP\ThinkPHP\Library\Think\Db\Driver\Pdo.class.php 第 68 行.
NOTIC: [8] Undefined index: DB_DSN D:\Apache24\htdocs\GoGoJP\ThinkPHP\Library\Think\Db\Driver\Pdo.class.php 第 73 行.
SQL:  select * from gogojp_order 
				where   1=1 
  
 and  ( order_status = :order_status or :order_status=0 ) 
 limit 0,10[ Array
(
    [:order_status] => 0
)
 ] [ RunTime:0.001000s ]
SQL:  select count(*) totalcount  from gogojp_order 
				where   1=1 
 
 and  ( order_status = :order_status or :order_status=0 ) 
[ Array
(
    [:order_status] => 0
)
 ] [ RunTime:0.000000s ]

[ 2014-08-07T14:09:01+08:00 ] ::1 /GoGoJP/index.php?url=Home/Chat/chatList
INFO: [ app_init ] --START--
INFO: Run Behavior\BuildLiteBehavior [ RunTime:0.000000s ]
INFO: [ app_init ] --END-- [ RunTime:0.000000s ]
INFO: [ app_begin ] --START--
INFO: Run Behavior\ReadHtmlCacheBehavior [ RunTime:0.000000s ]
INFO: [ app_begin ] --END-- [ RunTime:0.000000s ]
NOTIC: [8192] mysql_connect(): The mysql extension is deprecated and will be removed in the future: use mysqli or PDO instead D:\Apache24\htdocs\GoGoJP\ThinkPHP\Library\Think\Db\Driver\Mysql.class.php 第 52 行.
SQL: SHOW COLUMNS FROM `gogojp_customer_advisory` [ RunTime:0.004001s ]
NOTIC: [8] Undefined offset: 1 D:\Apache24\htdocs\GoGoJP\ThinkPHP\Library\Think\Db\Driver\Pdo.class.php 第 68 行.
NOTIC: [8] Undefined index: DB_DSN D:\Apache24\htdocs\GoGoJP\ThinkPHP\Library\Think\Db\Driver\Pdo.class.php 第 73 行.
SQL:  select advisory_id,customer_id,customer_account,customer_nickname,create_time,isread from gogojp_customer_advisory where
 ((''='' or customer_account like '%%')
 or  (''='' or customer_nickname like '%%'))
 and  ( create_time >= :begin_time or :begin_time='' )
 and  ( create_time <= :end_time or :end_time='' )
 order by isread asc,create_time desc
 limit 0,16[ Array
(
    [:begin_time] => 
    [:end_time] => 
)
 ] [ RunTime:0.000000s ]
SQL:  select count(*) totalcount  from gogojp_customer_advisory where
((''='' or customer_account like '%%')
 or  (''='' or customer_nickname like '%%'))
 and  ( create_time >= :begin_time or :begin_time='' )
 and  ( create_time <= :end_time or :end_time='' )
[ Array
(
    [:begin_time] => 
    [:end_time] => 
)
 ] [ RunTime:0.000000s ]

[ 2014-08-07T14:09:03+08:00 ] ::1 /GoGoJP/index.php?url=Home/ProductCategory/searchProductCategory
INFO: [ app_init ] --START--
INFO: Run Behavior\BuildLiteBehavior [ RunTime:0.000000s ]
INFO: [ app_init ] --END-- [ RunTime:0.000000s ]
INFO: [ app_begin ] --START--
INFO: Run Behavior\ReadHtmlCacheBehavior [ RunTime:0.000000s ]
INFO: [ app_begin ] --END-- [ RunTime:0.000000s ]
NOTIC: [8192] mysql_connect(): The mysql extension is deprecated and will be removed in the future: use mysqli or PDO instead D:\Apache24\htdocs\GoGoJP\ThinkPHP\Library\Think\Db\Driver\Mysql.class.php 第 52 行.
SQL: SHOW COLUMNS FROM `gogojp_productcategory` [ RunTime:0.004000s ]
SQL: SELECT * FROM `gogojp_productcategory` WHERE ( parentid=0 )  [ RunTime:0.001000s ]
NOTIC: [8] Undefined offset: 1 D:\Apache24\htdocs\GoGoJP\ThinkPHP\Library\Think\Db\Driver\Pdo.class.php 第 68 行.
NOTIC: [8] Undefined index: DB_DSN D:\Apache24\htdocs\GoGoJP\ThinkPHP\Library\Think\Db\Driver\Pdo.class.php 第 73 行.
SQL: select t.cat_name as parent_name,p.* from ( select * from gogojp_productcategory where FIND_IN_SET(catid, getChildLst(10)) union select * from gogojp_productcategory where FIND_IN_SET(catid, getChildLst(9))) as p left join gogojp_productcategory as t on p.parentid=t.catid limit 0,15 [ RunTime:0.007000s ]
SQL: select count(*) totalcount from gogojp_productcategory order by create_time desc [ RunTime:0.000000s ]

[ 2014-08-07T14:09:03+08:00 ] ::1 /GoGoJP/index.php?url=Home/Tags/searchTags
INFO: [ app_init ] --START--
INFO: Run Behavior\BuildLiteBehavior [ RunTime:0.000000s ]
INFO: [ app_init ] --END-- [ RunTime:0.001000s ]
INFO: [ app_begin ] --START--
INFO: Run Behavior\ReadHtmlCacheBehavior [ RunTime:0.000000s ]
INFO: [ app_begin ] --END-- [ RunTime:0.000000s ]
NOTIC: [8192] mysql_connect(): The mysql extension is deprecated and will be removed in the future: use mysqli or PDO instead D:\Apache24\htdocs\GoGoJP\ThinkPHP\Library\Think\Db\Driver\Mysql.class.php 第 52 行.
SQL: SHOW COLUMNS FROM `gogojp_tags` [ RunTime:0.003000s ]
NOTIC: [8] Undefined offset: 1 D:\Apache24\htdocs\GoGoJP\ThinkPHP\Library\Think\Db\Driver\Pdo.class.php 第 68 行.
NOTIC: [8] Undefined index: DB_DSN D:\Apache24\htdocs\GoGoJP\ThinkPHP\Library\Think\Db\Driver\Pdo.class.php 第 73 行.
SQL:  select * from gogojp_tags  limit 0,20 [ RunTime:0.000000s ]
SQL:  select count(*) totalcount  from gogojp_tags  [ RunTime:0.001000s ]

[ 2014-08-07T14:09:05+08:00 ] ::1 /GoGoJP/index.php?url=Home/Standard/searchCategoryByStandardId
INFO: [ app_init ] --START--
INFO: Run Behavior\BuildLiteBehavior [ RunTime:0.000000s ]
INFO: [ app_init ] --END-- [ RunTime:0.000000s ]
INFO: [ app_begin ] --START--
INFO: Run Behavior\ReadHtmlCacheBehavior [ RunTime:0.000000s ]
INFO: [ app_begin ] --END-- [ RunTime:0.000000s ]
NOTIC: [8192] mysql_connect(): The mysql extension is deprecated and will be removed in the future: use mysqli or PDO instead D:\Apache24\htdocs\GoGoJP\ThinkPHP\Library\Think\Db\Driver\Mysql.class.php 第 52 行.
SQL: SHOW COLUMNS FROM `gogojp_standard` [ RunTime:0.005001s ]
NOTIC: [8] Undefined offset: 1 D:\Apache24\htdocs\GoGoJP\ThinkPHP\Library\Think\Db\Driver\Pdo.class.php 第 68 行.
NOTIC: [8] Undefined index: DB_DSN D:\Apache24\htdocs\GoGoJP\ThinkPHP\Library\Think\Db\Driver\Pdo.class.php 第 73 行.
SQL:  select * from gogojp_productcategory where catid in( select 
  		  category_id from gogojp_category_r_standard_parameter where standard_id =:standard_id group by category_id order by create_time desc)
				limit 0,20[ Array
(
    [:standard_id] => 1
)
 ] [ RunTime:0.001000s ]
SQL: select count(*) as totalcount from gogojp_productcategory where catid in( select 
			    category_id
			from
			    gogojp_category_r_standard_parameter
			where
			    standard_id = :standard_id
			group by category_id )  
		[ Array
(
    [:standard_id] => 1
)
 ] [ RunTime:0.000000s ]

[ 2014-08-07T14:09:05+08:00 ] ::1 /GoGoJP/index.php?url=Home/Standard/searchParamterBySidAndCatid
INFO: [ app_init ] --START--
INFO: Run Behavior\BuildLiteBehavior [ RunTime:0.000000s ]
INFO: [ app_init ] --END-- [ RunTime:0.000000s ]
INFO: [ app_begin ] --START--
INFO: Run Behavior\ReadHtmlCacheBehavior [ RunTime:0.000000s ]
INFO: [ app_begin ] --END-- [ RunTime:0.000000s ]
NOTIC: [8192] mysql_connect(): The mysql extension is deprecated and will be removed in the future: use mysqli or PDO instead D:\Apache24\htdocs\GoGoJP\ThinkPHP\Library\Think\Db\Driver\Mysql.class.php 第 52 行.
SQL: SHOW COLUMNS FROM `gogojp_standard` [ RunTime:0.003000s ]
NOTIC: [8] Undefined offset: 1 D:\Apache24\htdocs\GoGoJP\ThinkPHP\Library\Think\Db\Driver\Pdo.class.php 第 68 行.
NOTIC: [8] Undefined index: DB_DSN D:\Apache24\htdocs\GoGoJP\ThinkPHP\Library\Think\Db\Driver\Pdo.class.php 第 73 行.
SQL: select sp.* from(select 
		    parameter_id
		from
		    gogojp_category_r_standard_parameter
		where
		    standard_id =:standard_id and category_id=:category_id ) as c left join gogojp_standard_parameter as sp on c.parameter_id=sp.standard_parameter_id
		[ Array
(
    [:standard_id] => 1
    [:category_id] => 9
)
 ] [ RunTime:0.001001s ]

[ 2014-08-07T14:09:05+08:00 ] ::1 /GoGoJP/index.php?url=Home/Standard/searchParamterBySidAndCatid
INFO: [ app_init ] --START--
INFO: Run Behavior\BuildLiteBehavior [ RunTime:0.000000s ]
INFO: [ app_init ] --END-- [ RunTime:0.000000s ]
INFO: [ app_begin ] --START--
INFO: Run Behavior\ReadHtmlCacheBehavior [ RunTime:0.001000s ]
INFO: [ app_begin ] --END-- [ RunTime:0.001000s ]
NOTIC: [8192] mysql_connect(): The mysql extension is deprecated and will be removed in the future: use mysqli or PDO instead D:\Apache24\htdocs\GoGoJP\ThinkPHP\Library\Think\Db\Driver\Mysql.class.php 第 52 行.
SQL: SHOW COLUMNS FROM `gogojp_standard` [ RunTime:0.002000s ]
NOTIC: [8] Undefined offset: 1 D:\Apache24\htdocs\GoGoJP\ThinkPHP\Library\Think\Db\Driver\Pdo.class.php 第 68 行.
NOTIC: [8] Undefined index: DB_DSN D:\Apache24\htdocs\GoGoJP\ThinkPHP\Library\Think\Db\Driver\Pdo.class.php 第 73 行.
SQL: select sp.* from(select 
		    parameter_id
		from
		    gogojp_category_r_standard_parameter
		where
		    standard_id =:standard_id and category_id=:category_id ) as c left join gogojp_standard_parameter as sp on c.parameter_id=sp.standard_parameter_id
		[ Array
(
    [:standard_id] => 1
    [:category_id] => 10
)
 ] [ RunTime:0.001000s ]

[ 2014-08-07T14:09:06+08:00 ] ::1 /GoGoJP/index.php?url=Home/Order/searchOrder
INFO: [ app_init ] --START--
INFO: Run Behavior\BuildLiteBehavior [ RunTime:0.000000s ]
INFO: [ app_init ] --END-- [ RunTime:0.000000s ]
INFO: [ app_begin ] --START--
INFO: Run Behavior\ReadHtmlCacheBehavior [ RunTime:0.001000s ]
INFO: [ app_begin ] --END-- [ RunTime:0.001000s ]
NOTIC: [8192] mysql_connect(): The mysql extension is deprecated and will be removed in the future: use mysqli or PDO instead D:\Apache24\htdocs\GoGoJP\ThinkPHP\Library\Think\Db\Driver\Mysql.class.php 第 52 行.
SQL: SHOW COLUMNS FROM `gogojp_order` [ RunTime:0.004001s ]
NOTIC: [8] Undefined offset: 1 D:\Apache24\htdocs\GoGoJP\ThinkPHP\Library\Think\Db\Driver\Pdo.class.php 第 68 行.
NOTIC: [8] Undefined index: DB_DSN D:\Apache24\htdocs\GoGoJP\ThinkPHP\Library\Think\Db\Driver\Pdo.class.php 第 73 行.
SQL:  select * from gogojp_order 
				where   1=1 
  
 and  ( order_status = :order_status or :order_status=0 ) 
 limit 0,10[ Array
(
    [:order_status] => 0
)
 ] [ RunTime:0.001000s ]
SQL:  select count(*) totalcount  from gogojp_order 
				where   1=1 
 
 and  ( order_status = :order_status or :order_status=0 ) 
[ Array
(
    [:order_status] => 0
)
 ] [ RunTime:0.000000s ]

[ 2014-08-07T14:09:07+08:00 ] ::1 /GoGoJP/index.php?url=Home/ProductCategory/searchMainCategory
INFO: [ app_init ] --START--
INFO: Run Behavior\BuildLiteBehavior [ RunTime:0.000000s ]
INFO: [ app_init ] --END-- [ RunTime:0.000000s ]
INFO: [ app_begin ] --START--
INFO: Run Behavior\ReadHtmlCacheBehavior [ RunTime:0.001000s ]
INFO: [ app_begin ] --END-- [ RunTime:0.001000s ]
NOTIC: [8192] mysql_connect(): The mysql extension is deprecated and will be removed in the future: use mysqli or PDO instead D:\Apache24\htdocs\GoGoJP\ThinkPHP\Library\Think\Db\Driver\Mysql.class.php 第 52 行.
SQL: SHOW COLUMNS FROM `gogojp_productcategory` [ RunTime:0.004001s ]
SQL: SELECT * FROM `gogojp_productcategory` WHERE ( parentid=0 )  [ RunTime:0.001000s ]

[ 2014-08-07T14:09:07+08:00 ] ::1 /GoGoJP/index.php?url=Home/Product/searchProductByCondition
INFO: [ app_init ] --START--
INFO: Run Behavior\BuildLiteBehavior [ RunTime:0.000000s ]
INFO: [ app_init ] --END-- [ RunTime:0.000000s ]
INFO: [ app_begin ] --START--
INFO: Run Behavior\ReadHtmlCacheBehavior [ RunTime:0.000000s ]
INFO: [ app_begin ] --END-- [ RunTime:0.001000s ]
NOTIC: [8192] mysql_connect(): The mysql extension is deprecated and will be removed in the future: use mysqli or PDO instead D:\Apache24\htdocs\GoGoJP\ThinkPHP\Library\Think\Db\Driver\Mysql.class.php 第 52 行.
SQL: SHOW COLUMNS FROM `gogojp_productinfo` [ RunTime:0.004000s ]
NOTIC: [8] Undefined offset: 1 D:\Apache24\htdocs\GoGoJP\ThinkPHP\Library\Think\Db\Driver\Pdo.class.php 第 68 行.
NOTIC: [8] Undefined index: DB_DSN D:\Apache24\htdocs\GoGoJP\ThinkPHP\Library\Think\Db\Driver\Pdo.class.php 第 73 行.
SQL: select * from(SELECT p.*,c.cat_name as category_name FROM gogojp_productinfo as p left join gogojp_productcategory as c on p.catid=c.catid) as t where (t.catid=:catid or 0=:catid) and  (1=1)  order by t.create_time desc limit 0,15[ Array
(
    [:catid] => 0
)
 ] [ RunTime:0.001000s ]
SQL: select count(*) as totalcount from(SELECT p.*,c.cat_name as category_name FROM gogojp_productinfo as p left join gogojp_productcategory as c on p.catid=c.catid) as t where (t.catid=:catid or 0=:catid) and  (1=1)  order by t.create_time desc [ Array
(
    [:catid] => 0
)
 ] [ RunTime:0.001000s ]

[ 2014-08-07T14:09:09+08:00 ] ::1 /GoGoJP/index.php?url=Home/PictureManagement/searchSlideShow
INFO: [ app_init ] --START--
INFO: Run Behavior\BuildLiteBehavior [ RunTime:0.000000s ]
INFO: [ app_init ] --END-- [ RunTime:0.001000s ]
INFO: [ app_begin ] --START--
INFO: Run Behavior\ReadHtmlCacheBehavior [ RunTime:0.000000s ]
INFO: [ app_begin ] --END-- [ RunTime:0.000000s ]
NOTIC: [8192] mysql_connect(): The mysql extension is deprecated and will be removed in the future: use mysqli or PDO instead D:\Apache24\htdocs\GoGoJP\ThinkPHP\Library\Think\Db\Driver\Mysql.class.php 第 52 行.
SQL: SHOW COLUMNS FROM `gogojp_sys_picture_management` [ RunTime:0.004000s ]
NOTIC: [8] Undefined offset: 1 D:\Apache24\htdocs\GoGoJP\ThinkPHP\Library\Think\Db\Driver\Pdo.class.php 第 68 行.
NOTIC: [8] Undefined index: DB_DSN D:\Apache24\htdocs\GoGoJP\ThinkPHP\Library\Think\Db\Driver\Pdo.class.php 第 73 行.
SQL: select t.* from (select * from gogojp_sys_picture_management order by create_time desc )as t order by t.istop asc   limit 0,10 [ RunTime:0.001000s ]
SQL: select count(*) totalcout from gogojp_sys_picture_management  [ RunTime:0.000000s ]

[ 2014-08-07T14:09:19+08:00 ] ::1 /GoGoJP/index.php?url=Home/ProductCategory/searchMainCategory
INFO: [ app_init ] --START--
INFO: Run Behavior\BuildLiteBehavior [ RunTime:0.000000s ]
INFO: [ app_init ] --END-- [ RunTime:0.001000s ]
INFO: [ app_begin ] --START--
INFO: Run Behavior\ReadHtmlCacheBehavior [ RunTime:0.001000s ]
INFO: [ app_begin ] --END-- [ RunTime:0.001000s ]
NOTIC: [8192] mysql_connect(): The mysql extension is deprecated and will be removed in the future: use mysqli or PDO instead D:\Apache24\htdocs\GoGoJP\ThinkPHP\Library\Think\Db\Driver\Mysql.class.php 第 52 行.
SQL: SHOW COLUMNS FROM `gogojp_productcategory` [ RunTime:0.009001s ]
SQL: SELECT * FROM `gogojp_productcategory` WHERE ( parentid=0 )  [ RunTime:0.001000s ]

[ 2014-08-07T14:09:19+08:00 ] ::1 /GoGoJP/index.php?url=Home/Product/searchProductByCondition
INFO: [ app_init ] --START--
INFO: Run Behavior\BuildLiteBehavior [ RunTime:0.000000s ]
INFO: [ app_init ] --END-- [ RunTime:0.001000s ]
INFO: [ app_begin ] --START--
INFO: Run Behavior\ReadHtmlCacheBehavior [ RunTime:0.002000s ]
INFO: [ app_begin ] --END-- [ RunTime:0.003000s ]
NOTIC: [8192] mysql_connect(): The mysql extension is deprecated and will be removed in the future: use mysqli or PDO instead D:\Apache24\htdocs\GoGoJP\ThinkPHP\Library\Think\Db\Driver\Mysql.class.php 第 52 行.
SQL: SHOW COLUMNS FROM `gogojp_productinfo` [ RunTime:0.004001s ]
NOTIC: [8] Undefined offset: 1 D:\Apache24\htdocs\GoGoJP\ThinkPHP\Library\Think\Db\Driver\Pdo.class.php 第 68 行.
NOTIC: [8] Undefined index: DB_DSN D:\Apache24\htdocs\GoGoJP\ThinkPHP\Library\Think\Db\Driver\Pdo.class.php 第 73 行.
SQL: select * from(SELECT p.*,c.cat_name as category_name FROM gogojp_productinfo as p left join gogojp_productcategory as c on p.catid=c.catid) as t where (t.catid=:catid or 0=:catid) and  (1=1)  order by t.create_time desc limit 0,15[ Array
(
    [:catid] => 0
)
 ] [ RunTime:0.001000s ]
SQL: select count(*) as totalcount from(SELECT p.*,c.cat_name as category_name FROM gogojp_productinfo as p left join gogojp_productcategory as c on p.catid=c.catid) as t where (t.catid=:catid or 0=:catid) and  (1=1)  order by t.create_time desc [ Array
(
    [:catid] => 0
)
 ] [ RunTime:0.001000s ]

[ 2014-08-07T14:09:19+08:00 ] ::1 /GoGoJP/index.php?url=Home/Album/searchAlbumByCondition
INFO: [ app_init ] --START--
INFO: Run Behavior\BuildLiteBehavior [ RunTime:0.000000s ]
INFO: [ app_init ] --END-- [ RunTime:0.000000s ]
INFO: [ app_begin ] --START--
INFO: Run Behavior\ReadHtmlCacheBehavior [ RunTime:0.001000s ]
INFO: [ app_begin ] --END-- [ RunTime:0.001000s ]
NOTIC: [8192] mysql_connect(): The mysql extension is deprecated and will be removed in the future: use mysqli or PDO instead D:\Apache24\htdocs\GoGoJP\ThinkPHP\Library\Think\Db\Driver\Mysql.class.php 第 52 行.
SQL: SHOW COLUMNS FROM `gogojp_album` [ RunTime:0.005000s ]
NOTIC: [8] Undefined offset: 1 D:\Apache24\htdocs\GoGoJP\ThinkPHP\Library\Think\Db\Driver\Pdo.class.php 第 68 行.
NOTIC: [8] Undefined index: DB_DSN D:\Apache24\htdocs\GoGoJP\ThinkPHP\Library\Think\Db\Driver\Pdo.class.php 第 73 行.
SQL: select * from gogojp_album where (album_name like  '%%'   or ''=:album_name) limit 0,15[ Array
(
    [:album_name] => 
)
 ] [ RunTime:0.000000s ]
SQL: select count(*) totalcout from gogojp_album where (album_name like  '%%'   or ''=:album_name)[ Array
(
    [:album_name] => 
)
 ] [ RunTime:0.000000s ]

[ 2014-08-07T14:09:20+08:00 ] ::1 /GoGoJP/index.php?url=Home/Product/searchProductByCondition
INFO: [ app_init ] --START--
INFO: Run Behavior\BuildLiteBehavior [ RunTime:0.000000s ]
INFO: [ app_init ] --END-- [ RunTime:0.000000s ]
INFO: [ app_begin ] --START--
INFO: Run Behavior\ReadHtmlCacheBehavior [ RunTime:0.000000s ]
INFO: [ app_begin ] --END-- [ RunTime:0.000000s ]
NOTIC: [8192] mysql_connect(): The mysql extension is deprecated and will be removed in the future: use mysqli or PDO instead D:\Apache24\htdocs\GoGoJP\ThinkPHP\Library\Think\Db\Driver\Mysql.class.php 第 52 行.
SQL: SHOW COLUMNS FROM `gogojp_productinfo` [ RunTime:0.004000s ]
NOTIC: [8] Undefined offset: 1 D:\Apache24\htdocs\GoGoJP\ThinkPHP\Library\Think\Db\Driver\Pdo.class.php 第 68 行.
NOTIC: [8] Undefined index: DB_DSN D:\Apache24\htdocs\GoGoJP\ThinkPHP\Library\Think\Db\Driver\Pdo.class.php 第 73 行.
SQL: select * from(SELECT p.*,c.cat_name as category_name FROM gogojp_productinfo as p left join gogojp_productcategory as c on p.catid=c.catid) as t where (t.catid=:catid or 0=:catid) and  (1=1)  order by t.create_time desc limit 0,100[ Array
(
    [:catid] => 0
)
 ] [ RunTime:0.001000s ]
SQL: select count(*) as totalcount from(SELECT p.*,c.cat_name as category_name FROM gogojp_productinfo as p left join gogojp_productcategory as c on p.catid=c.catid) as t where (t.catid=:catid or 0=:catid) and  (1=1)  order by t.create_time desc [ Array
(
    [:catid] => 0
)
 ] [ RunTime:0.000000s ]

[ 2014-08-07T14:09:21+08:00 ] ::1 /GoGoJP/index.php?url=Home/Chat/advisoryObserve
INFO: [ app_init ] --START--
INFO: Run Behavior\BuildLiteBehavior [ RunTime:0.000000s ]
INFO: [ app_init ] --END-- [ RunTime:0.000000s ]
INFO: [ app_begin ] --START--
INFO: Run Behavior\ReadHtmlCacheBehavior [ RunTime:0.000000s ]
INFO: [ app_begin ] --END-- [ RunTime:0.000000s ]
INFO: [ app_end ] --START--
INFO: Run Behavior\ShowPageTraceBehavior [ RunTime:0.001000s ]
INFO: [ app_end ] --END-- [ RunTime:0.001000s ]

[ 2014-08-07T14:09:22+08:00 ] ::1 /GoGoJP/index.php?url=Home/Album/searchAlbumByCondition
INFO: [ app_init ] --START--
INFO: Run Behavior\BuildLiteBehavior [ RunTime:0.000000s ]
INFO: [ app_init ] --END-- [ RunTime:0.000000s ]
INFO: [ app_begin ] --START--
INFO: Run Behavior\ReadHtmlCacheBehavior [ RunTime:0.000000s ]
INFO: [ app_begin ] --END-- [ RunTime:0.000000s ]
NOTIC: [8192] mysql_connect(): The mysql extension is deprecated and will be removed in the future: use mysqli or PDO instead D:\Apache24\htdocs\GoGoJP\ThinkPHP\Library\Think\Db\Driver\Mysql.class.php 第 52 行.
SQL: SHOW COLUMNS FROM `gogojp_album` [ RunTime:0.006000s ]
NOTIC: [8] Undefined offset: 1 D:\Apache24\htdocs\GoGoJP\ThinkPHP\Library\Think\Db\Driver\Pdo.class.php 第 68 行.
NOTIC: [8] Undefined index: DB_DSN D:\Apache24\htdocs\GoGoJP\ThinkPHP\Library\Think\Db\Driver\Pdo.class.php 第 73 行.
SQL: select * from gogojp_album where (album_name like  '%%'   or ''=:album_name) limit 0,15[ Array
(
    [:album_name] => 
)
 ] [ RunTime:0.001000s ]
SQL: select count(*) totalcout from gogojp_album where (album_name like  '%%'   or ''=:album_name)[ Array
(
    [:album_name] => 
)
 ] [ RunTime:0.001000s ]

[ 2014-08-07T14:09:41+08:00 ] ::1 /GoGoJP/index.php?url=Home/Chat/advisoryObserve
INFO: [ app_init ] --START--
INFO: Run Behavior\BuildLiteBehavior [ RunTime:0.000000s ]
INFO: [ app_init ] --END-- [ RunTime:0.001001s ]
INFO: [ app_begin ] --START--
INFO: Run Behavior\ReadHtmlCacheBehavior [ RunTime:0.001000s ]
INFO: [ app_begin ] --END-- [ RunTime:0.001000s ]
INFO: [ app_end ] --START--
INFO: Run Behavior\ShowPageTraceBehavior [ RunTime:0.000000s ]
INFO: [ app_end ] --END-- [ RunTime:0.000000s ]

[ 2014-08-07T14:10:02+08:00 ] ::1 /GoGoJP/index.php?url=Home/Chat/advisoryObserve
INFO: [ app_init ] --START--
INFO: Run Behavior\BuildLiteBehavior [ RunTime:0.000000s ]
INFO: [ app_init ] --END-- [ RunTime:0.000000s ]
INFO: [ app_begin ] --START--
INFO: Run Behavior\ReadHtmlCacheBehavior [ RunTime:0.001001s ]
INFO: [ app_begin ] --END-- [ RunTime:0.001001s ]
INFO: [ app_end ] --START--
INFO: Run Behavior\ShowPageTraceBehavior [ RunTime:0.002000s ]
INFO: [ app_end ] --END-- [ RunTime:0.002000s ]

[ 2014-08-07T14:10:22+08:00 ] ::1 /GoGoJP/index.php?url=Home/Chat/advisoryObserve
INFO: [ app_init ] --START--
INFO: Run Behavior\BuildLiteBehavior [ RunTime:0.000000s ]
INFO: [ app_init ] --END-- [ RunTime:0.001000s ]
INFO: [ app_begin ] --START--
INFO: Run Behavior\ReadHtmlCacheBehavior [ RunTime:0.000000s ]
INFO: [ app_begin ] --END-- [ RunTime:0.000000s ]
INFO: [ app_end ] --START--
INFO: Run Behavior\ShowPageTraceBehavior [ RunTime:0.002000s ]
INFO: [ app_end ] --END-- [ RunTime:0.002000s ]

[ 2014-08-07T14:10:42+08:00 ] ::1 /GoGoJP/index.php?url=Home/Chat/advisoryObserve
INFO: [ app_init ] --START--
INFO: Run Behavior\BuildLiteBehavior [ RunTime:0.000000s ]
INFO: [ app_init ] --END-- [ RunTime:0.001000s ]
INFO: [ app_begin ] --START--
INFO: Run Behavior\ReadHtmlCacheBehavior [ RunTime:0.001000s ]
INFO: [ app_begin ] --END-- [ RunTime:0.001000s ]
INFO: [ app_end ] --START--
INFO: Run Behavior\ShowPageTraceBehavior [ RunTime:0.002000s ]
INFO: [ app_end ] --END-- [ RunTime:0.002000s ]

[ 2014-08-07T14:11:02+08:00 ] ::1 /GoGoJP/index.php?url=Home/Chat/advisoryObserve
INFO: [ app_init ] --START--
INFO: Run Behavior\BuildLiteBehavior [ RunTime:0.000000s ]
INFO: [ app_init ] --END-- [ RunTime:0.001001s ]
INFO: [ app_begin ] --START--
INFO: Run Behavior\ReadHtmlCacheBehavior [ RunTime:0.002000s ]
INFO: [ app_begin ] --END-- [ RunTime:0.002000s ]
INFO: [ app_end ] --START--
INFO: Run Behavior\ShowPageTraceBehavior [ RunTime:0.002000s ]
INFO: [ app_end ] --END-- [ RunTime:0.002000s ]

[ 2014-08-07T14:11:22+08:00 ] ::1 /GoGoJP/index.php?url=Home/Chat/advisoryObserve
INFO: [ app_init ] --START--
INFO: Run Behavior\BuildLiteBehavior [ RunTime:0.000000s ]
INFO: [ app_init ] --END-- [ RunTime:0.000000s ]
INFO: [ app_begin ] --START--
INFO: Run Behavior\ReadHtmlCacheBehavior [ RunTime:0.001000s ]
INFO: [ app_begin ] --END-- [ RunTime:0.001000s ]
INFO: [ app_end ] --START--
INFO: Run Behavior\ShowPageTraceBehavior [ RunTime:0.002000s ]
INFO: [ app_end ] --END-- [ RunTime:0.002000s ]

[ 2014-08-07T14:11:42+08:00 ] ::1 /GoGoJP/index.php?url=Home/Chat/advisoryObserve
INFO: [ app_init ] --START--
INFO: Run Behavior\BuildLiteBehavior [ RunTime:0.000000s ]
INFO: [ app_init ] --END-- [ RunTime:0.001000s ]
INFO: [ app_begin ] --START--
INFO: Run Behavior\ReadHtmlCacheBehavior [ RunTime:0.001001s ]
INFO: [ app_begin ] --END-- [ RunTime:0.001001s ]
INFO: [ app_end ] --START--
INFO: Run Behavior\ShowPageTraceBehavior [ RunTime:0.001000s ]
INFO: [ app_end ] --END-- [ RunTime:0.001000s ]

[ 2014-08-07T14:12:02+08:00 ] ::1 /GoGoJP/index.php?url=Home/Chat/advisoryObserve
INFO: [ app_init ] --START--
INFO: Run Behavior\BuildLiteBehavior [ RunTime:0.000000s ]
INFO: [ app_init ] --END-- [ RunTime:0.001000s ]
INFO: [ app_begin ] --START--
INFO: Run Behavior\ReadHtmlCacheBehavior [ RunTime:0.001000s ]
INFO: [ app_begin ] --END-- [ RunTime:0.001000s ]
INFO: [ app_end ] --START--
INFO: Run Behavior\ShowPageTraceBehavior [ RunTime:0.002001s ]
INFO: [ app_end ] --END-- [ RunTime:0.002001s ]

[ 2014-08-07T14:12:23+08:00 ] ::1 /GoGoJP/index.php?url=Home/Chat/advisoryObserve
INFO: [ app_init ] --START--
INFO: Run Behavior\BuildLiteBehavior [ RunTime:0.000000s ]
INFO: [ app_init ] --END-- [ RunTime:0.001000s ]
INFO: [ app_begin ] --START--
INFO: Run Behavior\ReadHtmlCacheBehavior [ RunTime:0.001000s ]
INFO: [ app_begin ] --END-- [ RunTime:0.001000s ]
INFO: [ app_end ] --START--
INFO: Run Behavior\ShowPageTraceBehavior [ RunTime:0.002000s ]
INFO: [ app_end ] --END-- [ RunTime:0.002000s ]

[ 2014-08-07T14:12:43+08:00 ] ::1 /GoGoJP/index.php?url=Home/Chat/advisoryObserve
INFO: [ app_init ] --START--
INFO: Run Behavior\BuildLiteBehavior [ RunTime:0.000000s ]
INFO: [ app_init ] --END-- [ RunTime:0.001000s ]
INFO: [ app_begin ] --START--
INFO: Run Behavior\ReadHtmlCacheBehavior [ RunTime:0.001000s ]
INFO: [ app_begin ] --END-- [ RunTime:0.001000s ]
INFO: [ app_end ] --START--
INFO: Run Behavior\ShowPageTraceBehavior [ RunTime:0.002000s ]
INFO: [ app_end ] --END-- [ RunTime:0.002000s ]

