[ 2014-05-06T10:39:46+08:00 ] 127.0.0.1 /GoGoJP/index.php
INFO: [ app_init ] --START--
INFO: Run Behavior\BuildLiteBehavior [ RunTime:0.000000s ]
INFO: [ app_init ] --END-- [ RunTime:0.001000s ]
INFO: [ app_begin ] --START--
INFO: Run Behavior\ReadHtmlCacheBehavior [ RunTime:0.000000s ]
INFO: [ app_begin ] --END-- [ RunTime:0.002000s ]
NOTIC: [8] Undefined index: CONTENT_TYPE D:\Apache24\htdocs\GoGoJP\ThinkPHP\Library\Think\Controller.class.php 第 38 行.
INFO: [ view_parse ] --START--
INFO: [ template_filter ] --START--
INFO: Run Behavior\ContentReplaceBehavior [ RunTime:0.000000s ]
INFO: [ template_filter ] --END-- [ RunTime:0.000000s ]
INFO: Run Behavior\ParseTemplateBehavior [ RunTime:0.023001s ]
INFO: [ view_parse ] --END-- [ RunTime:0.023001s ]
INFO: [ view_filter ] --START--
INFO: Run Behavior\WriteHtmlCacheBehavior [ RunTime:0.009001s ]
INFO: [ view_filter ] --END-- [ RunTime:0.009001s ]
INFO: [ app_end ] --START--
INFO: Run Behavior\ShowPageTraceBehavior [ RunTime:0.001000s ]
INFO: [ app_end ] --END-- [ RunTime:0.001000s ]

[ 2014-05-06T10:39:54+08:00 ] 127.0.0.1 /GoGoJP/index.php/Home/PictureManagement/index
INFO: [ app_init ] --START--
INFO: Run Behavior\BuildLiteBehavior [ RunTime:0.000000s ]
INFO: [ app_init ] --END-- [ RunTime:0.001000s ]
INFO: [ app_begin ] --START--
INFO: Run Behavior\ReadHtmlCacheBehavior [ RunTime:0.001000s ]
INFO: [ app_begin ] --END-- [ RunTime:0.001000s ]
NOTIC: [8] Undefined index: CONTENT_TYPE D:\Apache24\htdocs\GoGoJP\ThinkPHP\Library\Think\Controller.class.php 第 38 行.
INFO: [ view_parse ] --START--
INFO: [ template_filter ] --START--
INFO: Run Behavior\ContentReplaceBehavior [ RunTime:0.000000s ]
INFO: [ template_filter ] --END-- [ RunTime:0.000000s ]
INFO: Run Behavior\ParseTemplateBehavior [ RunTime:0.015001s ]
INFO: [ view_parse ] --END-- [ RunTime:0.015001s ]
INFO: [ view_filter ] --START--
INFO: Run Behavior\WriteHtmlCacheBehavior [ RunTime:0.001000s ]
INFO: [ view_filter ] --END-- [ RunTime:0.001000s ]
INFO: [ app_end ] --START--
INFO: Run Behavior\ShowPageTraceBehavior [ RunTime:0.001000s ]
INFO: [ app_end ] --END-- [ RunTime:0.002000s ]

[ 2014-05-06T10:40:04+08:00 ] 127.0.0.1 /GoGoJP/index.php?s=home/index/search
INFO: [ app_init ] --START--
INFO: Run Behavior\BuildLiteBehavior [ RunTime:0.000000s ]
INFO: [ app_init ] --END-- [ RunTime:0.001000s ]
INFO: [ app_begin ] --START--
INFO: Run Behavior\ReadHtmlCacheBehavior [ RunTime:0.003001s ]
INFO: [ app_begin ] --END-- [ RunTime:0.003001s ]
NOTIC: [8] Undefined index: CONTENT_TYPE D:\Apache24\htdocs\GoGoJP\ThinkPHP\Library\Think\Controller.class.php 第 38 行.
INFO: [ view_parse ] --START--
INFO: Run Behavior\ParseTemplateBehavior [ RunTime:0.002000s ]
INFO: [ view_parse ] --END-- [ RunTime:0.002000s ]
INFO: [ view_filter ] --START--
INFO: Run Behavior\WriteHtmlCacheBehavior [ RunTime:0.001000s ]
INFO: [ view_filter ] --END-- [ RunTime:0.001000s ]
INFO: [ app_end ] --START--
INFO: Run Behavior\ShowPageTraceBehavior [ RunTime:0.002000s ]
INFO: [ app_end ] --END-- [ RunTime:0.002000s ]

[ 2014-05-06T10:40:39+08:00 ] 127.0.0.1 /GoGoJP/index.php?s=home/prodcut/searchProductByCondition
INFO: [ app_init ] --START--
INFO: Run Behavior\BuildLiteBehavior [ RunTime:0.000000s ]
INFO: [ app_init ] --END-- [ RunTime:0.001001s ]
INFO: [ app_begin ] --START--
INFO: Run Behavior\ReadHtmlCacheBehavior [ RunTime:0.001000s ]
INFO: [ app_begin ] --END-- [ RunTime:0.001000s ]
NOTIC: [8] Undefined index: CONTENT_TYPE D:\Apache24\htdocs\GoGoJP\ThinkPHP\Library\Think\Controller.class.php 第 38 行.
INFO: [ view_parse ] --START--
INFO: Run Behavior\ParseTemplateBehavior [ RunTime:0.000000s ]
INFO: [ view_parse ] --END-- [ RunTime:0.000000s ]
INFO: [ view_filter ] --START--
INFO: Run Behavior\WriteHtmlCacheBehavior [ RunTime:0.000000s ]
INFO: [ view_filter ] --END-- [ RunTime:0.000000s ]
INFO: [ app_end ] --START--
INFO: Run Behavior\ShowPageTraceBehavior [ RunTime:0.001000s ]
INFO: [ app_end ] --END-- [ RunTime:0.001000s ]

[ 2014-05-06T10:40:45+08:00 ] 127.0.0.1 /GoGoJP/index.php?url=home/prodcut/searchProductByCondition
INFO: [ app_init ] --START--
INFO: Run Behavior\BuildLiteBehavior [ RunTime:0.000000s ]
INFO: [ app_init ] --END-- [ RunTime:0.001000s ]
INFO: [ app_begin ] --START--
INFO: Run Behavior\ReadHtmlCacheBehavior [ RunTime:0.001000s ]
INFO: [ app_begin ] --END-- [ RunTime:0.001000s ]
ERR: 无法加载控制器:Prodcut

[ 2014-05-06T10:40:59+08:00 ] 127.0.0.1 /GoGoJP/index.php?url=home/Product/searchProductByCondition
INFO: [ app_init ] --START--
INFO: Run Behavior\BuildLiteBehavior [ RunTime:0.000000s ]
INFO: [ app_init ] --END-- [ RunTime:0.001000s ]
INFO: [ app_begin ] --START--
INFO: Run Behavior\ReadHtmlCacheBehavior [ RunTime:0.001000s ]
INFO: [ app_begin ] --END-- [ RunTime:0.001000s ]
NOTIC: [8] Undefined index: CONTENT_TYPE D:\Apache24\htdocs\GoGoJP\ThinkPHP\Library\Think\Controller.class.php 第 38 行.
NOTIC: [8192] mysql_connect(): The mysql extension is deprecated and will be removed in the future: use mysqli or PDO instead D:\Apache24\htdocs\GoGoJP\ThinkPHP\Library\Think\Db\Driver\Mysql.class.php 第 52 行.
SQL: SHOW COLUMNS FROM `gogojp_productinfo` [ RunTime:0.086005s ]
NOTIC: [8] Undefined offset: 1 D:\Apache24\htdocs\GoGoJP\ThinkPHP\Library\Think\Db\Driver\Pdo.class.php 第 63 行.
NOTIC: [8] Undefined index: DB_DSN D:\Apache24\htdocs\GoGoJP\ThinkPHP\Library\Think\Db\Driver\Pdo.class.php 第 68 行.
SQL: select * from(SELECT p.*,c.cat_name as category_name FROM gogojp_productinfo as p left join gogojp_productcategory as c on p.catid=c.catid) as t where (t.catid=:catid or 0=:catid) and (t.product_name like  '%%'   or ''=:prodcut_name) order by t.create_time desc limit 0,10[ Array
(
    [:catid] => 0
    [:prodcut_name] => 
)
 ] [ RunTime:0.004000s ]
SQL: select count(*) from(SELECT p.*,c.cat_name as category_name FROM gogojp_productinfo as p left join gogojp_productcategory as c on p.catid=c.catid) as t where (t.catid=1 or 0=:catid) and (t.product_name like  '%%'   or t.product_name=:prodcut_name) order by t.create_time desc [ Array
(
    [:catid] => 0
    [:prodcut_name] => 
)
 ] [ RunTime:0.001000s ]

[ 2014-05-06T10:41:05+08:00 ] 127.0.0.1 /GoGoJP/index.php?url=home/Product/searchProductByCondition
INFO: [ app_init ] --START--
INFO: Run Behavior\BuildLiteBehavior [ RunTime:0.000000s ]
INFO: [ app_init ] --END-- [ RunTime:0.000000s ]
INFO: [ app_begin ] --START--
INFO: Run Behavior\ReadHtmlCacheBehavior [ RunTime:0.001000s ]
INFO: [ app_begin ] --END-- [ RunTime:0.001000s ]
NOTIC: [8] Undefined index: CONTENT_TYPE D:\Apache24\htdocs\GoGoJP\ThinkPHP\Library\Think\Controller.class.php 第 38 行.
NOTIC: [8192] mysql_connect(): The mysql extension is deprecated and will be removed in the future: use mysqli or PDO instead D:\Apache24\htdocs\GoGoJP\ThinkPHP\Library\Think\Db\Driver\Mysql.class.php 第 52 行.
SQL: SHOW COLUMNS FROM `gogojp_productinfo` [ RunTime:0.006000s ]
NOTIC: [8] Undefined offset: 1 D:\Apache24\htdocs\GoGoJP\ThinkPHP\Library\Think\Db\Driver\Pdo.class.php 第 63 行.
NOTIC: [8] Undefined index: DB_DSN D:\Apache24\htdocs\GoGoJP\ThinkPHP\Library\Think\Db\Driver\Pdo.class.php 第 68 行.
SQL: select * from(SELECT p.*,c.cat_name as category_name FROM gogojp_productinfo as p left join gogojp_productcategory as c on p.catid=c.catid) as t where (t.catid=:catid or 0=:catid) and (t.product_name like  '%%'   or ''=:prodcut_name) order by t.create_time desc limit 0,10[ Array
(
    [:catid] => 0
    [:prodcut_name] => 
)
 ] [ RunTime:0.001000s ]
SQL: select count(*) from(SELECT p.*,c.cat_name as category_name FROM gogojp_productinfo as p left join gogojp_productcategory as c on p.catid=c.catid) as t where (t.catid=1 or 0=:catid) and (t.product_name like  '%%'   or t.product_name=:prodcut_name) order by t.create_time desc [ Array
(
    [:catid] => 0
    [:prodcut_name] => 
)
 ] [ RunTime:0.001000s ]

[ 2014-05-06T11:43:34+08:00 ] 127.0.0.1 /GoGoJP/index.php?url=home/Product/searchProductByCondition
INFO: [ app_init ] --START--
INFO: Run Behavior\BuildLiteBehavior [ RunTime:0.000000s ]
INFO: [ app_init ] --END-- [ RunTime:0.000000s ]
INFO: [ app_begin ] --START--
INFO: Run Behavior\ReadHtmlCacheBehavior [ RunTime:0.001000s ]
INFO: [ app_begin ] --END-- [ RunTime:0.001000s ]
NOTIC: [8] Undefined index: CONTENT_TYPE D:\Apache24\htdocs\GoGoJP\ThinkPHP\Library\Think\Controller.class.php 第 38 行.
NOTIC: [8192] mysql_connect(): The mysql extension is deprecated and will be removed in the future: use mysqli or PDO instead D:\Apache24\htdocs\GoGoJP\ThinkPHP\Library\Think\Db\Driver\Mysql.class.php 第 52 行.
SQL: SHOW COLUMNS FROM `gogojp_productinfo` [ RunTime:0.005000s ]
NOTIC: [8] Undefined offset: 1 D:\Apache24\htdocs\GoGoJP\ThinkPHP\Library\Think\Db\Driver\Pdo.class.php 第 63 行.
NOTIC: [8] Undefined index: DB_DSN D:\Apache24\htdocs\GoGoJP\ThinkPHP\Library\Think\Db\Driver\Pdo.class.php 第 68 行.
SQL: select * from(SELECT p.*,c.cat_name as category_name FROM gogojp_productinfo as p left join gogojp_productcategory as c on p.catid=c.catid) as t where (t.catid=:catid or 0=:catid) and (t.product_name like  '%%'   or ''=:prodcut_name) order by t.create_time desc limit 0,10[ Array
(
    [:catid] => 0
    [:prodcut_name] => 
)
 ] [ RunTime:0.002000s ]
SQL: select count(*) from(SELECT p.*,c.cat_name as category_name FROM gogojp_productinfo as p left join gogojp_productcategory as c on p.catid=c.catid) as t where (t.catid=1 or 0=:catid) and (t.product_name like  '%%'   or t.product_name=:prodcut_name) order by t.create_time desc [ Array
(
    [:catid] => 0
    [:prodcut_name] => 
)
 ] [ RunTime:0.001000s ]

[ 2014-05-06T11:47:20+08:00 ] 127.0.0.1 /GoGoJP/index.php?url=home/Product/searchProductByCondition
INFO: [ app_init ] --START--
INFO: Run Behavior\BuildLiteBehavior [ RunTime:0.000000s ]
INFO: [ app_init ] --END-- [ RunTime:0.001000s ]
INFO: [ app_begin ] --START--
INFO: Run Behavior\ReadHtmlCacheBehavior [ RunTime:0.001000s ]
INFO: [ app_begin ] --END-- [ RunTime:0.001000s ]
NOTIC: [8] Undefined index: CONTENT_TYPE D:\Apache24\htdocs\GoGoJP\ThinkPHP\Library\Think\Controller.class.php 第 38 行.
NOTIC: [8192] mysql_connect(): The mysql extension is deprecated and will be removed in the future: use mysqli or PDO instead D:\Apache24\htdocs\GoGoJP\ThinkPHP\Library\Think\Db\Driver\Mysql.class.php 第 52 行.
SQL: SHOW COLUMNS FROM `gogojp_productinfo` [ RunTime:0.004000s ]
NOTIC: [8] Undefined offset: 1 D:\Apache24\htdocs\GoGoJP\ThinkPHP\Library\Think\Db\Driver\Pdo.class.php 第 63 行.
NOTIC: [8] Undefined index: DB_DSN D:\Apache24\htdocs\GoGoJP\ThinkPHP\Library\Think\Db\Driver\Pdo.class.php 第 68 行.
SQL: select * from(SELECT p.*,c.cat_name as category_name FROM gogojp_productinfo as p left join gogojp_productcategory as c on p.catid=c.catid) as t where (t.catid=:catid or 0=:catid) and (t.product_name like  '%%'   or ''=:prodcut_name) order by t.create_time desc limit 0,10[ Array
(
    [:catid] => 0
    [:prodcut_name] => 
)
 ] [ RunTime:0.000000s ]
SQL: select count(*) from(SELECT p.*,c.cat_name as category_name FROM gogojp_productinfo as p left join gogojp_productcategory as c on p.catid=c.catid) as t where (t.catid=1 or 0=:catid) and (t.product_name like  '%%'   or t.product_name=:prodcut_name) order by t.create_time desc [ Array
(
    [:catid] => 0
    [:prodcut_name] => 
)
 ] [ RunTime:0.000000s ]

[ 2014-05-06T11:49:23+08:00 ] 127.0.0.1 /GoGoJP/index.php?url=home/Product/searchProductByCondition
INFO: [ app_init ] --START--
INFO: Run Behavior\BuildLiteBehavior [ RunTime:0.000000s ]
INFO: [ app_init ] --END-- [ RunTime:0.001000s ]
INFO: [ app_begin ] --START--
INFO: Run Behavior\ReadHtmlCacheBehavior [ RunTime:0.001000s ]
INFO: [ app_begin ] --END-- [ RunTime:0.001000s ]
NOTIC: [8] Undefined index: CONTENT_TYPE D:\Apache24\htdocs\GoGoJP\ThinkPHP\Library\Think\Controller.class.php 第 38 行.
NOTIC: [8192] mysql_connect(): The mysql extension is deprecated and will be removed in the future: use mysqli or PDO instead D:\Apache24\htdocs\GoGoJP\ThinkPHP\Library\Think\Db\Driver\Mysql.class.php 第 52 行.
SQL: SHOW COLUMNS FROM `gogojp_productinfo` [ RunTime:0.005000s ]
NOTIC: [8] Undefined offset: 1 D:\Apache24\htdocs\GoGoJP\ThinkPHP\Library\Think\Db\Driver\Pdo.class.php 第 63 行.
NOTIC: [8] Undefined index: DB_DSN D:\Apache24\htdocs\GoGoJP\ThinkPHP\Library\Think\Db\Driver\Pdo.class.php 第 68 行.
SQL: select * from(SELECT p.*,c.cat_name as category_name FROM gogojp_productinfo as p left join gogojp_productcategory as c on p.catid=c.catid) as t where (t.catid=:catid or 0=:catid) and (t.product_name like  '%%'   or ''=:prodcut_name) order by t.create_time desc limit 0,10[ Array
(
    [:catid] => 0
    [:prodcut_name] => 
)
 ] [ RunTime:0.001000s ]
SQL: select count(*) from(SELECT p.*,c.cat_name as category_name FROM gogojp_productinfo as p left join gogojp_productcategory as c on p.catid=c.catid) as t where (t.catid=1 or 0=:catid) and (t.product_name like  '%%'   or t.product_name=:prodcut_name) order by t.create_time desc [ Array
(
    [:catid] => 0
    [:prodcut_name] => 
)
 ] [ RunTime:0.001000s ]

[ 2014-05-06T11:56:38+08:00 ] 127.0.0.1 /GoGoJP/index.php?url=home/Product/searchProductByCondition
INFO: [ app_init ] --START--
INFO: Run Behavior\BuildLiteBehavior [ RunTime:0.000000s ]
INFO: [ app_init ] --END-- [ RunTime:0.001000s ]
INFO: [ app_begin ] --START--
INFO: Run Behavior\ReadHtmlCacheBehavior [ RunTime:0.001000s ]
INFO: [ app_begin ] --END-- [ RunTime:0.001000s ]
NOTIC: [8] Undefined index: CONTENT_TYPE D:\Apache24\htdocs\GoGoJP\ThinkPHP\Library\Think\Controller.class.php 第 38 行.
NOTIC: [8192] mysql_connect(): The mysql extension is deprecated and will be removed in the future: use mysqli or PDO instead D:\Apache24\htdocs\GoGoJP\ThinkPHP\Library\Think\Db\Driver\Mysql.class.php 第 52 行.
SQL: SHOW COLUMNS FROM `gogojp_productinfo` [ RunTime:0.003001s ]
NOTIC: [8] Undefined offset: 1 D:\Apache24\htdocs\GoGoJP\ThinkPHP\Library\Think\Db\Driver\Pdo.class.php 第 63 行.
NOTIC: [8] Undefined index: DB_DSN D:\Apache24\htdocs\GoGoJP\ThinkPHP\Library\Think\Db\Driver\Pdo.class.php 第 68 行.
SQL: select * from(SELECT p.*,c.cat_name as category_name FROM gogojp_productinfo as p left join gogojp_productcategory as c on p.catid=c.catid) as t where (t.catid=:catid or 0=:catid) and (t.product_name like  '%%'   or ''=:prodcut_name) order by t.create_time desc limit 0,10[ Array
(
    [:catid] => 0
    [:prodcut_name] => 
)
 ] [ RunTime:0.001000s ]
SQL: select count(*) from(SELECT p.*,c.cat_name as category_name FROM gogojp_productinfo as p left join gogojp_productcategory as c on p.catid=c.catid) as t where (t.catid=1 or 0=:catid) and (t.product_name like  '%%'   or t.product_name=:prodcut_name) order by t.create_time desc [ Array
(
    [:catid] => 0
    [:prodcut_name] => 
)
 ] [ RunTime:0.000000s ]

[ 2014-05-06T12:01:19+08:00 ] 127.0.0.1 /GoGoJP/index.php?url=home/Product/searchProductByCondition
INFO: [ app_init ] --START--
INFO: Run Behavior\BuildLiteBehavior [ RunTime:0.000000s ]
INFO: [ app_init ] --END-- [ RunTime:0.001000s ]
INFO: [ app_begin ] --START--
INFO: Run Behavior\ReadHtmlCacheBehavior [ RunTime:0.000000s ]
INFO: [ app_begin ] --END-- [ RunTime:0.000000s ]
NOTIC: [8] Undefined index: CONTENT_TYPE D:\Apache24\htdocs\GoGoJP\ThinkPHP\Library\Think\Controller.class.php 第 38 行.
NOTIC: [8192] mysql_connect(): The mysql extension is deprecated and will be removed in the future: use mysqli or PDO instead D:\Apache24\htdocs\GoGoJP\ThinkPHP\Library\Think\Db\Driver\Mysql.class.php 第 52 行.
SQL: SHOW COLUMNS FROM `gogojp_productinfo` [ RunTime:0.005000s ]
NOTIC: [8] Undefined offset: 1 D:\Apache24\htdocs\GoGoJP\ThinkPHP\Library\Think\Db\Driver\Pdo.class.php 第 63 行.
NOTIC: [8] Undefined index: DB_DSN D:\Apache24\htdocs\GoGoJP\ThinkPHP\Library\Think\Db\Driver\Pdo.class.php 第 68 行.
SQL: select * from(SELECT p.*,c.cat_name as category_name FROM gogojp_productinfo as p left join gogojp_productcategory as c on p.catid=c.catid) as t where (t.catid=:catid or 0=:catid) and (t.product_name like  '%%'   or ''=:prodcut_name) order by t.create_time desc limit 0,10[ Array
(
    [:catid] => 0
    [:prodcut_name] => 
)
 ] [ RunTime:0.001000s ]
SQL: select count(*) from(SELECT p.*,c.cat_name as category_name FROM gogojp_productinfo as p left join gogojp_productcategory as c on p.catid=c.catid) as t where (t.catid=1 or 0=:catid) and (t.product_name like  '%%'   or t.product_name=:prodcut_name) order by t.create_time desc [ Array
(
    [:catid] => 0
    [:prodcut_name] => 
)
 ] [ RunTime:0.000000s ]

[ 2014-05-06T12:05:28+08:00 ] 127.0.0.1 /GoGoJP/index.php
INFO: [ app_init ] --START--
INFO: Run Behavior\BuildLiteBehavior [ RunTime:0.000000s ]
INFO: [ app_init ] --END-- [ RunTime:0.000000s ]
INFO: [ app_begin ] --START--
INFO: Run Behavior\ReadHtmlCacheBehavior [ RunTime:0.000000s ]
INFO: [ app_begin ] --END-- [ RunTime:0.000000s ]
NOTIC: [8] Undefined index: CONTENT_TYPE D:\Apache24\htdocs\GoGoJP\ThinkPHP\Library\Think\Controller.class.php 第 38 行.
INFO: [ view_parse ] --START--
INFO: Run Behavior\ParseTemplateBehavior [ RunTime:0.001000s ]
INFO: [ view_parse ] --END-- [ RunTime:0.001000s ]
INFO: [ view_filter ] --START--
INFO: Run Behavior\WriteHtmlCacheBehavior [ RunTime:0.000000s ]
INFO: [ view_filter ] --END-- [ RunTime:0.000000s ]
INFO: [ app_end ] --START--
INFO: Run Behavior\ShowPageTraceBehavior [ RunTime:0.001000s ]
INFO: [ app_end ] --END-- [ RunTime:0.001000s ]

[ 2014-05-06T12:06:07+08:00 ] 127.0.0.1 /GoGoJP/index.php?url=home/Product/searchProductByCondition
INFO: [ app_init ] --START--
INFO: Run Behavior\BuildLiteBehavior [ RunTime:0.000000s ]
INFO: [ app_init ] --END-- [ RunTime:0.001000s ]
INFO: [ app_begin ] --START--
INFO: Run Behavior\ReadHtmlCacheBehavior [ RunTime:0.000000s ]
INFO: [ app_begin ] --END-- [ RunTime:0.001000s ]
NOTIC: [8] Undefined index: CONTENT_TYPE D:\Apache24\htdocs\GoGoJP\ThinkPHP\Library\Think\Controller.class.php 第 38 行.
NOTIC: [8192] mysql_connect(): The mysql extension is deprecated and will be removed in the future: use mysqli or PDO instead D:\Apache24\htdocs\GoGoJP\ThinkPHP\Library\Think\Db\Driver\Mysql.class.php 第 52 行.
SQL: SHOW COLUMNS FROM `gogojp_productinfo` [ RunTime:0.004000s ]
NOTIC: [8] Undefined offset: 1 D:\Apache24\htdocs\GoGoJP\ThinkPHP\Library\Think\Db\Driver\Pdo.class.php 第 63 行.
NOTIC: [8] Undefined index: DB_DSN D:\Apache24\htdocs\GoGoJP\ThinkPHP\Library\Think\Db\Driver\Pdo.class.php 第 68 行.
SQL: select * from(SELECT p.*,c.cat_name as category_name FROM gogojp_productinfo as p left join gogojp_productcategory as c on p.catid=c.catid) as t where (t.catid=:catid or 0=:catid) and (t.product_name like  '%%'   or ''=:prodcut_name) order by t.create_time desc limit 0,10[ Array
(
    [:catid] => 0
    [:prodcut_name] => 
)
 ] [ RunTime:0.001000s ]
SQL: select count(*) from(SELECT p.*,c.cat_name as category_name FROM gogojp_productinfo as p left join gogojp_productcategory as c on p.catid=c.catid) as t where (t.catid=1 or 0=:catid) and (t.product_name like  '%%'   or t.product_name=:prodcut_name) order by t.create_time desc [ Array
(
    [:catid] => 0
    [:prodcut_name] => 
)
 ] [ RunTime:0.000000s ]

[ 2014-05-06T12:06:16+08:00 ] 127.0.0.1 /GoGoJP/index.php?url=home/Product/searchProductByCondition
INFO: [ app_init ] --START--
INFO: Run Behavior\BuildLiteBehavior [ RunTime:0.000000s ]
INFO: [ app_init ] --END-- [ RunTime:0.000000s ]
INFO: [ app_begin ] --START--
INFO: Run Behavior\ReadHtmlCacheBehavior [ RunTime:0.000000s ]
INFO: [ app_begin ] --END-- [ RunTime:0.000000s ]
NOTIC: [8] Undefined index: CONTENT_TYPE D:\Apache24\htdocs\GoGoJP\ThinkPHP\Library\Think\Controller.class.php 第 38 行.
NOTIC: [8192] mysql_connect(): The mysql extension is deprecated and will be removed in the future: use mysqli or PDO instead D:\Apache24\htdocs\GoGoJP\ThinkPHP\Library\Think\Db\Driver\Mysql.class.php 第 52 行.
SQL: SHOW COLUMNS FROM `gogojp_productinfo` [ RunTime:0.004001s ]
NOTIC: [8] Undefined offset: 1 D:\Apache24\htdocs\GoGoJP\ThinkPHP\Library\Think\Db\Driver\Pdo.class.php 第 63 行.
NOTIC: [8] Undefined index: DB_DSN D:\Apache24\htdocs\GoGoJP\ThinkPHP\Library\Think\Db\Driver\Pdo.class.php 第 68 行.
SQL: select * from(SELECT p.*,c.cat_name as category_name FROM gogojp_productinfo as p left join gogojp_productcategory as c on p.catid=c.catid) as t where (t.catid=:catid or 0=:catid) and (t.product_name like  '%%'   or ''=:prodcut_name) order by t.create_time desc limit 0,10[ Array
(
    [:catid] => 0
    [:prodcut_name] => 
)
 ] [ RunTime:0.001000s ]
SQL: select count(*) from(SELECT p.*,c.cat_name as category_name FROM gogojp_productinfo as p left join gogojp_productcategory as c on p.catid=c.catid) as t where (t.catid=1 or 0=:catid) and (t.product_name like  '%%'   or t.product_name=:prodcut_name) order by t.create_time desc [ Array
(
    [:catid] => 0
    [:prodcut_name] => 
)
 ] [ RunTime:0.000000s ]

[ 2014-05-06T12:06:31+08:00 ] 127.0.0.1 /GoGoJP/index.php?url=home/Product/searchProductByCondition
INFO: [ app_init ] --START--
INFO: Run Behavior\BuildLiteBehavior [ RunTime:0.000000s ]
INFO: [ app_init ] --END-- [ RunTime:0.000000s ]
INFO: [ app_begin ] --START--
INFO: Run Behavior\ReadHtmlCacheBehavior [ RunTime:0.001000s ]
INFO: [ app_begin ] --END-- [ RunTime:0.001000s ]
NOTIC: [8] Undefined index: CONTENT_TYPE D:\Apache24\htdocs\GoGoJP\ThinkPHP\Library\Think\Controller.class.php 第 38 行.
NOTIC: [8192] mysql_connect(): The mysql extension is deprecated and will be removed in the future: use mysqli or PDO instead D:\Apache24\htdocs\GoGoJP\ThinkPHP\Library\Think\Db\Driver\Mysql.class.php 第 52 行.
SQL: SHOW COLUMNS FROM `gogojp_productinfo` [ RunTime:0.003000s ]
NOTIC: [8] Undefined offset: 1 D:\Apache24\htdocs\GoGoJP\ThinkPHP\Library\Think\Db\Driver\Pdo.class.php 第 63 行.
NOTIC: [8] Undefined index: DB_DSN D:\Apache24\htdocs\GoGoJP\ThinkPHP\Library\Think\Db\Driver\Pdo.class.php 第 68 行.
SQL: select * from(SELECT p.*,c.cat_name as category_name FROM gogojp_productinfo as p left join gogojp_productcategory as c on p.catid=c.catid) as t where (t.catid=:catid or 0=:catid) and (t.product_name like  '%%'   or ''=:prodcut_name) order by t.create_time desc limit 0,10[ Array
(
    [:catid] => 0
    [:prodcut_name] => 
)
 ] [ RunTime:0.000000s ]
SQL: select count(*) from(SELECT p.*,c.cat_name as category_name FROM gogojp_productinfo as p left join gogojp_productcategory as c on p.catid=c.catid) as t where (t.catid=1 or 0=:catid) and (t.product_name like  '%%'   or t.product_name=:prodcut_name) order by t.create_time desc [ Array
(
    [:catid] => 0
    [:prodcut_name] => 
)
 ] [ RunTime:0.001000s ]

[ 2014-05-06T12:07:14+08:00 ] 127.0.0.1 /GoGoJP/index.php?url=home/Product/searchProductByCondition
INFO: [ app_init ] --START--
INFO: Run Behavior\BuildLiteBehavior [ RunTime:0.000000s ]
INFO: [ app_init ] --END-- [ RunTime:0.000000s ]
INFO: [ app_begin ] --START--
INFO: Run Behavior\ReadHtmlCacheBehavior [ RunTime:0.001000s ]
INFO: [ app_begin ] --END-- [ RunTime:0.001000s ]
NOTIC: [8] Undefined index: CONTENT_TYPE D:\Apache24\htdocs\GoGoJP\ThinkPHP\Library\Think\Controller.class.php 第 38 行.
NOTIC: [8192] mysql_connect(): The mysql extension is deprecated and will be removed in the future: use mysqli or PDO instead D:\Apache24\htdocs\GoGoJP\ThinkPHP\Library\Think\Db\Driver\Mysql.class.php 第 52 行.
SQL: SHOW COLUMNS FROM `gogojp_productinfo` [ RunTime:0.004001s ]
NOTIC: [8] Undefined offset: 1 D:\Apache24\htdocs\GoGoJP\ThinkPHP\Library\Think\Db\Driver\Pdo.class.php 第 63 行.
NOTIC: [8] Undefined index: DB_DSN D:\Apache24\htdocs\GoGoJP\ThinkPHP\Library\Think\Db\Driver\Pdo.class.php 第 68 行.
SQL: select * from(SELECT p.*,c.cat_name as category_name FROM gogojp_productinfo as p left join gogojp_productcategory as c on p.catid=c.catid) as t where (t.catid=:catid or 0=:catid) and (t.product_name like  '%%'   or ''=:prodcut_name) order by t.create_time desc limit 0,10[ Array
(
    [:catid] => 0
    [:prodcut_name] => 
)
 ] [ RunTime:0.001001s ]
SQL: select count(*) from(SELECT p.*,c.cat_name as category_name FROM gogojp_productinfo as p left join gogojp_productcategory as c on p.catid=c.catid) as t where (t.catid=1 or 0=:catid) and (t.product_name like  '%%'   or t.product_name=:prodcut_name) order by t.create_time desc [ Array
(
    [:catid] => 0
    [:prodcut_name] => 
)
 ] [ RunTime:0.001000s ]

[ 2014-05-06T12:07:37+08:00 ] 127.0.0.1 /GoGoJP/index.php?url=home/Product/searchProductByCondition
INFO: [ app_init ] --START--
INFO: Run Behavior\BuildLiteBehavior [ RunTime:0.000000s ]
INFO: [ app_init ] --END-- [ RunTime:0.000000s ]
INFO: [ app_begin ] --START--
INFO: Run Behavior\ReadHtmlCacheBehavior [ RunTime:0.001000s ]
INFO: [ app_begin ] --END-- [ RunTime:0.001000s ]
NOTIC: [8] Undefined index: CONTENT_TYPE D:\Apache24\htdocs\GoGoJP\ThinkPHP\Library\Think\Controller.class.php 第 38 行.
NOTIC: [8192] mysql_connect(): The mysql extension is deprecated and will be removed in the future: use mysqli or PDO instead D:\Apache24\htdocs\GoGoJP\ThinkPHP\Library\Think\Db\Driver\Mysql.class.php 第 52 行.
SQL: SHOW COLUMNS FROM `gogojp_productinfo` [ RunTime:0.003001s ]
NOTIC: [8] Undefined offset: 1 D:\Apache24\htdocs\GoGoJP\ThinkPHP\Library\Think\Db\Driver\Pdo.class.php 第 63 行.
NOTIC: [8] Undefined index: DB_DSN D:\Apache24\htdocs\GoGoJP\ThinkPHP\Library\Think\Db\Driver\Pdo.class.php 第 68 行.
SQL: select * from(SELECT p.*,c.cat_name as category_name FROM gogojp_productinfo as p left join gogojp_productcategory as c on p.catid=c.catid) as t where (t.catid=:catid or 0=:catid) and (t.product_name like  '%%'   or ''=:prodcut_name) order by t.create_time desc limit 0,10[ Array
(
    [:catid] => 0
    [:prodcut_name] => 
)
 ] [ RunTime:0.001000s ]
SQL: select count(*) from(SELECT p.*,c.cat_name as category_name FROM gogojp_productinfo as p left join gogojp_productcategory as c on p.catid=c.catid) as t where (t.catid=1 or 0=:catid) and (t.product_name like  '%%'   or t.product_name=:prodcut_name) order by t.create_time desc [ Array
(
    [:catid] => 0
    [:prodcut_name] => 
)
 ] [ RunTime:0.000000s ]

